STDOUT:
Configurations:

general:
  device: cpu
  seed: 100
  conv_mode: patches
  deterministic: false
  double_fp: false
  loss_reduction_func: sum
  sparse_alpha: true
  sparse_interm: true
  save_adv_example: false
  verify_onnxruntime_output: false
  eval_adv_example: false
  onnx_adv_example: false
  show_adv_example: false
  precompile_jit: false
  reset_seed_after_precompile: false
  prepare_only: false
  complete_verifier: bab
  enable_incomplete_verification: true
  csv_name: null
  results_file: out.txt
  root_path: ''
  deterministic_opt: false
  graph_optimizer: 'Customized("custom_graph_optimizer", "default_optimizer")'
  buffer_has_batchdim: false
  save_output: false
  output_file: out.pkl
  return_optimized_model: false
  store_all_specs_on_cpu: false
  adhoc_tuning: null
model:
  name: mnist_cnn_crown
  path: models/my_models/simple_training/mnist_cnn_crown.pth
  onnx_path: null
  onnx_path_prefix: ''
  cache_onnx_conversion: false
  debug_onnx: false
  onnx_quirks: null
  input_shape: null
  onnx_loader: default_onnx_and_vnnlib_loader
  onnx_optimization_flags: []
  onnx_vnnlib_joint_optimization_flags: none
  check_optimized: false
  flatten_final_output: false
  optimize_graph: null
  with_jacobian: false
  bound_opts: null
data:
  start: 0
  end: 5
  select_instance: null
  num_outputs: 10
  mean: [0.0]
  std: [1.0]
  pkl_path: null
  dataset: MNIST
  data_filter_path: null
  data_idx_file: null
specification:
  type: lp
  robustness_type: verified-acc
  norm: .inf
  epsilon: 0.01
  epsilon_min: 0.0
  vnnlib_path: null
  vnnlib_path_prefix: ''
  shrink_eps: null
  rhs_offset: null
solver:
  batch_size: 1024
  auto_enlarge_batch_size: true
  batched_crown_auto_enlarge_max_vram_ratio: 0.9
  min_batch_size_ratio: 0.1
  use_float64_in_last_iteration: false
  early_stop_patience: 10
  start_save_best: 0.5
  bound_prop_method: alpha-crown
  init_bound_prop_method: same
  prune_after_crown: true
  optimize_disjuncts_separately: false
  build_batch_size: 1000000
  skip_with_refined_bound: true
  forward_before_compute_bounds: false
  crown:
    batch_size: 1000000000
    max_crown_size: 1000000000
    activation_bound_option: adaptive
    compare_crown_with_ibp: false
  alpha-crown:
    alpha: true
    lr_alpha: 0.1
    iteration: 100
    share_alphas: false
    lr_decay: 0.98
    full_conv_alpha: true
    max_coeff_mul: .inf
    matmul_share_alphas: false
    disable_optimization: []
    max_time: 1.0
    alpha_dtype: float16
    input_split_alpha_iteration: 5
    input_split_lr_alpha: 0.05
  invprop:
    apply_output_constraints_to: []
    tighten_input_bounds: false
    best_of_oc_and_no_oc: false
    directly_optimize: []
    oc_lr: 0.1
    share_gammas: false
  beta-crown:
    lr_alpha: 0.01
    lr_beta: 0.05
    lr_decay: 0.98
    optimizer: adam
    iteration: 20
    beta: true
    beta_warmup: true
    enable_opt_interm_bounds: false
    all_node_split_LP: false
  forward:
    refine: false
    max_dim: 10000
    reset_threshold: 1.0
  mip:
    unstable_neuron_threshold: 0
    parallel_solvers: null
    solver_threads: 1
    refine_neuron_timeout: 15
    refine_neuron_time_percentage: 0.8
    early_stop: true
    adv_warmup: true
    mip_solver: gurobi
    skip_unsafe: false
    topk_filter: 1.0
    sliding_window: -1
    extra_constraint: false
    refine_neuron_timeout_increasement: 0
    timeout_neuron_percentage: 0.3
    remaining_timeout_threshold: 1
    remove_unstable_neurons: false
    formulation: mip
    output_cut: false
bab:
  max_domains: .inf
  decision_thresh: 0
  timeout: 120
  timeout_scale: 1
  max_iterations: -1
  override_timeout: null
  get_upper_bound: false
  pruning_in_iteration: true
  pruning_in_iteration_ratio: 0.2
  sort_targets: false
  batched_domain_list: true
  optimized_interm: ''
  interm_transfer: true
  recompute_interm: false
  sort_domain_interval: -1
  vanilla_crown: false
  tree_traversal: depth_first
  hugetensor_allocator: true
  cut:
    enabled: false
    cuts_path: null
    bab_cut: false
    lp_cut: false
    lr: 0.01
    lr_decay: 1.0
    iteration: 100
    bab_iteration: -1
    early_stop_patience: -1
    lr_beta: 0.02
    number_cuts: 50
    topk_cuts_in_filter: 1000
    batch_size_primal: 100
    max_num: 1000000000
    patches_cut: false
    cplex_cuts: false
    cplex_cuts_wait: 0
    cplex_cuts_revpickup: true
    cut_reference_bounds: true
    fix_intermediate_bounds: false
    manual_cuts: null
    biccos:
      enabled: false
      auto_param: true
      constraint_strengthening: true
      drop_ratio: 0.5
      max_infer_iter: 20
      max_domain: 10000.0
      heuristic: neuron_influence_score
      save_cuts: false
      multi_tree_branching:
        enabled: false
        restore_best_tree: true
        keep_n_best_domains: 50
        target_batch_size: 200
        iterations: 3
  clip_n_verify:
    rearrange_constraints: false
    alpha_crown: false
    prune: false
    final_layer: false
    clip_input_domain:
      enabled: false
      clip_type: relaxed
      clip_neuron_selection_type: ratio
      clip_neuron_selection_value: -1.0
      clip_iterations: 1
      clip_calculate_volume_metrics: false
    clip_interm_domain:
      enabled: false
      with_input: false
      clip_in_alpha_crown: false
      topk_objective: 20
  branching:
    method: kfsb
    candidates: 3
    reduceop: min
    enable_intermediate_bound_opt: false
    branching_input_and_activation: false
    branching_input_and_activation_order: [input, relu]
    branching_input_iterations: 30
    branching_relu_iterations: 50
    nonlinear_split:
      method: bbps
      disable: false
      branching_point_method: uniform
      num_branches: 2
      filter: false
      filter_beta: false
      filter_clamp: false
      filter_batch_size: 10000
      filter_iterations: 25
      relu_only: false
      loose_tanh_threshold: null
      branching_point:
        db_path: branching_points.pt
        num_iterations: 1000
        batch_size: 1000000
        range_l: -5.0
        range_u: 5.0
        log_interval: 100
        step_size_1d: 0.01
        step_size: 0.2
    input_split:
      split_hint: null
      enable: false
      reorder_bab: false
      input_dim_threshold: 20
      adv_check: 0
      split_partitions: 2
      sb_margin_weight: 1.0
      sb_sum: false
      sb_primary_spec: null
      bf_backup_thresh: -1
      bf_rhs_offset: 0
      bf_iters: 1000000000.0
      bf_batch_size: 100000
      bf_zero_crossing_score: false
      touch_zero_score: 0
      ibp_enhancement: true
      compare_with_old_bounds: true
      update_rhs_with_attack: false
      sb_coeff_thresh: 0.001
      sort_index: null
      sort_descending: true
      show_progress: false
      presplit_domains: null
      skip_getting_worst_domain: false
  attack:
    enabled: false
    beam_candidates: 8
    beam_depth: 7
    max_dive_fix_ratio: 0.8
    min_local_free_ratio: 0.2
    mip_start_iteration: 5
    mip_timeout: 30.0
    adv_pool_threshold: null
    refined_mip_attacker: false
    refined_batch_size: null
attack:
  general_attack: true
  pgd_order: before
  pgd_steps: 100
  pgd_restarts: 10
  pgd_batch_size: 100000000
  pgd_early_stop: true
  pgd_lr_decay: 0.99
  pgd_alpha: auto
  pgd_alpha_scale: false
  pgd_loss_mode: null
  pgd_restart_when_stuck: false
  enable_mip_attack: false
  adv_saver: default_adv_saver
  adv_verifier: default_adv_verifier
  early_stop_condition: default_early_stop_condition
  adv_example_finalizer: default_adv_example_finalizer
  pgd_loss: default_pgd_loss
  cex_path: ./test_cex.txt
  attack_mode: PGD
  attack_tolerance: 0.0
  attack_func: attack_with_general_specs
  gama_lambda: 10.0
  gama_decay: 0.9
  input_split:
    pgd_steps: 100
    pgd_restarts: 30
    pgd_alpha: auto
  input_split_check_adv:
    enabled: auto
    pgd_steps: 5
    pgd_restarts: 5
    pgd_alpha: auto
    max_num_domains: 10
debug:
  view_model: false
  lp_test: null
  rescale_vnnlib_ptb: null
  test_optimized_bounds: false
  test_optimized_bounds_after_n_iterations: 0
  print_verbose_decisions: false
  biccos_mip_sanity_check: false
  sanity_check: 0
  z_split_enabled: false
  save_minimal_config: null
  save_minimal_config_omit_keys: []

Experiments at Sat Jun 27 17:01:28 2026 on QHS
MNISTCNNCrown(
  (conv1): Conv2d(1, 8, kernel_size=(4, 4), stride=(2, 2), padding=(1, 1))
  (conv2): Conv2d(8, 16, kernel_size=(4, 4), stride=(2, 2), padding=(1, 1))
  (fc1): Linear(in_features=784, out_features=256, bias=True)
  (fc2): Linear(in_features=256, out_features=10, bias=True)
)
Parameters:
  conv1.weight: shape torch.Size([8, 1, 4, 4])
  conv1.bias: shape torch.Size([8])
  conv2.weight: shape torch.Size([16, 8, 4, 4])
  conv2.bias: shape torch.Size([16])
  fc1.weight: shape torch.Size([256, 784])
  fc1.bias: shape torch.Size([256])
  fc2.weight: shape torch.Size([10, 256])
  fc2.bias: shape torch.Size([10])
Trying generic MNIST/CIFAR data loader.
Internal results will be saved to out.txt.

 %%%%%%%%%%%%%%%%%%%%%%%%%%%%%%%%%%% idx: 0, vnnlib ID: 0 %%%%%%%%%%%%%%%%%%%%%%%%%%%%%%%%%%%
Finished vnnlib processing in 0.001447 seconds
Attack parameters: initialization=uniform, steps=100, restarts=10, alpha=0.0025000013411045074, GAMA=False
PGD attack margin (first 2 examples and 10 specs):
 tensor([[ 7.93674994, 13.14742661,  9.03096962,  4.53444529,  5.14308119,
          7.41787195, 13.64128876,  6.06814957,  3.19523692]])
Total number of violation:  0
Processing batch 1/1...
PGD attack margin (first 2 examples and 10 specs):
 tensor([[ 7.92191458, 13.13746262,  9.02744293,  4.52439499,  5.14267731,
          7.40783882, 13.63526726,  6.06476116,  3.19481897]])
Total number of violation:  0
Attack finished in 0.4421 seconds.
PGD attack failed
verified_status unknown
verified_success False
Model: BoundedModule(
  (/input-1): BoundInput(name=/input-1, inputs=[], perturbed=True)
  (/1): BoundParams(name=/1, inputs=[], perturbed=False)
  (/2): BoundParams(name=/2, inputs=[], perturbed=False)
  (/3): BoundParams(name=/3, inputs=[], perturbed=False)
  (/4): BoundParams(name=/4, inputs=[], perturbed=False)
  (/5): BoundParams(name=/5, inputs=[], perturbed=False)
  (/6): BoundParams(name=/6, inputs=[], perturbed=False)
  (/7): BoundParams(name=/7, inputs=[], perturbed=False)
  (/8): BoundParams(name=/8, inputs=[], perturbed=False)
  (/9): BoundConv(name=/9, inputs=[/input-1, /1, /2], perturbed=True)
  (/input): BoundRelu(name=/input, inputs=[/9], perturbed=True)
  (/11): BoundConv(name=/11, inputs=[/input, /3, /4], perturbed=True)
  (/12): BoundRelu(name=/12, inputs=[/11], perturbed=True)
  (/13): BoundShape(name=/13, inputs=[/12], perturbed=False)
  (/14): BoundConstant(name=/14, value=0)
  (/15): BoundGather(name=/15, inputs=[/13, /14], perturbed=False)
  (/16): BoundConstant(name=/16, value=-1)
  (/17): BoundConstant(name=/17, value=tensor([0]))
  (/18): BoundUnsqueeze(name=/18, inputs=[/15, /17], perturbed=False)
  (/19): BoundConstant(name=/19, value=tensor([0]))
  (/20): BoundUnsqueeze(name=/20, inputs=[/16, /19], perturbed=False)
  (/21): BoundConcat(name=/21, inputs=[/18, /20], perturbed=False)
  (/22): BoundReshape(name=/22, inputs=[/12, /21], perturbed=True)
  (/23): BoundLinear(name=/23, inputs=[/22, /5, /6], perturbed=True)
  (/24): BoundRelu(name=/24, inputs=[/23], perturbed=True)
  (/25): BoundLinear(name=/25, inputs=[/24, /7, /8], perturbed=True)
)
Original output in the first batch: tensor([[ -9.09023094, -14.31817055, -10.20168209,  -5.66752195,  -6.29176092,
          -8.59623909, -14.80348969,  -1.13239479,  -7.20424128,  -4.34136629]])
Split layers:
Nonlinear functions:
   BoundRelu(name=/input, inputs=[/9], perturbed=True)
   BoundRelu(name=/12, inputs=[/11], perturbed=True)
   BoundRelu(name=/24, inputs=[/23], perturbed=True)
build batch [1/1]
layer /input using sparse-features alpha with shape [1]; unstable size 1; total size 1568 ([1, 8, 14, 14])
layer /input start_node /11 using sparse-spec alpha [2, 3, 1, 1] with unstable size 2 total_size 784 output_shape (16, 7, 7)
layer /input start_node /23 using sparse-spec alpha [2, 2, 1, 1] with unstable size 1 total_size 256 output_shape torch.Size([256])
layer /input start_node /25 using full alpha [2, 9, 1, 1] with unstable size None total_size 9 output_shape 9
layer /12 using sparse-features alpha with shape [2]; unstable size 2; total size 784 ([1, 16, 7, 7])
layer /12 start_node /23 using sparse-spec alpha [2, 2, 1, 2] with unstable size 1 total_size 256 output_shape torch.Size([256])
layer /12 start_node /25 using full alpha [2, 9, 1, 2] with unstable size None total_size 9 output_shape 9
layer /24 using sparse-features alpha with shape [1]; unstable size 1; total size 256 ([1, 256])
layer /24 start_node /25 using full alpha [2, 9, 1, 1] with unstable size None total_size 9 output_shape 9
Optimizable variables initialized.
initial CROWN bounds (first 10 items): [7.921914577484131, 13.137460708618164, 9.027447700500488, 4.524389266967773, 5.142667770385742, 7.407832145690918, 13.633421897888184, 6.064760208129883, 3.1947970390319824]
Verified with initial CROWN!
verified with init bound!
Result: safe-incomplete in 0.5273 seconds

 %%%%%%%%%%%%%%%%%%%%%%%%%%%%%%%%%%% idx: 1, vnnlib ID: 1 %%%%%%%%%%%%%%%%%%%%%%%%%%%%%%%%%%%
Finished vnnlib processing in 0.000911 seconds
Attack parameters: initialization=uniform, steps=100, restarts=10, alpha=0.0025000013411045074, GAMA=False
PGD attack margin (first 2 examples and 10 specs):
 tensor([[ 3.31709170,  6.26708078,  2.57719064, 11.95965862,  4.19480753,
          3.61401391, 18.45384026,  5.52293396, 15.98082161]])
Total number of violation:  0
Processing batch 1/1...
PGD attack margin (first 2 examples and 10 specs):
 tensor([[ 3.26779938,  6.23623896,  2.52836847, 11.92654324,  4.14289188,
          3.54485369, 18.40584183,  5.47215033, 15.95134735]])
Total number of violation:  0
Attack finished in 0.4482 seconds.
PGD attack failed
verified_status unknown
verified_success False
Model: BoundedModule(
  (/input-1): BoundInput(name=/input-1, inputs=[], perturbed=True)
  (/1): BoundParams(name=/1, inputs=[], perturbed=False)
  (/2): BoundParams(name=/2, inputs=[], perturbed=False)
  (/3): BoundParams(name=/3, inputs=[], perturbed=False)
  (/4): BoundParams(name=/4, inputs=[], perturbed=False)
  (/5): BoundParams(name=/5, inputs=[], perturbed=False)
  (/6): BoundParams(name=/6, inputs=[], perturbed=False)
  (/7): BoundParams(name=/7, inputs=[], perturbed=False)
  (/8): BoundParams(name=/8, inputs=[], perturbed=False)
  (/9): BoundConv(name=/9, inputs=[/input-1, /1, /2], perturbed=True)
  (/input): BoundRelu(name=/input, inputs=[/9], perturbed=True)
  (/11): BoundConv(name=/11, inputs=[/input, /3, /4], perturbed=True)
  (/12): BoundRelu(name=/12, inputs=[/11], perturbed=True)
  (/13): BoundShape(name=/13, inputs=[/12], perturbed=False)
  (/14): BoundConstant(name=/14, value=0)
  (/15): BoundGather(name=/15, inputs=[/13, /14], perturbed=False)
  (/16): BoundConstant(name=/16, value=-1)
  (/17): BoundConstant(name=/17, value=tensor([0]))
  (/18): BoundUnsqueeze(name=/18, inputs=[/15, /17], perturbed=False)
  (/19): BoundConstant(name=/19, value=tensor([0]))
  (/20): BoundUnsqueeze(name=/20, inputs=[/16, /19], perturbed=False)
  (/21): BoundConcat(name=/21, inputs=[/18, /20], perturbed=False)
  (/22): BoundReshape(name=/22, inputs=[/12, /21], perturbed=True)
  (/23): BoundLinear(name=/23, inputs=[/22, /5, /6], perturbed=True)
  (/24): BoundRelu(name=/24, inputs=[/23], perturbed=True)
  (/25): BoundLinear(name=/25, inputs=[/24, /7, /8], perturbed=True)
)
Original output in the first batch: tensor([[ -3.70772457,  -6.63628912,  -0.36614233,  -2.93978739, -12.45301151,
          -4.58460188,  -4.00849962, -18.99158096,  -5.93933630, -16.53808212]])
Split layers:
Nonlinear functions:
   BoundRelu(name=/input, inputs=[/9], perturbed=True)
   BoundRelu(name=/12, inputs=[/11], perturbed=True)
   BoundRelu(name=/24, inputs=[/23], perturbed=True)
build batch [1/1]
layer /input using sparse-features alpha with shape [3]; unstable size 3; total size 1568 ([1, 8, 14, 14])
layer /input start_node /11 using sparse-spec alpha [2, 2, 1, 3] with unstable size 1 total_size 784 output_shape (16, 7, 7)
layer /input start_node /23 using sparse-spec alpha [2, 2, 1, 3] with unstable size 1 total_size 256 output_shape torch.Size([256])
layer /input start_node /25 using full alpha [2, 9, 1, 3] with unstable size None total_size 9 output_shape 9
layer /12 using sparse-features alpha with shape [1]; unstable size 1; total size 784 ([1, 16, 7, 7])
layer /12 start_node /23 using sparse-spec alpha [2, 2, 1, 1] with unstable size 1 total_size 256 output_shape torch.Size([256])
layer /12 start_node /25 using full alpha [2, 9, 1, 1] with unstable size None total_size 9 output_shape 9
layer /24 using sparse-features alpha with shape [1]; unstable size 1; total size 256 ([1, 256])
layer /24 start_node /25 using full alpha [2, 9, 1, 1] with unstable size None total_size 9 output_shape 9
Optimizable variables initialized.
initial CROWN bounds (first 10 items): [3.2563889026641846, 6.231497764587402, 2.5150680541992188, 11.913646697998047, 4.130916118621826, 3.5335841178894043, 18.392925262451172, 5.460628032684326, 15.938661575317383]
Verified with initial CROWN!
verified with init bound!
Result: safe-incomplete in 0.4987 seconds

 %%%%%%%%%%%%%%%%%%%%%%%%%%%%%%%%%%% idx: 2, vnnlib ID: 2 %%%%%%%%%%%%%%%%%%%%%%%%%%%%%%%%%%%
Finished vnnlib processing in 0.000924 seconds
Attack parameters: initialization=uniform, steps=100, restarts=10, alpha=0.0025000013411045074, GAMA=False
PGD attack margin (first 2 examples and 10 specs):
 tensor([[11.38809490,  5.58410454,  5.84193897,  4.54275322,  5.57864952,
          6.76749802,  6.43188000,  5.22288036,  6.42022038]])
Total number of violation:  0
Processing batch 1/1...
PGD attack margin (first 2 examples and 10 specs):
 tensor([[11.34216118,  5.56383610,  5.79818296,  4.53679276,  5.53909874,
          6.75718021,  6.42301559,  5.17399073,  6.40293264]])
Total number of violation:  0
Attack finished in 0.4569 seconds.
PGD attack failed
verified_status unknown
verified_success False
Model: BoundedModule(
  (/input-1): BoundInput(name=/input-1, inputs=[], perturbed=True)
  (/1): BoundParams(name=/1, inputs=[], perturbed=False)
  (/2): BoundParams(name=/2, inputs=[], perturbed=False)
  (/3): BoundParams(name=/3, inputs=[], perturbed=False)
  (/4): BoundParams(name=/4, inputs=[], perturbed=False)
  (/5): BoundParams(name=/5, inputs=[], perturbed=False)
  (/6): BoundParams(name=/6, inputs=[], perturbed=False)
  (/7): BoundParams(name=/7, inputs=[], perturbed=False)
  (/8): BoundParams(name=/8, inputs=[], perturbed=False)
  (/9): BoundConv(name=/9, inputs=[/input-1, /1, /2], perturbed=True)
  (/input): BoundRelu(name=/input, inputs=[/9], perturbed=True)
  (/11): BoundConv(name=/11, inputs=[/input, /3, /4], perturbed=True)
  (/12): BoundRelu(name=/12, inputs=[/11], perturbed=True)
  (/13): BoundShape(name=/13, inputs=[/12], perturbed=False)
  (/14): BoundConstant(name=/14, value=0)
  (/15): BoundGather(name=/15, inputs=[/13, /14], perturbed=False)
  (/16): BoundConstant(name=/16, value=-1)
  (/17): BoundConstant(name=/17, value=tensor([0]))
  (/18): BoundUnsqueeze(name=/18, inputs=[/15, /17], perturbed=False)
  (/19): BoundConstant(name=/19, value=tensor([0]))
  (/20): BoundUnsqueeze(name=/20, inputs=[/16, /19], perturbed=False)
  (/21): BoundConcat(name=/21, inputs=[/18, /20], perturbed=False)
  (/22): BoundReshape(name=/22, inputs=[/12, /21], perturbed=True)
  (/23): BoundLinear(name=/23, inputs=[/22, /5, /6], perturbed=True)
  (/24): BoundRelu(name=/24, inputs=[/23], perturbed=True)
  (/25): BoundLinear(name=/25, inputs=[/24, /7, /8], perturbed=True)
)
Original output in the first batch: tensor([[-14.18373299,  -2.75307560,  -8.35789299,  -8.59214020,  -7.34229183,
          -8.34231567,  -9.58716106,  -9.24025726,  -7.97456408,  -9.19170475]])
Split layers:
Nonlinear functions:
   BoundRelu(name=/input, inputs=[/9], perturbed=True)
   BoundRelu(name=/12, inputs=[/11], perturbed=True)
   BoundRelu(name=/24, inputs=[/23], perturbed=True)
build batch [1/1]
layer /input using sparse-features alpha with shape [0]; unstable size 0; total size 1568 ([1, 8, 14, 14])
layer /input start_node /11 using sparse-spec alpha [2, 3, 1, 0] with unstable size 2 total_size 784 output_shape (16, 7, 7)
layer /input start_node /23 using sparse-spec alpha [2, 2, 1, 0] with unstable size 1 total_size 256 output_shape torch.Size([256])
layer /input start_node /25 using full alpha [2, 9, 1, 0] with unstable size None total_size 9 output_shape 9
layer /12 using sparse-features alpha with shape [2]; unstable size 2; total size 784 ([1, 16, 7, 7])
layer /12 start_node /23 using sparse-spec alpha [2, 2, 1, 2] with unstable size 1 total_size 256 output_shape torch.Size([256])
layer /12 start_node /25 using full alpha [2, 9, 1, 2] with unstable size None total_size 9 output_shape 9
layer /24 using sparse-features alpha with shape [1]; unstable size 1; total size 256 ([1, 256])
layer /24 start_node /25 using full alpha [2, 9, 1, 1] with unstable size None total_size 9 output_shape 9
Optimizable variables initialized.
initial CROWN bounds (first 10 items): [11.342157363891602, 5.563833236694336, 5.798182964324951, 4.5367841720581055, 5.5391035079956055, 6.752979755401611, 6.4230146408081055, 5.173990249633789, 6.402928352355957]
Verified with initial CROWN!
verified with init bound!
Result: safe-incomplete in 0.5049 seconds

 %%%%%%%%%%%%%%%%%%%%%%%%%%%%%%%%%%% idx: 3, vnnlib ID: 3 %%%%%%%%%%%%%%%%%%%%%%%%%%%%%%%%%%%
Finished vnnlib processing in 0.000814 seconds
Attack parameters: initialization=uniform, steps=100, restarts=10, alpha=0.0025000013411045074, GAMA=False
PGD attack margin (first 2 examples and 10 specs):
 tensor([[13.17139816,  5.66334391,  5.03013849,  6.65148830,  4.82302904,
          5.74614763,  8.74245358,  3.72672439,  6.96140671]])
Total number of violation:  0
Processing batch 1/1...
PGD attack margin (first 2 examples and 10 specs):
 tensor([[13.14234638,  5.65231848,  5.01690006,  6.64269972,  4.81515646,
          5.73508310,  8.72935581,  3.72071362,  6.95421505]])
Total number of violation:  0
Attack finished in 0.4602 seconds.
PGD attack failed
verified_status unknown
verified_success False
Model: BoundedModule(
  (/input-1): BoundInput(name=/input-1, inputs=[], perturbed=True)
  (/1): BoundParams(name=/1, inputs=[], perturbed=False)
  (/2): BoundParams(name=/2, inputs=[], perturbed=False)
  (/3): BoundParams(name=/3, inputs=[], perturbed=False)
  (/4): BoundParams(name=/4, inputs=[], perturbed=False)
  (/5): BoundParams(name=/5, inputs=[], perturbed=False)
  (/6): BoundParams(name=/6, inputs=[], perturbed=False)
  (/7): BoundParams(name=/7, inputs=[], perturbed=False)
  (/8): BoundParams(name=/8, inputs=[], perturbed=False)
  (/9): BoundConv(name=/9, inputs=[/input-1, /1, /2], perturbed=True)
  (/input): BoundRelu(name=/input, inputs=[/9], perturbed=True)
  (/11): BoundConv(name=/11, inputs=[/input, /3, /4], perturbed=True)
  (/12): BoundRelu(name=/12, inputs=[/11], perturbed=True)
  (/13): BoundShape(name=/13, inputs=[/12], perturbed=False)
  (/14): BoundConstant(name=/14, value=0)
  (/15): BoundGather(name=/15, inputs=[/13, /14], perturbed=False)
  (/16): BoundConstant(name=/16, value=-1)
  (/17): BoundConstant(name=/17, value=tensor([0]))
  (/18): BoundUnsqueeze(name=/18, inputs=[/15, /17], perturbed=False)
  (/19): BoundConstant(name=/19, value=tensor([0]))
  (/20): BoundUnsqueeze(name=/20, inputs=[/16, /19], perturbed=False)
  (/21): BoundConcat(name=/21, inputs=[/18, /20], perturbed=False)
  (/22): BoundReshape(name=/22, inputs=[/12, /21], perturbed=True)
  (/23): BoundLinear(name=/23, inputs=[/22, /5, /6], perturbed=True)
  (/24): BoundRelu(name=/24, inputs=[/23], perturbed=True)
  (/25): BoundLinear(name=/25, inputs=[/24, /7, /8], perturbed=True)
)
Original output in the first batch: tensor([[ -0.90005827, -14.12436581,  -6.56336832,  -5.92957783,  -7.57445049,
          -5.72801542,  -6.66534281,  -9.69084072,  -4.62622499,  -7.90018082]])
Split layers:
Nonlinear functions:
   BoundRelu(name=/input, inputs=[/9], perturbed=True)
   BoundRelu(name=/12, inputs=[/11], perturbed=True)
   BoundRelu(name=/24, inputs=[/23], perturbed=True)
build batch [1/1]
layer /input using sparse-features alpha with shape [2]; unstable size 2; total size 1568 ([1, 8, 14, 14])
layer /input start_node /11 using sparse-spec alpha [2, 2, 1, 2] with unstable size 1 total_size 784 output_shape (16, 7, 7)
layer /input start_node /23 using sparse-spec alpha [2, 1, 1, 2] with unstable size 0 total_size 256 output_shape torch.Size([256])
layer /input start_node /25 using full alpha [2, 9, 1, 2] with unstable size None total_size 9 output_shape 9
layer /12 using sparse-features alpha with shape [1]; unstable size 1; total size 784 ([1, 16, 7, 7])
layer /12 start_node /23 using sparse-spec alpha [2, 1, 1, 1] with unstable size 0 total_size 256 output_shape torch.Size([256])
layer /12 start_node /25 using full alpha [2, 9, 1, 1] with unstable size None total_size 9 output_shape 9
layer /24 using sparse-features alpha with shape [0]; unstable size 0; total size 256 ([1, 256])
layer /24 start_node /25 using full alpha [2, 9, 1, 0] with unstable size None total_size 9 output_shape 9
Optimizable variables initialized.
initial CROWN bounds (first 10 items): [13.142355918884277, 5.652317523956299, 5.016899108886719, 6.642384052276611, 4.814896106719971, 5.735085487365723, 8.729354858398438, 3.720710277557373, 6.9542155265808105]
Verified with initial CROWN!
verified with init bound!
Result: safe-incomplete in 0.5086 seconds

 %%%%%%%%%%%%%%%%%%%%%%%%%%%%%%%%%%% idx: 4, vnnlib ID: 4 %%%%%%%%%%%%%%%%%%%%%%%%%%%%%%%%%%%
Finished vnnlib processing in 0.000858 seconds
Attack parameters: initialization=uniform, steps=100, restarts=10, alpha=0.0025000013411045074, GAMA=False
PGD attack margin (first 2 examples and 10 specs):
 tensor([[ 4.52251911, 10.61278439,  4.77741051,  6.02910709,  6.08862591,
          5.94344139,  2.17014718,  4.50931168,  0.94366431]])
Total number of violation:  0
Processing batch 1/1...
PGD attack margin (first 2 examples and 10 specs):
 tensor([[ 4.51690865, 10.58251286,  4.75780678,  6.02362633,  6.08352089,
          5.92693233,  2.16295195,  4.49324894,  0.94243741]])
Total number of violation:  0
Attack finished in 0.4316 seconds.
PGD attack failed
verified_status unknown
verified_success False
Model: BoundedModule(
  (/input-1): BoundInput(name=/input-1, inputs=[], perturbed=True)
  (/1): BoundParams(name=/1, inputs=[], perturbed=False)
  (/2): BoundParams(name=/2, inputs=[], perturbed=False)
  (/3): BoundParams(name=/3, inputs=[], perturbed=False)
  (/4): BoundParams(name=/4, inputs=[], perturbed=False)
  (/5): BoundParams(name=/5, inputs=[], perturbed=False)
  (/6): BoundParams(name=/6, inputs=[], perturbed=False)
  (/7): BoundParams(name=/7, inputs=[], perturbed=False)
  (/8): BoundParams(name=/8, inputs=[], perturbed=False)
  (/9): BoundConv(name=/9, inputs=[/input-1, /1, /2], perturbed=True)
  (/input): BoundRelu(name=/input, inputs=[/9], perturbed=True)
  (/11): BoundConv(name=/11, inputs=[/input, /3, /4], perturbed=True)
  (/12): BoundRelu(name=/12, inputs=[/11], perturbed=True)
  (/13): BoundShape(name=/13, inputs=[/12], perturbed=False)
  (/14): BoundConstant(name=/14, value=0)
  (/15): BoundGather(name=/15, inputs=[/13, /14], perturbed=False)
  (/16): BoundConstant(name=/16, value=-1)
  (/17): BoundConstant(name=/17, value=tensor([0]))
  (/18): BoundUnsqueeze(name=/18, inputs=[/15, /17], perturbed=False)
  (/19): BoundConstant(name=/19, value=tensor([0]))
  (/20): BoundUnsqueeze(name=/20, inputs=[/16, /19], perturbed=False)
  (/21): BoundConcat(name=/21, inputs=[/18, /20], perturbed=False)
  (/22): BoundReshape(name=/22, inputs=[/12, /21], perturbed=True)
  (/23): BoundLinear(name=/23, inputs=[/22, /5, /6], perturbed=True)
  (/24): BoundRelu(name=/24, inputs=[/23], perturbed=True)
  (/25): BoundLinear(name=/25, inputs=[/24, /7, /8], perturbed=True)
)
Original output in the first batch: tensor([[ -7.14532089, -13.23392773,  -7.36169577,  -8.62773609,  -2.55689287,
          -8.69243050,  -8.55215549,  -4.74861670,  -7.08916044,  -3.50511241]])
Split layers:
Nonlinear functions:
   BoundRelu(name=/input, inputs=[/9], perturbed=True)
   BoundRelu(name=/12, inputs=[/11], perturbed=True)
   BoundRelu(name=/24, inputs=[/23], perturbed=True)
build batch [1/1]
layer /input using sparse-features alpha with shape [0]; unstable size 0; total size 1568 ([1, 8, 14, 14])
layer /input start_node /11 using sparse-spec alpha [2, 5, 1, 0] with unstable size 4 total_size 784 output_shape (16, 7, 7)
layer /input start_node /23 using sparse-spec alpha [2, 3, 1, 0] with unstable size 2 total_size 256 output_shape torch.Size([256])
layer /input start_node /25 using full alpha [2, 9, 1, 0] with unstable size None total_size 9 output_shape 9
layer /12 using sparse-features alpha with shape [4]; unstable size 4; total size 784 ([1, 16, 7, 7])
layer /12 start_node /23 using sparse-spec alpha [2, 3, 1, 4] with unstable size 2 total_size 256 output_shape torch.Size([256])
layer /12 start_node /25 using full alpha [2, 9, 1, 4] with unstable size None total_size 9 output_shape 9
layer /24 using sparse-features alpha with shape [2]; unstable size 2; total size 256 ([1, 256])
layer /24 start_node /25 using full alpha [2, 9, 1, 2] with unstable size None total_size 9 output_shape 9
Optimizable variables initialized.
initial CROWN bounds (first 10 items): [4.516902923583984, 10.58241081237793, 4.757800102233887, 6.023624420166016, 6.077455043792725, 5.926792144775391, 2.1629371643066406, 4.4932403564453125, 0.9423444271087646]
Verified with initial CROWN!
verified with init bound!
Result: safe-incomplete in 0.4830 seconds
############# Summary #############
Final verified acc: 100.0% (total 5 examples)
Problem instances count: 5 , total verified (safe/unsat): 5 , total falsified (unsafe/sat): 0 , timeout: 0
mean time for ALL instances (total 5):0.5044941349021111, max time: 0.52730393409729
mean time for verified SAFE instances(total 5): 0.5044951438903809, max time: 0.52730393409729
safe-incomplete (total 5), index: [0, 1, 2, 3, 4]

STDERR:
D:\ABCROWN\alpha-beta-CROWN\complete_verifier\specifications.py:342: UserWarning: Creating a tensor from a list of numpy.ndarrays is extremely slow. Please consider converting the list to a single numpy.ndarray with numpy.array() before converting to a tensor. (Triggered internally at C:\actions-runner\_work\pytorch\pytorch\pytorch\torch\csrc\utils\tensor_new.cpp:256.)
  x_range_list = torch.Tensor(x_range_list).to(dtype=dtype, device=device).view(input_shape + [2])

  0%|          | 0/100 [00:00<?, ?it/s]
 22%|██▏       | 22/100 [00:00<00:00, 215.81it/s]
 46%|████▌     | 46/100 [00:00<00:00, 227.17it/s]
 70%|███████   | 70/100 [00:00<00:00, 230.52it/s]
 94%|█████████▍| 94/100 [00:00<00:00, 231.94it/s]
100%|██████████| 100/100 [00:00<00:00, 230.47it/s]

  0%|          | 0/100 [00:00<?, ?it/s]
 17%|█▋        | 17/100 [00:00<00:00, 165.73it/s]
 42%|████▏     | 42/100 [00:00<00:00, 212.29it/s]
 67%|██████▋   | 67/100 [00:00<00:00, 227.40it/s]
 91%|█████████ | 91/100 [00:00<00:00, 231.82it/s]
100%|██████████| 100/100 [00:00<00:00, 225.55it/s]

  0%|          | 0/100 [00:00<?, ?it/s]
 18%|█▊        | 18/100 [00:00<00:00, 178.06it/s]
 42%|████▏     | 42/100 [00:00<00:00, 210.22it/s]
 66%|██████▌   | 66/100 [00:00<00:00, 220.48it/s]
 90%|█████████ | 90/100 [00:00<00:00, 225.78it/s]
100%|██████████| 100/100 [00:00<00:00, 221.22it/s]

  0%|          | 0/100 [00:00<?, ?it/s]
 16%|█▌        | 16/100 [00:00<00:00, 159.36it/s]
 40%|████      | 40/100 [00:00<00:00, 203.60it/s]
 64%|██████▍   | 64/100 [00:00<00:00, 219.11it/s]
 88%|████████▊ | 88/100 [00:00<00:00, 225.40it/s]
100%|██████████| 100/100 [00:00<00:00, 219.35it/s]

  0%|          | 0/100 [00:00<?, ?it/s]
 24%|██▍       | 24/100 [00:00<00:00, 238.55it/s]
 48%|████▊     | 48/100 [00:00<00:00, 236.79it/s]
 72%|███████▏  | 72/100 [00:00<00:00, 235.41it/s]
 96%|█████████▌| 96/100 [00:00<00:00, 232.45it/s]
100%|██████████| 100/100 [00:00<00:00, 234.20it/s]
