STDOUT:
Configurations:

general:
  device: cpu
  seed: 100
  conv_mode: patches
  deterministic: false
  double_fp: false
  loss_reduction_func: sum
  sparse_alpha: true
  sparse_interm: true
  save_adv_example: false
  verify_onnxruntime_output: false
  eval_adv_example: false
  onnx_adv_example: false
  show_adv_example: false
  precompile_jit: false
  reset_seed_after_precompile: false
  prepare_only: false
  complete_verifier: bab
  enable_incomplete_verification: true
  csv_name: null
  results_file: out.txt
  root_path: ''
  deterministic_opt: false
  graph_optimizer: 'Customized("custom_graph_optimizer", "default_optimizer")'
  buffer_has_batchdim: false
  save_output: false
  output_file: out.pkl
  return_optimized_model: false
  store_all_specs_on_cpu: false
  adhoc_tuning: null
model:
  name: mnist_cnn_crown
  path: models/my_models/simple_training/mnist_cnn_crown_ibp.pth
  onnx_path: null
  onnx_path_prefix: ''
  cache_onnx_conversion: false
  debug_onnx: false
  onnx_quirks: null
  input_shape: null
  onnx_loader: default_onnx_and_vnnlib_loader
  onnx_optimization_flags: []
  onnx_vnnlib_joint_optimization_flags: none
  check_optimized: false
  flatten_final_output: false
  optimize_graph: null
  with_jacobian: false
  bound_opts: null
data:
  start: 0
  end: 5
  select_instance: null
  num_outputs: 10
  mean: [0.0]
  std: [1.0]
  pkl_path: null
  dataset: MNIST
  data_filter_path: null
  data_idx_file: null
specification:
  type: lp
  robustness_type: verified-acc
  norm: .inf
  epsilon: 0.01
  epsilon_min: 0.0
  vnnlib_path: null
  vnnlib_path_prefix: ''
  shrink_eps: null
  rhs_offset: null
solver:
  batch_size: 1024
  auto_enlarge_batch_size: true
  batched_crown_auto_enlarge_max_vram_ratio: 0.9
  min_batch_size_ratio: 0.1
  use_float64_in_last_iteration: false
  early_stop_patience: 10
  start_save_best: 0.5
  bound_prop_method: alpha-crown
  init_bound_prop_method: same
  prune_after_crown: true
  optimize_disjuncts_separately: false
  build_batch_size: 1000000
  skip_with_refined_bound: true
  forward_before_compute_bounds: false
  crown:
    batch_size: 1000000000
    max_crown_size: 1000000000
    activation_bound_option: adaptive
    compare_crown_with_ibp: false
  alpha-crown:
    alpha: true
    lr_alpha: 0.1
    iteration: 100
    share_alphas: false
    lr_decay: 0.98
    full_conv_alpha: true
    max_coeff_mul: .inf
    matmul_share_alphas: false
    disable_optimization: []
    max_time: 1.0
    alpha_dtype: float16
    input_split_alpha_iteration: 5
    input_split_lr_alpha: 0.05
  invprop:
    apply_output_constraints_to: []
    tighten_input_bounds: false
    best_of_oc_and_no_oc: false
    directly_optimize: []
    oc_lr: 0.1
    share_gammas: false
  beta-crown:
    lr_alpha: 0.01
    lr_beta: 0.05
    lr_decay: 0.98
    optimizer: adam
    iteration: 20
    beta: true
    beta_warmup: true
    enable_opt_interm_bounds: false
    all_node_split_LP: false
  forward:
    refine: false
    max_dim: 10000
    reset_threshold: 1.0
  mip:
    unstable_neuron_threshold: 0
    parallel_solvers: null
    solver_threads: 1
    refine_neuron_timeout: 15
    refine_neuron_time_percentage: 0.8
    early_stop: true
    adv_warmup: true
    mip_solver: gurobi
    skip_unsafe: false
    topk_filter: 1.0
    sliding_window: -1
    extra_constraint: false
    refine_neuron_timeout_increasement: 0
    timeout_neuron_percentage: 0.3
    remaining_timeout_threshold: 1
    remove_unstable_neurons: false
    formulation: mip
    output_cut: false
bab:
  max_domains: .inf
  decision_thresh: 0
  timeout: 120
  timeout_scale: 1
  max_iterations: -1
  override_timeout: null
  get_upper_bound: false
  pruning_in_iteration: true
  pruning_in_iteration_ratio: 0.2
  sort_targets: false
  batched_domain_list: true
  optimized_interm: ''
  interm_transfer: true
  recompute_interm: false
  sort_domain_interval: -1
  vanilla_crown: false
  tree_traversal: depth_first
  hugetensor_allocator: true
  cut:
    enabled: false
    cuts_path: null
    bab_cut: false
    lp_cut: false
    lr: 0.01
    lr_decay: 1.0
    iteration: 100
    bab_iteration: -1
    early_stop_patience: -1
    lr_beta: 0.02
    number_cuts: 50
    topk_cuts_in_filter: 1000
    batch_size_primal: 100
    max_num: 1000000000
    patches_cut: false
    cplex_cuts: false
    cplex_cuts_wait: 0
    cplex_cuts_revpickup: true
    cut_reference_bounds: true
    fix_intermediate_bounds: false
    manual_cuts: null
    biccos:
      enabled: false
      auto_param: true
      constraint_strengthening: true
      drop_ratio: 0.5
      max_infer_iter: 20
      max_domain: 10000.0
      heuristic: neuron_influence_score
      save_cuts: false
      multi_tree_branching:
        enabled: false
        restore_best_tree: true
        keep_n_best_domains: 50
        target_batch_size: 200
        iterations: 3
  clip_n_verify:
    rearrange_constraints: false
    alpha_crown: false
    prune: false
    final_layer: false
    clip_input_domain:
      enabled: false
      clip_type: relaxed
      clip_neuron_selection_type: ratio
      clip_neuron_selection_value: -1.0
      clip_iterations: 1
      clip_calculate_volume_metrics: false
    clip_interm_domain:
      enabled: false
      with_input: false
      clip_in_alpha_crown: false
      topk_objective: 20
  branching:
    method: kfsb
    candidates: 3
    reduceop: min
    enable_intermediate_bound_opt: false
    branching_input_and_activation: false
    branching_input_and_activation_order: [input, relu]
    branching_input_iterations: 30
    branching_relu_iterations: 50
    nonlinear_split:
      method: bbps
      disable: false
      branching_point_method: uniform
      num_branches: 2
      filter: false
      filter_beta: false
      filter_clamp: false
      filter_batch_size: 10000
      filter_iterations: 25
      relu_only: false
      loose_tanh_threshold: null
      branching_point:
        db_path: branching_points.pt
        num_iterations: 1000
        batch_size: 1000000
        range_l: -5.0
        range_u: 5.0
        log_interval: 100
        step_size_1d: 0.01
        step_size: 0.2
    input_split:
      split_hint: null
      enable: false
      reorder_bab: false
      input_dim_threshold: 20
      adv_check: 0
      split_partitions: 2
      sb_margin_weight: 1.0
      sb_sum: false
      sb_primary_spec: null
      bf_backup_thresh: -1
      bf_rhs_offset: 0
      bf_iters: 1000000000.0
      bf_batch_size: 100000
      bf_zero_crossing_score: false
      touch_zero_score: 0
      ibp_enhancement: true
      compare_with_old_bounds: true
      update_rhs_with_attack: false
      sb_coeff_thresh: 0.001
      sort_index: null
      sort_descending: true
      show_progress: false
      presplit_domains: null
      skip_getting_worst_domain: false
  attack:
    enabled: false
    beam_candidates: 8
    beam_depth: 7
    max_dive_fix_ratio: 0.8
    min_local_free_ratio: 0.2
    mip_start_iteration: 5
    mip_timeout: 30.0
    adv_pool_threshold: null
    refined_mip_attacker: false
    refined_batch_size: null
attack:
  general_attack: true
  pgd_order: before
  pgd_steps: 100
  pgd_restarts: 10
  pgd_batch_size: 100000000
  pgd_early_stop: true
  pgd_lr_decay: 0.99
  pgd_alpha: auto
  pgd_alpha_scale: false
  pgd_loss_mode: null
  pgd_restart_when_stuck: false
  enable_mip_attack: false
  adv_saver: default_adv_saver
  adv_verifier: default_adv_verifier
  early_stop_condition: default_early_stop_condition
  adv_example_finalizer: default_adv_example_finalizer
  pgd_loss: default_pgd_loss
  cex_path: ./test_cex.txt
  attack_mode: PGD
  attack_tolerance: 0.0
  attack_func: attack_with_general_specs
  gama_lambda: 10.0
  gama_decay: 0.9
  input_split:
    pgd_steps: 100
    pgd_restarts: 30
    pgd_alpha: auto
  input_split_check_adv:
    enabled: auto
    pgd_steps: 5
    pgd_restarts: 5
    pgd_alpha: auto
    max_num_domains: 10
debug:
  view_model: false
  lp_test: null
  rescale_vnnlib_ptb: null
  test_optimized_bounds: false
  test_optimized_bounds_after_n_iterations: 0
  print_verbose_decisions: false
  biccos_mip_sanity_check: false
  sanity_check: 0
  z_split_enabled: false
  save_minimal_config: null
  save_minimal_config_omit_keys: []

Experiments at Sat Jun 27 17:01:43 2026 on QHS
MNISTCNNCrown(
  (conv1): Conv2d(1, 8, kernel_size=(4, 4), stride=(2, 2), padding=(1, 1))
  (conv2): Conv2d(8, 16, kernel_size=(4, 4), stride=(2, 2), padding=(1, 1))
  (fc1): Linear(in_features=784, out_features=256, bias=True)
  (fc2): Linear(in_features=256, out_features=10, bias=True)
)
Parameters:
  conv1.weight: shape torch.Size([8, 1, 4, 4])
  conv1.bias: shape torch.Size([8])
  conv2.weight: shape torch.Size([16, 8, 4, 4])
  conv2.bias: shape torch.Size([16])
  fc1.weight: shape torch.Size([256, 784])
  fc1.bias: shape torch.Size([256])
  fc2.weight: shape torch.Size([10, 256])
  fc2.bias: shape torch.Size([10])
Trying generic MNIST/CIFAR data loader.
Internal results will be saved to out.txt.

 %%%%%%%%%%%%%%%%%%%%%%%%%%%%%%%%%%% idx: 0, vnnlib ID: 0 %%%%%%%%%%%%%%%%%%%%%%%%%%%%%%%%%%%
Finished vnnlib processing in 0.001596 seconds
Attack parameters: initialization=uniform, steps=100, restarts=10, alpha=0.0025000013411045074, GAMA=False
PGD attack margin (first 2 examples and 10 specs):
 tensor([[24.39491653, 19.27574348, 17.48250008,  8.79175758, 25.97304535,
         15.51051903, 35.60707092, 17.58966064, 11.86954117]])
Total number of violation:  0
Processing batch 1/1...
PGD attack margin (first 2 examples and 10 specs):
 tensor([[24.39348602, 19.24609375, 17.48235703,  8.79061794, 25.94695282,
         15.50919247, 35.60274887, 17.58837128, 11.86945915]])
Total number of violation:  0
Attack finished in 0.4595 seconds.
PGD attack failed
verified_status unknown
verified_success False
Model: BoundedModule(
  (/input-1): BoundInput(name=/input-1, inputs=[], perturbed=True)
  (/1): BoundParams(name=/1, inputs=[], perturbed=False)
  (/2): BoundParams(name=/2, inputs=[], perturbed=False)
  (/3): BoundParams(name=/3, inputs=[], perturbed=False)
  (/4): BoundParams(name=/4, inputs=[], perturbed=False)
  (/5): BoundParams(name=/5, inputs=[], perturbed=False)
  (/6): BoundParams(name=/6, inputs=[], perturbed=False)
  (/7): BoundParams(name=/7, inputs=[], perturbed=False)
  (/8): BoundParams(name=/8, inputs=[], perturbed=False)
  (/9): BoundConv(name=/9, inputs=[/input-1, /1, /2], perturbed=True)
  (/input): BoundRelu(name=/input, inputs=[/9], perturbed=True)
  (/11): BoundConv(name=/11, inputs=[/input, /3, /4], perturbed=True)
  (/12): BoundRelu(name=/12, inputs=[/11], perturbed=True)
  (/13): BoundShape(name=/13, inputs=[/12], perturbed=False)
  (/14): BoundConstant(name=/14, value=0)
  (/15): BoundGather(name=/15, inputs=[/13, /14], perturbed=False)
  (/16): BoundConstant(name=/16, value=-1)
  (/17): BoundConstant(name=/17, value=tensor([0]))
  (/18): BoundUnsqueeze(name=/18, inputs=[/15, /17], perturbed=False)
  (/19): BoundConstant(name=/19, value=tensor([0]))
  (/20): BoundUnsqueeze(name=/20, inputs=[/16, /19], perturbed=False)
  (/21): BoundConcat(name=/21, inputs=[/18, /20], perturbed=False)
  (/22): BoundReshape(name=/22, inputs=[/12, /21], perturbed=True)
  (/23): BoundLinear(name=/23, inputs=[/22, /5, /6], perturbed=True)
  (/24): BoundRelu(name=/24, inputs=[/23], perturbed=True)
  (/25): BoundLinear(name=/25, inputs=[/24, /7, /8], perturbed=True)
)
Original output in the first batch: tensor([[-12.76991463,  -7.61742258,  -5.94290209,   2.90239573, -14.29679489,
          -3.81442142, -23.97164917,  11.71267891,  -5.90132427,  -0.16847488]])
Split layers:
Nonlinear functions:
   BoundRelu(name=/input, inputs=[/9], perturbed=True)
   BoundRelu(name=/12, inputs=[/11], perturbed=True)
   BoundRelu(name=/24, inputs=[/23], perturbed=True)
build batch [1/1]
layer /input using sparse-features alpha with shape [1]; unstable size 1; total size 1568 ([1, 8, 14, 14])
layer /input start_node /23 using sparse-spec alpha [2, 2, 1, 1] with unstable size 1 total_size 256 output_shape torch.Size([256])
layer /input start_node /25 using full alpha [2, 9, 1, 1] with unstable size None total_size 9 output_shape 9
layer /12 using sparse-features alpha with shape [0]; unstable size 0; total size 784 ([1, 16, 7, 7])
layer /12 start_node /23 using sparse-spec alpha [2, 2, 1, 0] with unstable size 1 total_size 256 output_shape torch.Size([256])
layer /12 start_node /25 using full alpha [2, 9, 1, 0] with unstable size None total_size 9 output_shape 9
layer /24 using sparse-features alpha with shape [1]; unstable size 1; total size 256 ([1, 256])
layer /24 start_node /25 using full alpha [2, 9, 1, 1] with unstable size None total_size 9 output_shape 9
Optimizable variables initialized.
initial CROWN bounds (first 10 items): [24.393428802490234, 19.246089935302734, 17.482351303100586, 8.790620803833008, 25.94695472717285, 15.509190559387207, 35.60273742675781, 17.588369369506836, 11.869449615478516]
Verified with initial CROWN!
verified with init bound!
Result: safe-incomplete in 0.5422 seconds

 %%%%%%%%%%%%%%%%%%%%%%%%%%%%%%%%%%% idx: 1, vnnlib ID: 1 %%%%%%%%%%%%%%%%%%%%%%%%%%%%%%%%%%%
Finished vnnlib processing in 0.000979 seconds
Attack parameters: initialization=uniform, steps=100, restarts=10, alpha=0.0025000013411045074, GAMA=False
PGD attack margin (first 2 examples and 10 specs):
 tensor([[13.78394699,  6.17788887,  7.50322962, 21.73196411, 15.07812309,
         12.05411911, 16.57592583,  8.21363163, 20.69732094]])
Total number of violation:  0
Processing batch 1/1...
PGD attack margin (first 2 examples and 10 specs):
 tensor([[13.59254837,  6.07533550,  7.44181728, 21.46595955, 14.82997894,
         11.81711864, 16.46746826,  8.05001640, 20.43910980]])
Total number of violation:  0
Attack finished in 0.4463 seconds.
PGD attack failed
verified_status unknown
verified_success False
Model: BoundedModule(
  (/input-1): BoundInput(name=/input-1, inputs=[], perturbed=True)
  (/1): BoundParams(name=/1, inputs=[], perturbed=False)
  (/2): BoundParams(name=/2, inputs=[], perturbed=False)
  (/3): BoundParams(name=/3, inputs=[], perturbed=False)
  (/4): BoundParams(name=/4, inputs=[], perturbed=False)
  (/5): BoundParams(name=/5, inputs=[], perturbed=False)
  (/6): BoundParams(name=/6, inputs=[], perturbed=False)
  (/7): BoundParams(name=/7, inputs=[], perturbed=False)
  (/8): BoundParams(name=/8, inputs=[], perturbed=False)
  (/9): BoundConv(name=/9, inputs=[/input-1, /1, /2], perturbed=True)
  (/input): BoundRelu(name=/input, inputs=[/9], perturbed=True)
  (/11): BoundConv(name=/11, inputs=[/input, /3, /4], perturbed=True)
  (/12): BoundRelu(name=/12, inputs=[/11], perturbed=True)
  (/13): BoundShape(name=/13, inputs=[/12], perturbed=False)
  (/14): BoundConstant(name=/14, value=0)
  (/15): BoundGather(name=/15, inputs=[/13, /14], perturbed=False)
  (/16): BoundConstant(name=/16, value=-1)
  (/17): BoundConstant(name=/17, value=tensor([0]))
  (/18): BoundUnsqueeze(name=/18, inputs=[/15, /17], perturbed=False)
  (/19): BoundConstant(name=/19, value=tensor([0]))
  (/20): BoundUnsqueeze(name=/20, inputs=[/16, /19], perturbed=False)
  (/21): BoundConcat(name=/21, inputs=[/18, /20], perturbed=False)
  (/22): BoundReshape(name=/22, inputs=[/12, /21], perturbed=True)
  (/23): BoundLinear(name=/23, inputs=[/22, /5, /6], perturbed=True)
  (/24): BoundRelu(name=/24, inputs=[/23], perturbed=True)
  (/25): BoundLinear(name=/25, inputs=[/24, /7, /8], perturbed=True)
)
Original output in the first batch: tensor([[ -5.72470617,   1.93106401,   8.10128498,   0.60686201, -13.58974552,
          -6.89345074,  -3.90732837,  -8.50611401,  -0.05154719, -12.51595020]])
Split layers:
Nonlinear functions:
   BoundRelu(name=/input, inputs=[/9], perturbed=True)
   BoundRelu(name=/12, inputs=[/11], perturbed=True)
   BoundRelu(name=/24, inputs=[/23], perturbed=True)
build batch [1/1]
layer /input using sparse-features alpha with shape [2]; unstable size 2; total size 1568 ([1, 8, 14, 14])
layer /input start_node /11 using sparse-spec alpha [2, 2, 1, 2] with unstable size 1 total_size 784 output_shape (16, 7, 7)
layer /input start_node /25 using full alpha [2, 9, 1, 2] with unstable size None total_size 9 output_shape 9
layer /12 using sparse-features alpha with shape [1]; unstable size 1; total size 784 ([1, 16, 7, 7])
layer /12 start_node /25 using full alpha [2, 9, 1, 1] with unstable size None total_size 9 output_shape 9
layer /24 using sparse-features alpha with shape [0]; unstable size 0; total size 256 ([1, 256])
layer /24 start_node /25 using full alpha [2, 9, 1, 0] with unstable size None total_size 9 output_shape 9
Optimizable variables initialized.
initial CROWN bounds (first 10 items): [13.571268081665039, 6.064052104949951, 7.4418182373046875, 21.436147689819336, 14.792159080505371, 11.770243644714355, 16.46731185913086, 8.038124084472656, 20.400421142578125]
Verified with initial CROWN!
verified with init bound!
Result: safe-incomplete in 0.4912 seconds

 %%%%%%%%%%%%%%%%%%%%%%%%%%%%%%%%%%% idx: 2, vnnlib ID: 2 %%%%%%%%%%%%%%%%%%%%%%%%%%%%%%%%%%%
Finished vnnlib processing in 0.000834 seconds
Attack parameters: initialization=uniform, steps=100, restarts=10, alpha=0.0025000013411045074, GAMA=False
PGD attack margin (first 2 examples and 10 specs):
 tensor([[14.68555069, 10.52706718,  9.18344307,  8.77569580, 11.01657867,
          9.94027710,  8.77163124,  9.99527264, 10.11703491]])
Total number of violation:  0
Processing batch 1/1...
PGD attack margin (first 2 examples and 10 specs):
 tensor([[14.63715267, 10.50215721,  9.11489868,  8.74129868, 10.87837791,
          9.86909771,  8.76248360,  9.88799572,  9.98917103]])
Total number of violation:  0
Attack finished in 0.4632 seconds.
PGD attack failed
verified_status unknown
verified_success False
Model: BoundedModule(
  (/input-1): BoundInput(name=/input-1, inputs=[], perturbed=True)
  (/1): BoundParams(name=/1, inputs=[], perturbed=False)
  (/2): BoundParams(name=/2, inputs=[], perturbed=False)
  (/3): BoundParams(name=/3, inputs=[], perturbed=False)
  (/4): BoundParams(name=/4, inputs=[], perturbed=False)
  (/5): BoundParams(name=/5, inputs=[], perturbed=False)
  (/6): BoundParams(name=/6, inputs=[], perturbed=False)
  (/7): BoundParams(name=/7, inputs=[], perturbed=False)
  (/8): BoundParams(name=/8, inputs=[], perturbed=False)
  (/9): BoundConv(name=/9, inputs=[/input-1, /1, /2], perturbed=True)
  (/input): BoundRelu(name=/input, inputs=[/9], perturbed=True)
  (/11): BoundConv(name=/11, inputs=[/input, /3, /4], perturbed=True)
  (/12): BoundRelu(name=/12, inputs=[/11], perturbed=True)
  (/13): BoundShape(name=/13, inputs=[/12], perturbed=False)
  (/14): BoundConstant(name=/14, value=0)
  (/15): BoundGather(name=/15, inputs=[/13, /14], perturbed=False)
  (/16): BoundConstant(name=/16, value=-1)
  (/17): BoundConstant(name=/17, value=tensor([0]))
  (/18): BoundUnsqueeze(name=/18, inputs=[/15, /17], perturbed=False)
  (/19): BoundConstant(name=/19, value=tensor([0]))
  (/20): BoundUnsqueeze(name=/20, inputs=[/16, /19], perturbed=False)
  (/21): BoundConcat(name=/21, inputs=[/18, /20], perturbed=False)
  (/22): BoundReshape(name=/22, inputs=[/12, /21], perturbed=True)
  (/23): BoundLinear(name=/23, inputs=[/22, /5, /6], perturbed=True)
  (/24): BoundRelu(name=/24, inputs=[/23], perturbed=True)
  (/25): BoundLinear(name=/25, inputs=[/24, /7, /8], perturbed=True)
)
Original output in the first batch: tensor([[-7.45561838,  7.22074556, -3.32180929, -1.92836046, -1.58740389,
         -3.72673035, -2.69538903, -1.55517411, -2.73032141, -2.83549666]])
Split layers:
Nonlinear functions:
   BoundRelu(name=/input, inputs=[/9], perturbed=True)
   BoundRelu(name=/12, inputs=[/11], perturbed=True)
   BoundRelu(name=/24, inputs=[/23], perturbed=True)
build batch [1/1]
layer /input using sparse-features alpha with shape [0]; unstable size 0; total size 1568 ([1, 8, 14, 14])
layer /input start_node /11 using sparse-spec alpha [2, 2, 1, 0] with unstable size 1 total_size 784 output_shape (16, 7, 7)
layer /input start_node /25 using full alpha [2, 9, 1, 0] with unstable size None total_size 9 output_shape 9
layer /12 using sparse-features alpha with shape [1]; unstable size 1; total size 784 ([1, 16, 7, 7])
layer /12 start_node /25 using full alpha [2, 9, 1, 1] with unstable size None total_size 9 output_shape 9
layer /24 using sparse-features alpha with shape [0]; unstable size 0; total size 256 ([1, 256])
layer /24 start_node /25 using full alpha [2, 9, 1, 0] with unstable size None total_size 9 output_shape 9
Optimizable variables initialized.
initial CROWN bounds (first 10 items): [14.636924743652344, 10.502156257629395, 9.114603996276855, 8.741288185119629, 10.878138542175293, 9.868858337402344, 8.762482643127441, 9.887994766235352, 9.989154815673828]
Verified with initial CROWN!
verified with init bound!
Result: safe-incomplete in 0.5083 seconds

 %%%%%%%%%%%%%%%%%%%%%%%%%%%%%%%%%%% idx: 3, vnnlib ID: 3 %%%%%%%%%%%%%%%%%%%%%%%%%%%%%%%%%%%
Finished vnnlib processing in 0.000828 seconds
Attack parameters: initialization=uniform, steps=100, restarts=10, alpha=0.0025000013411045074, GAMA=False
PGD attack margin (first 2 examples and 10 specs):
 tensor([[15.24259853,  8.50102997,  9.53179073, 10.30521870,  8.58976936,
          9.11527634, 12.20781231,  9.15849304,  9.58302498]])
Total number of violation:  0
Processing batch 1/1...
PGD attack margin (first 2 examples and 10 specs):
 tensor([[15.18426895,  8.50087357,  9.53163338, 10.30483818,  8.58962536,
          9.11517715, 12.20743752,  9.15828133,  9.58268547]])
Total number of violation:  0
Attack finished in 0.4340 seconds.
PGD attack failed
verified_status unknown
verified_success False
Model: BoundedModule(
  (/input-1): BoundInput(name=/input-1, inputs=[], perturbed=True)
  (/1): BoundParams(name=/1, inputs=[], perturbed=False)
  (/2): BoundParams(name=/2, inputs=[], perturbed=False)
  (/3): BoundParams(name=/3, inputs=[], perturbed=False)
  (/4): BoundParams(name=/4, inputs=[], perturbed=False)
  (/5): BoundParams(name=/5, inputs=[], perturbed=False)
  (/6): BoundParams(name=/6, inputs=[], perturbed=False)
  (/7): BoundParams(name=/7, inputs=[], perturbed=False)
  (/8): BoundParams(name=/8, inputs=[], perturbed=False)
  (/9): BoundConv(name=/9, inputs=[/input-1, /1, /2], perturbed=True)
  (/input): BoundRelu(name=/input, inputs=[/9], perturbed=True)
  (/11): BoundConv(name=/11, inputs=[/input, /3, /4], perturbed=True)
  (/12): BoundRelu(name=/12, inputs=[/11], perturbed=True)
  (/13): BoundShape(name=/13, inputs=[/12], perturbed=False)
  (/14): BoundConstant(name=/14, value=0)
  (/15): BoundGather(name=/15, inputs=[/13, /14], perturbed=False)
  (/16): BoundConstant(name=/16, value=-1)
  (/17): BoundConstant(name=/17, value=tensor([0]))
  (/18): BoundUnsqueeze(name=/18, inputs=[/15, /17], perturbed=False)
  (/19): BoundConstant(name=/19, value=tensor([0]))
  (/20): BoundUnsqueeze(name=/20, inputs=[/16, /19], perturbed=False)
  (/21): BoundConcat(name=/21, inputs=[/18, /20], perturbed=False)
  (/22): BoundReshape(name=/22, inputs=[/12, /21], perturbed=True)
  (/23): BoundLinear(name=/23, inputs=[/22, /5, /6], perturbed=True)
  (/24): BoundRelu(name=/24, inputs=[/23], perturbed=True)
  (/25): BoundLinear(name=/25, inputs=[/24, /7, /8], perturbed=True)
)
Original output in the first batch: tensor([[ 7.07127714, -8.22505856, -1.46304679, -2.49416900, -3.23426247,
         -1.55217731, -2.05198693, -5.14168644, -2.12335801, -2.51242900]])
Split layers:
Nonlinear functions:
   BoundRelu(name=/input, inputs=[/9], perturbed=True)
   BoundRelu(name=/12, inputs=[/11], perturbed=True)
   BoundRelu(name=/24, inputs=[/23], perturbed=True)
build batch [1/1]
layer /input using sparse-features alpha with shape [2]; unstable size 2; total size 1568 ([1, 8, 14, 14])
layer /input start_node /11 using sparse-spec alpha [2, 2, 1, 2] with unstable size 1 total_size 784 output_shape (16, 7, 7)
layer /input start_node /25 using full alpha [2, 9, 1, 2] with unstable size None total_size 9 output_shape 9
layer /12 using sparse-features alpha with shape [1]; unstable size 1; total size 784 ([1, 16, 7, 7])
layer /12 start_node /25 using full alpha [2, 9, 1, 1] with unstable size None total_size 9 output_shape 9
layer /24 using sparse-features alpha with shape [0]; unstable size 0; total size 256 ([1, 256])
layer /24 start_node /25 using full alpha [2, 9, 1, 0] with unstable size None total_size 9 output_shape 9
Optimizable variables initialized.
initial CROWN bounds (first 10 items): [15.1842679977417, 8.500864028930664, 9.53162956237793, 10.304839134216309, 8.589617729187012, 9.115177154541016, 12.207430839538574, 9.158276557922363, 9.582679748535156]
Verified with initial CROWN!
verified with init bound!
Result: safe-incomplete in 0.4708 seconds

 %%%%%%%%%%%%%%%%%%%%%%%%%%%%%%%%%%% idx: 4, vnnlib ID: 4 %%%%%%%%%%%%%%%%%%%%%%%%%%%%%%%%%%%
Finished vnnlib processing in 0.001061 seconds
Attack parameters: initialization=uniform, steps=100, restarts=10, alpha=0.0025000013411045074, GAMA=False
PGD attack margin (first 2 examples and 10 specs):
 tensor([[12.41034508, 18.65291595, 12.89997292, 12.13595581, 13.79854393,
         11.35787392, 11.22543335, 12.60319138,  5.07472229]])
Total number of violation:  0
Processing batch 1/1...
PGD attack margin (first 2 examples and 10 specs):
 tensor([[12.38901043, 18.61160278, 12.82603645, 12.12286377, 13.78509045,
         11.26705360, 11.19223404, 12.52468872,  5.06546831]])
Total number of violation:  0
Attack finished in 0.4339 seconds.
PGD attack failed
verified_status unknown
verified_success False
Model: BoundedModule(
  (/input-1): BoundInput(name=/input-1, inputs=[], perturbed=True)
  (/1): BoundParams(name=/1, inputs=[], perturbed=False)
  (/2): BoundParams(name=/2, inputs=[], perturbed=False)
  (/3): BoundParams(name=/3, inputs=[], perturbed=False)
  (/4): BoundParams(name=/4, inputs=[], perturbed=False)
  (/5): BoundParams(name=/5, inputs=[], perturbed=False)
  (/6): BoundParams(name=/6, inputs=[], perturbed=False)
  (/7): BoundParams(name=/7, inputs=[], perturbed=False)
  (/8): BoundParams(name=/8, inputs=[], perturbed=False)
  (/9): BoundConv(name=/9, inputs=[/input-1, /1, /2], perturbed=True)
  (/input): BoundRelu(name=/input, inputs=[/9], perturbed=True)
  (/11): BoundConv(name=/11, inputs=[/input, /3, /4], perturbed=True)
  (/12): BoundRelu(name=/12, inputs=[/11], perturbed=True)
  (/13): BoundShape(name=/13, inputs=[/12], perturbed=False)
  (/14): BoundConstant(name=/14, value=0)
  (/15): BoundGather(name=/15, inputs=[/13, /14], perturbed=False)
  (/16): BoundConstant(name=/16, value=-1)
  (/17): BoundConstant(name=/17, value=tensor([0]))
  (/18): BoundUnsqueeze(name=/18, inputs=[/15, /17], perturbed=False)
  (/19): BoundConstant(name=/19, value=tensor([0]))
  (/20): BoundUnsqueeze(name=/20, inputs=[/16, /19], perturbed=False)
  (/21): BoundConcat(name=/21, inputs=[/18, /20], perturbed=False)
  (/22): BoundReshape(name=/22, inputs=[/12, /21], perturbed=True)
  (/23): BoundLinear(name=/23, inputs=[/22, /5, /6], perturbed=True)
  (/24): BoundRelu(name=/24, inputs=[/23], perturbed=True)
  (/25): BoundLinear(name=/25, inputs=[/24, /7, /8], perturbed=True)
)
Original output in the first batch: tensor([[ -4.80212641, -11.11365891,  -5.24222136,  -4.52291489,   7.64773321,
          -6.17051363,  -3.66695762,  -3.63735366,  -4.91717529,   2.56214452]])
Split layers:
Nonlinear functions:
   BoundRelu(name=/input, inputs=[/9], perturbed=True)
   BoundRelu(name=/12, inputs=[/11], perturbed=True)
   BoundRelu(name=/24, inputs=[/23], perturbed=True)
build batch [1/1]
layer /input using sparse-features alpha with shape [0]; unstable size 0; total size 1568 ([1, 8, 14, 14])
layer /input start_node /11 using sparse-spec alpha [2, 3, 1, 0] with unstable size 2 total_size 784 output_shape (16, 7, 7)
layer /input start_node /25 using full alpha [2, 9, 1, 0] with unstable size None total_size 9 output_shape 9
layer /12 using sparse-features alpha with shape [2]; unstable size 2; total size 784 ([1, 16, 7, 7])
layer /12 start_node /25 using full alpha [2, 9, 1, 2] with unstable size None total_size 9 output_shape 9
layer /24 using sparse-features alpha with shape [0]; unstable size 0; total size 256 ([1, 256])
layer /24 start_node /25 using full alpha [2, 9, 1, 0] with unstable size None total_size 9 output_shape 9
Optimizable variables initialized.
initial CROWN bounds (first 10 items): [12.389015197753906, 18.611602783203125, 12.826038360595703, 12.122865676879883, 13.785093307495117, 11.26705551147461, 11.192232131958008, 12.524687767028809, 5.065469264984131]
Verified with initial CROWN!
verified with init bound!
Result: safe-incomplete in 0.4755 seconds
############# Summary #############
Final verified acc: 100.0% (total 5 examples)
Problem instances count: 5 , total verified (safe/unsat): 5 , total falsified (unsafe/sat): 0 , timeout: 0
mean time for ALL instances (total 5):0.49762197152241444, max time: 0.5422444343566895
mean time for verified SAFE instances(total 5): 0.4976229667663574, max time: 0.5422444343566895
safe-incomplete (total 5), index: [0, 1, 2, 3, 4]

STDERR:
D:\ABCROWN\alpha-beta-CROWN\complete_verifier\specifications.py:342: UserWarning: Creating a tensor from a list of numpy.ndarrays is extremely slow. Please consider converting the list to a single numpy.ndarray with numpy.array() before converting to a tensor. (Triggered internally at C:\actions-runner\_work\pytorch\pytorch\pytorch\torch\csrc\utils\tensor_new.cpp:256.)
  x_range_list = torch.Tensor(x_range_list).to(dtype=dtype, device=device).view(input_shape + [2])

  0%|          | 0/100 [00:00<?, ?it/s]
 19%|█▉        | 19/100 [00:00<00:00, 184.53it/s]
 43%|████▎     | 43/100 [00:00<00:00, 213.71it/s]
 66%|██████▌   | 66/100 [00:00<00:00, 217.15it/s]
 91%|█████████ | 91/100 [00:00<00:00, 226.28it/s]
100%|██████████| 100/100 [00:00<00:00, 221.45it/s]

  0%|          | 0/100 [00:00<?, ?it/s]
 23%|██▎       | 23/100 [00:00<00:00, 222.65it/s]
 47%|████▋     | 47/100 [00:00<00:00, 227.57it/s]
 70%|███████   | 70/100 [00:00<00:00, 225.79it/s]
 93%|█████████▎| 93/100 [00:00<00:00, 225.55it/s]
100%|██████████| 100/100 [00:00<00:00, 226.64it/s]

  0%|          | 0/100 [00:00<?, ?it/s]
 22%|██▏       | 22/100 [00:00<00:00, 212.23it/s]
 46%|████▌     | 46/100 [00:00<00:00, 224.46it/s]
 69%|██████▉   | 69/100 [00:00<00:00, 221.44it/s]
 92%|█████████▏| 92/100 [00:00<00:00, 216.36it/s]
100%|██████████| 100/100 [00:00<00:00, 218.43it/s]

  0%|          | 0/100 [00:00<?, ?it/s]
 22%|██▏       | 22/100 [00:00<00:00, 213.20it/s]
 47%|████▋     | 47/100 [00:00<00:00, 229.29it/s]
 71%|███████   | 71/100 [00:00<00:00, 233.66it/s]
 95%|█████████▌| 95/100 [00:00<00:00, 235.38it/s]
100%|██████████| 100/100 [00:00<00:00, 233.02it/s]

  0%|          | 0/100 [00:00<?, ?it/s]
 25%|██▌       | 25/100 [00:00<00:00, 244.26it/s]
 50%|█████     | 50/100 [00:00<00:00, 238.14it/s]
 74%|███████▍  | 74/100 [00:00<00:00, 236.52it/s]
 98%|█████████▊| 98/100 [00:00<00:00, 230.30it/s]
100%|██████████| 100/100 [00:00<00:00, 233.35it/s]
