STDOUT:
Configurations:

general:
  device: cpu
  seed: 100
  conv_mode: patches
  deterministic: false
  double_fp: false
  loss_reduction_func: sum
  sparse_alpha: true
  sparse_interm: true
  save_adv_example: false
  verify_onnxruntime_output: false
  eval_adv_example: false
  onnx_adv_example: false
  show_adv_example: false
  precompile_jit: false
  reset_seed_after_precompile: false
  prepare_only: false
  complete_verifier: bab
  enable_incomplete_verification: true
  csv_name: null
  results_file: out.txt
  root_path: ''
  deterministic_opt: false
  graph_optimizer: 'Customized("custom_graph_optimizer", "default_optimizer")'
  buffer_has_batchdim: false
  save_output: false
  output_file: out.pkl
  return_optimized_model: false
  store_all_specs_on_cpu: false
  adhoc_tuning: null
model:
  name: mnist_cnn_crown
  path: models/my_models/simple_training/mnist_cnn_ibp.pth
  onnx_path: null
  onnx_path_prefix: ''
  cache_onnx_conversion: false
  debug_onnx: false
  onnx_quirks: null
  input_shape: null
  onnx_loader: default_onnx_and_vnnlib_loader
  onnx_optimization_flags: []
  onnx_vnnlib_joint_optimization_flags: none
  check_optimized: false
  flatten_final_output: false
  optimize_graph: null
  with_jacobian: false
  bound_opts: null
data:
  start: 0
  end: 5
  select_instance: null
  num_outputs: 10
  mean: [0.0]
  std: [1.0]
  pkl_path: null
  dataset: MNIST
  data_filter_path: null
  data_idx_file: null
specification:
  type: lp
  robustness_type: verified-acc
  norm: .inf
  epsilon: 0.01
  epsilon_min: 0.0
  vnnlib_path: null
  vnnlib_path_prefix: ''
  shrink_eps: null
  rhs_offset: null
solver:
  batch_size: 1024
  auto_enlarge_batch_size: true
  batched_crown_auto_enlarge_max_vram_ratio: 0.9
  min_batch_size_ratio: 0.1
  use_float64_in_last_iteration: false
  early_stop_patience: 10
  start_save_best: 0.5
  bound_prop_method: alpha-crown
  init_bound_prop_method: same
  prune_after_crown: true
  optimize_disjuncts_separately: false
  build_batch_size: 1000000
  skip_with_refined_bound: true
  forward_before_compute_bounds: false
  crown:
    batch_size: 1000000000
    max_crown_size: 1000000000
    activation_bound_option: adaptive
    compare_crown_with_ibp: false
  alpha-crown:
    alpha: true
    lr_alpha: 0.1
    iteration: 100
    share_alphas: false
    lr_decay: 0.98
    full_conv_alpha: true
    max_coeff_mul: .inf
    matmul_share_alphas: false
    disable_optimization: []
    max_time: 1.0
    alpha_dtype: float16
    input_split_alpha_iteration: 5
    input_split_lr_alpha: 0.05
  invprop:
    apply_output_constraints_to: []
    tighten_input_bounds: false
    best_of_oc_and_no_oc: false
    directly_optimize: []
    oc_lr: 0.1
    share_gammas: false
  beta-crown:
    lr_alpha: 0.01
    lr_beta: 0.05
    lr_decay: 0.98
    optimizer: adam
    iteration: 20
    beta: true
    beta_warmup: true
    enable_opt_interm_bounds: false
    all_node_split_LP: false
  forward:
    refine: false
    max_dim: 10000
    reset_threshold: 1.0
  mip:
    unstable_neuron_threshold: 0
    parallel_solvers: null
    solver_threads: 1
    refine_neuron_timeout: 15
    refine_neuron_time_percentage: 0.8
    early_stop: true
    adv_warmup: true
    mip_solver: gurobi
    skip_unsafe: false
    topk_filter: 1.0
    sliding_window: -1
    extra_constraint: false
    refine_neuron_timeout_increasement: 0
    timeout_neuron_percentage: 0.3
    remaining_timeout_threshold: 1
    remove_unstable_neurons: false
    formulation: mip
    output_cut: false
bab:
  max_domains: .inf
  decision_thresh: 0
  timeout: 120
  timeout_scale: 1
  max_iterations: -1
  override_timeout: null
  get_upper_bound: false
  pruning_in_iteration: true
  pruning_in_iteration_ratio: 0.2
  sort_targets: false
  batched_domain_list: true
  optimized_interm: ''
  interm_transfer: true
  recompute_interm: false
  sort_domain_interval: -1
  vanilla_crown: false
  tree_traversal: depth_first
  hugetensor_allocator: true
  cut:
    enabled: false
    cuts_path: null
    bab_cut: false
    lp_cut: false
    lr: 0.01
    lr_decay: 1.0
    iteration: 100
    bab_iteration: -1
    early_stop_patience: -1
    lr_beta: 0.02
    number_cuts: 50
    topk_cuts_in_filter: 1000
    batch_size_primal: 100
    max_num: 1000000000
    patches_cut: false
    cplex_cuts: false
    cplex_cuts_wait: 0
    cplex_cuts_revpickup: true
    cut_reference_bounds: true
    fix_intermediate_bounds: false
    manual_cuts: null
    biccos:
      enabled: false
      auto_param: true
      constraint_strengthening: true
      drop_ratio: 0.5
      max_infer_iter: 20
      max_domain: 10000.0
      heuristic: neuron_influence_score
      save_cuts: false
      multi_tree_branching:
        enabled: false
        restore_best_tree: true
        keep_n_best_domains: 50
        target_batch_size: 200
        iterations: 3
  clip_n_verify:
    rearrange_constraints: false
    alpha_crown: false
    prune: false
    final_layer: false
    clip_input_domain:
      enabled: false
      clip_type: relaxed
      clip_neuron_selection_type: ratio
      clip_neuron_selection_value: -1.0
      clip_iterations: 1
      clip_calculate_volume_metrics: false
    clip_interm_domain:
      enabled: false
      with_input: false
      clip_in_alpha_crown: false
      topk_objective: 20
  branching:
    method: kfsb
    candidates: 3
    reduceop: min
    enable_intermediate_bound_opt: false
    branching_input_and_activation: false
    branching_input_and_activation_order: [input, relu]
    branching_input_iterations: 30
    branching_relu_iterations: 50
    nonlinear_split:
      method: bbps
      disable: false
      branching_point_method: uniform
      num_branches: 2
      filter: false
      filter_beta: false
      filter_clamp: false
      filter_batch_size: 10000
      filter_iterations: 25
      relu_only: false
      loose_tanh_threshold: null
      branching_point:
        db_path: branching_points.pt
        num_iterations: 1000
        batch_size: 1000000
        range_l: -5.0
        range_u: 5.0
        log_interval: 100
        step_size_1d: 0.01
        step_size: 0.2
    input_split:
      split_hint: null
      enable: false
      reorder_bab: false
      input_dim_threshold: 20
      adv_check: 0
      split_partitions: 2
      sb_margin_weight: 1.0
      sb_sum: false
      sb_primary_spec: null
      bf_backup_thresh: -1
      bf_rhs_offset: 0
      bf_iters: 1000000000.0
      bf_batch_size: 100000
      bf_zero_crossing_score: false
      touch_zero_score: 0
      ibp_enhancement: true
      compare_with_old_bounds: true
      update_rhs_with_attack: false
      sb_coeff_thresh: 0.001
      sort_index: null
      sort_descending: true
      show_progress: false
      presplit_domains: null
      skip_getting_worst_domain: false
  attack:
    enabled: false
    beam_candidates: 8
    beam_depth: 7
    max_dive_fix_ratio: 0.8
    min_local_free_ratio: 0.2
    mip_start_iteration: 5
    mip_timeout: 30.0
    adv_pool_threshold: null
    refined_mip_attacker: false
    refined_batch_size: null
attack:
  general_attack: true
  pgd_order: before
  pgd_steps: 100
  pgd_restarts: 10
  pgd_batch_size: 100000000
  pgd_early_stop: true
  pgd_lr_decay: 0.99
  pgd_alpha: auto
  pgd_alpha_scale: false
  pgd_loss_mode: null
  pgd_restart_when_stuck: false
  enable_mip_attack: false
  adv_saver: default_adv_saver
  adv_verifier: default_adv_verifier
  early_stop_condition: default_early_stop_condition
  adv_example_finalizer: default_adv_example_finalizer
  pgd_loss: default_pgd_loss
  cex_path: ./test_cex.txt
  attack_mode: PGD
  attack_tolerance: 0.0
  attack_func: attack_with_general_specs
  gama_lambda: 10.0
  gama_decay: 0.9
  input_split:
    pgd_steps: 100
    pgd_restarts: 30
    pgd_alpha: auto
  input_split_check_adv:
    enabled: auto
    pgd_steps: 5
    pgd_restarts: 5
    pgd_alpha: auto
    max_num_domains: 10
debug:
  view_model: false
  lp_test: null
  rescale_vnnlib_ptb: null
  test_optimized_bounds: false
  test_optimized_bounds_after_n_iterations: 0
  print_verbose_decisions: false
  biccos_mip_sanity_check: false
  sanity_check: 0
  z_split_enabled: false
  save_minimal_config: null
  save_minimal_config_omit_keys: []

Experiments at Sat Jun 27 17:02:12 2026 on QHS
MNISTCNNCrown(
  (conv1): Conv2d(1, 8, kernel_size=(4, 4), stride=(2, 2), padding=(1, 1))
  (conv2): Conv2d(8, 16, kernel_size=(4, 4), stride=(2, 2), padding=(1, 1))
  (fc1): Linear(in_features=784, out_features=256, bias=True)
  (fc2): Linear(in_features=256, out_features=10, bias=True)
)
Parameters:
  conv1.weight: shape torch.Size([8, 1, 4, 4])
  conv1.bias: shape torch.Size([8])
  conv2.weight: shape torch.Size([16, 8, 4, 4])
  conv2.bias: shape torch.Size([16])
  fc1.weight: shape torch.Size([256, 784])
  fc1.bias: shape torch.Size([256])
  fc2.weight: shape torch.Size([10, 256])
  fc2.bias: shape torch.Size([10])
Trying generic MNIST/CIFAR data loader.
Internal results will be saved to out.txt.

 %%%%%%%%%%%%%%%%%%%%%%%%%%%%%%%%%%% idx: 0, vnnlib ID: 0 %%%%%%%%%%%%%%%%%%%%%%%%%%%%%%%%%%%
Finished vnnlib processing in 0.001505 seconds
Attack parameters: initialization=uniform, steps=100, restarts=10, alpha=0.0025000013411045074, GAMA=False
PGD attack margin (first 2 examples and 10 specs):
 tensor([[34.45963669, 25.54427528, 29.98007965, 10.61715221, 24.23096085,
         21.30187035, 46.27938843, 18.71504974, 16.36109161]])
Total number of violation:  0
Processing batch 1/1...
PGD attack margin (first 2 examples and 10 specs):
 tensor([[34.44310379, 25.51756287, 29.97483253, 10.59570312, 24.19842911,
         21.29837799, 46.21946716, 18.69206429, 16.36100006]])
Total number of violation:  0
Attack finished in 0.4717 seconds.
PGD attack failed
verified_status unknown
verified_success False
Model: BoundedModule(
  (/input-1): BoundInput(name=/input-1, inputs=[], perturbed=True)
  (/1): BoundParams(name=/1, inputs=[], perturbed=False)
  (/2): BoundParams(name=/2, inputs=[], perturbed=False)
  (/3): BoundParams(name=/3, inputs=[], perturbed=False)
  (/4): BoundParams(name=/4, inputs=[], perturbed=False)
  (/5): BoundParams(name=/5, inputs=[], perturbed=False)
  (/6): BoundParams(name=/6, inputs=[], perturbed=False)
  (/7): BoundParams(name=/7, inputs=[], perturbed=False)
  (/8): BoundParams(name=/8, inputs=[], perturbed=False)
  (/9): BoundConv(name=/9, inputs=[/input-1, /1, /2], perturbed=True)
  (/input): BoundRelu(name=/input, inputs=[/9], perturbed=True)
  (/11): BoundConv(name=/11, inputs=[/input, /3, /4], perturbed=True)
  (/12): BoundRelu(name=/12, inputs=[/11], perturbed=True)
  (/13): BoundShape(name=/13, inputs=[/12], perturbed=False)
  (/14): BoundConstant(name=/14, value=0)
  (/15): BoundGather(name=/15, inputs=[/13, /14], perturbed=False)
  (/16): BoundConstant(name=/16, value=-1)
  (/17): BoundConstant(name=/17, value=tensor([0]))
  (/18): BoundUnsqueeze(name=/18, inputs=[/15, /17], perturbed=False)
  (/19): BoundConstant(name=/19, value=tensor([0]))
  (/20): BoundUnsqueeze(name=/20, inputs=[/16, /19], perturbed=False)
  (/21): BoundConcat(name=/21, inputs=[/18, /20], perturbed=False)
  (/22): BoundReshape(name=/22, inputs=[/12, /21], perturbed=True)
  (/23): BoundLinear(name=/23, inputs=[/22, /5, /6], perturbed=True)
  (/24): BoundRelu(name=/24, inputs=[/23], perturbed=True)
  (/25): BoundLinear(name=/25, inputs=[/24, /7, /8], perturbed=True)
)
Original output in the first batch: tensor([[-23.66024208, -14.61672878, -19.26604462,   0.40836361, -13.28206730,
         -10.40656185, -35.49250412,  11.03051186,  -7.72425795,  -5.40122557]])
Split layers:
Nonlinear functions:
   BoundRelu(name=/input, inputs=[/9], perturbed=True)
   BoundRelu(name=/12, inputs=[/11], perturbed=True)
   BoundRelu(name=/24, inputs=[/23], perturbed=True)
build batch [1/1]
layer /input using sparse-features alpha with shape [0]; unstable size 0; total size 1568 ([1, 8, 14, 14])
layer /input start_node /25 using full alpha [2, 9, 1, 0] with unstable size None total_size 9 output_shape 9
layer /12 using sparse-features alpha with shape [0]; unstable size 0; total size 784 ([1, 16, 7, 7])
layer /12 start_node /25 using full alpha [2, 9, 1, 0] with unstable size None total_size 9 output_shape 9
layer /24 using sparse-features alpha with shape [0]; unstable size 0; total size 256 ([1, 256])
layer /24 start_node /25 using full alpha [2, 9, 1, 0] with unstable size None total_size 9 output_shape 9
Optimizable variables initialized.
initial CROWN bounds (first 10 items): [34.4431037902832, 25.517562866210938, 29.974834442138672, 10.595704078674316, 24.19843101501465, 21.298377990722656, 46.2194709777832, 18.69206428527832, 16.361000061035156]
Verified with initial CROWN!
verified with init bound!
Result: safe-incomplete in 0.5486 seconds

 %%%%%%%%%%%%%%%%%%%%%%%%%%%%%%%%%%% idx: 1, vnnlib ID: 1 %%%%%%%%%%%%%%%%%%%%%%%%%%%%%%%%%%%
Finished vnnlib processing in 0.000995 seconds
Attack parameters: initialization=uniform, steps=100, restarts=10, alpha=0.0025000013411045074, GAMA=False
PGD attack margin (first 2 examples and 10 specs):
 tensor([[17.34080887,  4.83304596,  7.23545742, 32.20106506, 14.89071178,
         14.48952293, 28.45146179,  8.27489281, 31.50410843]])
Total number of violation:  0
Processing batch 1/1...
PGD attack margin (first 2 examples and 10 specs):
 tensor([[17.23509216,  4.71718788,  7.15093899, 31.97934151, 14.82650757,
         14.40266037, 28.24901581,  8.16570854, 31.14799500]])
Total number of violation:  0
Attack finished in 0.4723 seconds.
PGD attack failed
verified_status unknown
verified_success False
Model: BoundedModule(
  (/input-1): BoundInput(name=/input-1, inputs=[], perturbed=True)
  (/1): BoundParams(name=/1, inputs=[], perturbed=False)
  (/2): BoundParams(name=/2, inputs=[], perturbed=False)
  (/3): BoundParams(name=/3, inputs=[], perturbed=False)
  (/4): BoundParams(name=/4, inputs=[], perturbed=False)
  (/5): BoundParams(name=/5, inputs=[], perturbed=False)
  (/6): BoundParams(name=/6, inputs=[], perturbed=False)
  (/7): BoundParams(name=/7, inputs=[], perturbed=False)
  (/8): BoundParams(name=/8, inputs=[], perturbed=False)
  (/9): BoundConv(name=/9, inputs=[/input-1, /1, /2], perturbed=True)
  (/input): BoundRelu(name=/input, inputs=[/9], perturbed=True)
  (/11): BoundConv(name=/11, inputs=[/input, /3, /4], perturbed=True)
  (/12): BoundRelu(name=/12, inputs=[/11], perturbed=True)
  (/13): BoundShape(name=/13, inputs=[/12], perturbed=False)
  (/14): BoundConstant(name=/14, value=0)
  (/15): BoundGather(name=/15, inputs=[/13, /14], perturbed=False)
  (/16): BoundConstant(name=/16, value=-1)
  (/17): BoundConstant(name=/17, value=tensor([0]))
  (/18): BoundUnsqueeze(name=/18, inputs=[/15, /17], perturbed=False)
  (/19): BoundConstant(name=/19, value=tensor([0]))
  (/20): BoundUnsqueeze(name=/20, inputs=[/16, /19], perturbed=False)
  (/21): BoundConcat(name=/21, inputs=[/18, /20], perturbed=False)
  (/22): BoundReshape(name=/22, inputs=[/12, /21], perturbed=True)
  (/23): BoundLinear(name=/23, inputs=[/22, /5, /6], perturbed=True)
  (/24): BoundRelu(name=/24, inputs=[/23], perturbed=True)
  (/25): BoundLinear(name=/25, inputs=[/24, /7, /8], perturbed=True)
)
Original output in the first batch: tensor([[ -9.62954903,   2.90990400,   7.74781561,   0.54272223, -24.61038780,
          -7.30632257,  -6.88560104, -20.83040619,  -0.50024408, -23.87393379]])
Split layers:
Nonlinear functions:
   BoundRelu(name=/input, inputs=[/9], perturbed=True)
   BoundRelu(name=/12, inputs=[/11], perturbed=True)
   BoundRelu(name=/24, inputs=[/23], perturbed=True)
build batch [1/1]
layer /input using sparse-features alpha with shape [2]; unstable size 2; total size 1568 ([1, 8, 14, 14])
layer /input start_node /11 using sparse-spec alpha [2, 3, 1, 2] with unstable size 2 total_size 784 output_shape (16, 7, 7)
layer /input start_node /23 using sparse-spec alpha [2, 2, 1, 2] with unstable size 1 total_size 256 output_shape torch.Size([256])
layer /input start_node /25 using full alpha [2, 9, 1, 2] with unstable size None total_size 9 output_shape 9
layer /12 using sparse-features alpha with shape [2]; unstable size 2; total size 784 ([1, 16, 7, 7])
layer /12 start_node /23 using sparse-spec alpha [2, 2, 1, 2] with unstable size 1 total_size 256 output_shape torch.Size([256])
layer /12 start_node /25 using full alpha [2, 9, 1, 2] with unstable size None total_size 9 output_shape 9
layer /24 using sparse-features alpha with shape [1]; unstable size 1; total size 256 ([1, 256])
layer /24 start_node /25 using full alpha [2, 9, 1, 1] with unstable size None total_size 9 output_shape 9
Optimizable variables initialized.
initial CROWN bounds (first 10 items): [17.234899520874023, 4.677785396575928, 7.150933265686035, 31.97926139831543, 14.826505661010742, 14.402656555175781, 28.20063591003418, 8.165708541870117, 31.147987365722656]
Verified with initial CROWN!
verified with init bound!
Result: safe-incomplete in 0.5208 seconds

 %%%%%%%%%%%%%%%%%%%%%%%%%%%%%%%%%%% idx: 2, vnnlib ID: 2 %%%%%%%%%%%%%%%%%%%%%%%%%%%%%%%%%%%
Finished vnnlib processing in 0.000806 seconds
Attack parameters: initialization=uniform, steps=100, restarts=10, alpha=0.0025000013411045074, GAMA=False
PGD attack margin (first 2 examples and 10 specs):
 tensor([[15.51013756,  9.80872154, 10.45199680, 12.48084641, 14.10879326,
         10.46038818, 13.17051315,  9.07488060, 11.11689186]])
Total number of violation:  0
Processing batch 1/1...
PGD attack margin (first 2 examples and 10 specs):
 tensor([[15.39727783,  9.71092796, 10.35344505, 12.37528419, 13.90965557,
         10.30424976, 13.06823349,  8.90749741, 11.01265335]])
Total number of violation:  0
Attack finished in 0.4711 seconds.
PGD attack failed
verified_status unknown
verified_success False
Model: BoundedModule(
  (/input-1): BoundInput(name=/input-1, inputs=[], perturbed=True)
  (/1): BoundParams(name=/1, inputs=[], perturbed=False)
  (/2): BoundParams(name=/2, inputs=[], perturbed=False)
  (/3): BoundParams(name=/3, inputs=[], perturbed=False)
  (/4): BoundParams(name=/4, inputs=[], perturbed=False)
  (/5): BoundParams(name=/5, inputs=[], perturbed=False)
  (/6): BoundParams(name=/6, inputs=[], perturbed=False)
  (/7): BoundParams(name=/7, inputs=[], perturbed=False)
  (/8): BoundParams(name=/8, inputs=[], perturbed=False)
  (/9): BoundConv(name=/9, inputs=[/input-1, /1, /2], perturbed=True)
  (/input): BoundRelu(name=/input, inputs=[/9], perturbed=True)
  (/11): BoundConv(name=/11, inputs=[/input, /3, /4], perturbed=True)
  (/12): BoundRelu(name=/12, inputs=[/11], perturbed=True)
  (/13): BoundShape(name=/13, inputs=[/12], perturbed=False)
  (/14): BoundConstant(name=/14, value=0)
  (/15): BoundGather(name=/15, inputs=[/13, /14], perturbed=False)
  (/16): BoundConstant(name=/16, value=-1)
  (/17): BoundConstant(name=/17, value=tensor([0]))
  (/18): BoundUnsqueeze(name=/18, inputs=[/15, /17], perturbed=False)
  (/19): BoundConstant(name=/19, value=tensor([0]))
  (/20): BoundUnsqueeze(name=/20, inputs=[/16, /19], perturbed=False)
  (/21): BoundConcat(name=/21, inputs=[/18, /20], perturbed=False)
  (/22): BoundReshape(name=/22, inputs=[/12, /21], perturbed=True)
  (/23): BoundLinear(name=/23, inputs=[/22, /5, /6], perturbed=True)
  (/24): BoundRelu(name=/24, inputs=[/23], perturbed=True)
  (/25): BoundLinear(name=/25, inputs=[/24, /7, /8], perturbed=True)
)
Original output in the first batch: tensor([[-8.61473274,  6.98716831, -2.82660842, -3.45924449, -5.68246269,
         -7.08276558, -3.60837936, -6.19393253, -2.04771757, -4.17956257]])
Split layers:
Nonlinear functions:
   BoundRelu(name=/input, inputs=[/9], perturbed=True)
   BoundRelu(name=/12, inputs=[/11], perturbed=True)
   BoundRelu(name=/24, inputs=[/23], perturbed=True)
build batch [1/1]
layer /input using sparse-features alpha with shape [0]; unstable size 0; total size 1568 ([1, 8, 14, 14])
layer /input start_node /11 using sparse-spec alpha [2, 2, 1, 0] with unstable size 1 total_size 784 output_shape (16, 7, 7)
layer /input start_node /25 using full alpha [2, 9, 1, 0] with unstable size None total_size 9 output_shape 9
layer /12 using sparse-features alpha with shape [1]; unstable size 1; total size 784 ([1, 16, 7, 7])
layer /12 start_node /25 using full alpha [2, 9, 1, 1] with unstable size None total_size 9 output_shape 9
layer /24 using sparse-features alpha with shape [0]; unstable size 0; total size 256 ([1, 256])
layer /24 start_node /25 using full alpha [2, 9, 1, 0] with unstable size None total_size 9 output_shape 9
Optimizable variables initialized.
initial CROWN bounds (first 10 items): [15.39727783203125, 9.710899353027344, 10.353407859802246, 12.375286102294922, 13.909648895263672, 10.304230690002441, 13.068178176879883, 8.907485961914062, 11.012651443481445]
Verified with initial CROWN!
verified with init bound!
Result: safe-incomplete in 0.5133 seconds

 %%%%%%%%%%%%%%%%%%%%%%%%%%%%%%%%%%% idx: 3, vnnlib ID: 3 %%%%%%%%%%%%%%%%%%%%%%%%%%%%%%%%%%%
Finished vnnlib processing in 0.000817 seconds
Attack parameters: initialization=uniform, steps=100, restarts=10, alpha=0.0025000013411045074, GAMA=False
PGD attack margin (first 2 examples and 10 specs):
 tensor([[23.64355278,  8.79549408, 10.89337349, 10.69929695, 10.23078060,
          9.88654137, 13.13580513,  9.56269073, 10.04376984]])
Total number of violation:  0
Processing batch 1/1...
PGD attack margin (first 2 examples and 10 specs):
 tensor([[23.38784790,  8.66452122, 10.70901966, 10.58345604, 10.10483742,
          9.77603340, 13.00801086,  9.42345619,  9.96133995]])
Total number of violation:  0
Attack finished in 0.4652 seconds.
PGD attack failed
verified_status unknown
verified_success False
Model: BoundedModule(
  (/input-1): BoundInput(name=/input-1, inputs=[], perturbed=True)
  (/1): BoundParams(name=/1, inputs=[], perturbed=False)
  (/2): BoundParams(name=/2, inputs=[], perturbed=False)
  (/3): BoundParams(name=/3, inputs=[], perturbed=False)
  (/4): BoundParams(name=/4, inputs=[], perturbed=False)
  (/5): BoundParams(name=/5, inputs=[], perturbed=False)
  (/6): BoundParams(name=/6, inputs=[], perturbed=False)
  (/7): BoundParams(name=/7, inputs=[], perturbed=False)
  (/8): BoundParams(name=/8, inputs=[], perturbed=False)
  (/9): BoundConv(name=/9, inputs=[/input-1, /1, /2], perturbed=True)
  (/input): BoundRelu(name=/input, inputs=[/9], perturbed=True)
  (/11): BoundConv(name=/11, inputs=[/input, /3, /4], perturbed=True)
  (/12): BoundRelu(name=/12, inputs=[/11], perturbed=True)
  (/13): BoundShape(name=/13, inputs=[/12], perturbed=False)
  (/14): BoundConstant(name=/14, value=0)
  (/15): BoundGather(name=/15, inputs=[/13, /14], perturbed=False)
  (/16): BoundConstant(name=/16, value=-1)
  (/17): BoundConstant(name=/17, value=tensor([0]))
  (/18): BoundUnsqueeze(name=/18, inputs=[/15, /17], perturbed=False)
  (/19): BoundConstant(name=/19, value=tensor([0]))
  (/20): BoundUnsqueeze(name=/20, inputs=[/16, /19], perturbed=False)
  (/21): BoundConcat(name=/21, inputs=[/18, /20], perturbed=False)
  (/22): BoundReshape(name=/22, inputs=[/12, /21], perturbed=True)
  (/23): BoundLinear(name=/23, inputs=[/22, /5, /6], perturbed=True)
  (/24): BoundRelu(name=/24, inputs=[/23], perturbed=True)
  (/25): BoundLinear(name=/25, inputs=[/24, /7, /8], perturbed=True)
)
Original output in the first batch: tensor([[  7.21527195, -16.39978981,  -1.52457678,  -3.63366604,  -3.44220209,
          -2.98814225,  -2.64805913,  -5.87321472,  -2.31687355,  -2.80279875]])
Split layers:
Nonlinear functions:
   BoundRelu(name=/input, inputs=[/9], perturbed=True)
   BoundRelu(name=/12, inputs=[/11], perturbed=True)
   BoundRelu(name=/24, inputs=[/23], perturbed=True)
build batch [1/1]
layer /input using sparse-features alpha with shape [1]; unstable size 1; total size 1568 ([1, 8, 14, 14])
layer /input start_node /11 using sparse-spec alpha [2, 3, 1, 1] with unstable size 2 total_size 784 output_shape (16, 7, 7)
layer /input start_node /23 using sparse-spec alpha [2, 2, 1, 1] with unstable size 1 total_size 256 output_shape torch.Size([256])
layer /input start_node /25 using full alpha [2, 9, 1, 1] with unstable size None total_size 9 output_shape 9
layer /12 using sparse-features alpha with shape [2]; unstable size 2; total size 784 ([1, 16, 7, 7])
layer /12 start_node /23 using sparse-spec alpha [2, 2, 1, 2] with unstable size 1 total_size 256 output_shape torch.Size([256])
layer /12 start_node /25 using full alpha [2, 9, 1, 2] with unstable size None total_size 9 output_shape 9
layer /24 using sparse-features alpha with shape [1]; unstable size 1; total size 256 ([1, 256])
layer /24 start_node /25 using full alpha [2, 9, 1, 1] with unstable size None total_size 9 output_shape 9
Optimizable variables initialized.
initial CROWN bounds (first 10 items): [23.3316593170166, 8.639222145080566, 10.709006309509277, 10.57071304321289, 10.104816436767578, 9.776021003723145, 12.99953842163086, 9.423439025878906, 9.961326599121094]
Verified with initial CROWN!
verified with init bound!
Result: safe-incomplete in 0.5136 seconds

 %%%%%%%%%%%%%%%%%%%%%%%%%%%%%%%%%%% idx: 4, vnnlib ID: 4 %%%%%%%%%%%%%%%%%%%%%%%%%%%%%%%%%%%
Finished vnnlib processing in 0.000865 seconds
Attack parameters: initialization=uniform, steps=100, restarts=10, alpha=0.0025000013411045074, GAMA=False
PGD attack margin (first 2 examples and 10 specs):
 tensor([[17.43001747, 24.64901161, 14.80920982, 11.61229324, 16.79132462,
         16.01844597, 11.71995354, 13.04181480,  5.18596935]])
Total number of violation:  0
Processing batch 1/1...
PGD attack margin (first 2 examples and 10 specs):
 tensor([[17.11183929, 24.58261108, 14.64683723, 11.59841824, 16.74787521,
         15.29165840, 11.66353798, 12.58780384,  5.08844948]])
Total number of violation:  0
Attack finished in 0.4237 seconds.
PGD attack failed
verified_status unknown
verified_success False
Model: BoundedModule(
  (/input-1): BoundInput(name=/input-1, inputs=[], perturbed=True)
  (/1): BoundParams(name=/1, inputs=[], perturbed=False)
  (/2): BoundParams(name=/2, inputs=[], perturbed=False)
  (/3): BoundParams(name=/3, inputs=[], perturbed=False)
  (/4): BoundParams(name=/4, inputs=[], perturbed=False)
  (/5): BoundParams(name=/5, inputs=[], perturbed=False)
  (/6): BoundParams(name=/6, inputs=[], perturbed=False)
  (/7): BoundParams(name=/7, inputs=[], perturbed=False)
  (/8): BoundParams(name=/8, inputs=[], perturbed=False)
  (/9): BoundConv(name=/9, inputs=[/input-1, /1, /2], perturbed=True)
  (/input): BoundRelu(name=/input, inputs=[/9], perturbed=True)
  (/11): BoundConv(name=/11, inputs=[/input, /3, /4], perturbed=True)
  (/12): BoundRelu(name=/12, inputs=[/11], perturbed=True)
  (/13): BoundShape(name=/13, inputs=[/12], perturbed=False)
  (/14): BoundConstant(name=/14, value=0)
  (/15): BoundGather(name=/15, inputs=[/13, /14], perturbed=False)
  (/16): BoundConstant(name=/16, value=-1)
  (/17): BoundConstant(name=/17, value=tensor([0]))
  (/18): BoundUnsqueeze(name=/18, inputs=[/15, /17], perturbed=False)
  (/19): BoundConstant(name=/19, value=tensor([0]))
  (/20): BoundUnsqueeze(name=/20, inputs=[/16, /19], perturbed=False)
  (/21): BoundConcat(name=/21, inputs=[/18, /20], perturbed=False)
  (/22): BoundReshape(name=/22, inputs=[/12, /21], perturbed=True)
  (/23): BoundLinear(name=/23, inputs=[/22, /5, /6], perturbed=True)
  (/24): BoundRelu(name=/24, inputs=[/23], perturbed=True)
  (/25): BoundLinear(name=/25, inputs=[/24, /7, /8], perturbed=True)
)
Original output in the first batch: tensor([[-10.59035110, -17.91062546,  -7.88004208,  -4.75280714,   6.95281124,
          -9.96675587,  -8.83625698,  -4.86709929,  -5.97944021,   1.80690265]])
Split layers:
Nonlinear functions:
   BoundRelu(name=/input, inputs=[/9], perturbed=True)
   BoundRelu(name=/12, inputs=[/11], perturbed=True)
   BoundRelu(name=/24, inputs=[/23], perturbed=True)
build batch [1/1]
layer /input using sparse-features alpha with shape [3]; unstable size 3; total size 1568 ([1, 8, 14, 14])
layer /input start_node /23 using sparse-spec alpha [2, 2, 1, 3] with unstable size 1 total_size 256 output_shape torch.Size([256])
layer /input start_node /25 using full alpha [2, 9, 1, 3] with unstable size None total_size 9 output_shape 9
layer /12 using sparse-features alpha with shape [0]; unstable size 0; total size 784 ([1, 16, 7, 7])
layer /12 start_node /23 using sparse-spec alpha [2, 2, 1, 0] with unstable size 1 total_size 256 output_shape torch.Size([256])
layer /12 start_node /25 using full alpha [2, 9, 1, 0] with unstable size None total_size 9 output_shape 9
layer /24 using sparse-features alpha with shape [1]; unstable size 1; total size 256 ([1, 256])
layer /24 start_node /25 using full alpha [2, 9, 1, 1] with unstable size None total_size 9 output_shape 9
Optimizable variables initialized.
initial CROWN bounds (first 10 items): [17.111835479736328, 24.582523345947266, 14.631951332092285, 11.596261978149414, 16.740270614624023, 15.291655540466309, 11.661613464355469, 12.578126907348633, 5.088447570800781]
Verified with initial CROWN!
verified with init bound!
Result: safe-incomplete in 0.4716 seconds
############# Summary #############
Final verified acc: 100.0% (total 5 examples)
Problem instances count: 5 , total verified (safe/unsat): 5 , total falsified (unsafe/sat): 0 , timeout: 0
mean time for ALL instances (total 5):0.5135712365751782, max time: 0.5485727787017822
mean time for verified SAFE instances(total 5): 0.5135722637176514, max time: 0.5485727787017822
safe-incomplete (total 5), index: [0, 1, 2, 3, 4]

STDERR:
D:\ABCROWN\alpha-beta-CROWN\complete_verifier\specifications.py:342: UserWarning: Creating a tensor from a list of numpy.ndarrays is extremely slow. Please consider converting the list to a single numpy.ndarray with numpy.array() before converting to a tensor. (Triggered internally at C:\actions-runner\_work\pytorch\pytorch\pytorch\torch\csrc\utils\tensor_new.cpp:256.)
  x_range_list = torch.Tensor(x_range_list).to(dtype=dtype, device=device).view(input_shape + [2])

  0%|          | 0/100 [00:00<?, ?it/s]
 16%|█▌        | 16/100 [00:00<00:00, 157.73it/s]
 40%|████      | 40/100 [00:00<00:00, 201.79it/s]
 64%|██████▍   | 64/100 [00:00<00:00, 215.13it/s]
 88%|████████▊ | 88/100 [00:00<00:00, 221.60it/s]
100%|██████████| 100/100 [00:00<00:00, 215.63it/s]

  0%|          | 0/100 [00:00<?, ?it/s]
 15%|█▌        | 15/100 [00:00<00:00, 145.52it/s]
 39%|███▉      | 39/100 [00:00<00:00, 196.65it/s]
 63%|██████▎   | 63/100 [00:00<00:00, 212.69it/s]
 87%|████████▋ | 87/100 [00:00<00:00, 220.09it/s]
100%|██████████| 100/100 [00:00<00:00, 213.96it/s]

  0%|          | 0/100 [00:00<?, ?it/s]
 15%|█▌        | 15/100 [00:00<00:00, 147.98it/s]
 38%|███▊      | 38/100 [00:00<00:00, 191.41it/s]
 62%|██████▏   | 62/100 [00:00<00:00, 212.42it/s]
 86%|████████▌ | 86/100 [00:00<00:00, 222.40it/s]
100%|██████████| 100/100 [00:00<00:00, 214.48it/s]

  0%|          | 0/100 [00:00<?, ?it/s]
 17%|█▋        | 17/100 [00:00<00:00, 168.85it/s]
 42%|████▏     | 42/100 [00:00<00:00, 211.59it/s]
 66%|██████▌   | 66/100 [00:00<00:00, 221.12it/s]
 89%|████████▉ | 89/100 [00:00<00:00, 222.90it/s]
100%|██████████| 100/100 [00:00<00:00, 217.13it/s]

  0%|          | 0/100 [00:00<?, ?it/s]
 24%|██▍       | 24/100 [00:00<00:00, 233.21it/s]
 48%|████▊     | 48/100 [00:00<00:00, 236.05it/s]
 73%|███████▎  | 73/100 [00:00<00:00, 238.53it/s]
 98%|█████████▊| 98/100 [00:00<00:00, 240.19it/s]
100%|██████████| 100/100 [00:00<00:00, 238.84it/s]
