STDOUT:
Configurations:

general:
  device: cpu
  seed: 100
  conv_mode: patches
  deterministic: false
  double_fp: false
  loss_reduction_func: sum
  sparse_alpha: true
  sparse_interm: true
  save_adv_example: false
  verify_onnxruntime_output: false
  eval_adv_example: false
  onnx_adv_example: false
  show_adv_example: false
  precompile_jit: false
  reset_seed_after_precompile: false
  prepare_only: false
  complete_verifier: bab
  enable_incomplete_verification: true
  csv_name: null
  results_file: out.txt
  root_path: ''
  deterministic_opt: false
  graph_optimizer: 'Customized("custom_graph_optimizer", "default_optimizer")'
  buffer_has_batchdim: false
  save_output: false
  output_file: out.pkl
  return_optimized_model: false
  store_all_specs_on_cpu: false
  adhoc_tuning: null
model:
  name: mnist_cnn_crown
  path: models/my_models/simple_training/mnist_cnn_fast.pth
  onnx_path: null
  onnx_path_prefix: ''
  cache_onnx_conversion: false
  debug_onnx: false
  onnx_quirks: null
  input_shape: null
  onnx_loader: default_onnx_and_vnnlib_loader
  onnx_optimization_flags: []
  onnx_vnnlib_joint_optimization_flags: none
  check_optimized: false
  flatten_final_output: false
  optimize_graph: null
  with_jacobian: false
  bound_opts: null
data:
  start: 0
  end: 5
  select_instance: null
  num_outputs: 10
  mean: [0.0]
  std: [1.0]
  pkl_path: null
  dataset: MNIST
  data_filter_path: null
  data_idx_file: null
specification:
  type: lp
  robustness_type: verified-acc
  norm: .inf
  epsilon: 0.01
  epsilon_min: 0.0
  vnnlib_path: null
  vnnlib_path_prefix: ''
  shrink_eps: null
  rhs_offset: null
solver:
  batch_size: 1024
  auto_enlarge_batch_size: true
  batched_crown_auto_enlarge_max_vram_ratio: 0.9
  min_batch_size_ratio: 0.1
  use_float64_in_last_iteration: false
  early_stop_patience: 10
  start_save_best: 0.5
  bound_prop_method: alpha-crown
  init_bound_prop_method: same
  prune_after_crown: true
  optimize_disjuncts_separately: false
  build_batch_size: 1000000
  skip_with_refined_bound: true
  forward_before_compute_bounds: false
  crown:
    batch_size: 1000000000
    max_crown_size: 1000000000
    activation_bound_option: adaptive
    compare_crown_with_ibp: false
  alpha-crown:
    alpha: true
    lr_alpha: 0.1
    iteration: 100
    share_alphas: false
    lr_decay: 0.98
    full_conv_alpha: true
    max_coeff_mul: .inf
    matmul_share_alphas: false
    disable_optimization: []
    max_time: 1.0
    alpha_dtype: float16
    input_split_alpha_iteration: 5
    input_split_lr_alpha: 0.05
  invprop:
    apply_output_constraints_to: []
    tighten_input_bounds: false
    best_of_oc_and_no_oc: false
    directly_optimize: []
    oc_lr: 0.1
    share_gammas: false
  beta-crown:
    lr_alpha: 0.01
    lr_beta: 0.05
    lr_decay: 0.98
    optimizer: adam
    iteration: 20
    beta: true
    beta_warmup: true
    enable_opt_interm_bounds: false
    all_node_split_LP: false
  forward:
    refine: false
    max_dim: 10000
    reset_threshold: 1.0
  mip:
    unstable_neuron_threshold: 0
    parallel_solvers: null
    solver_threads: 1
    refine_neuron_timeout: 15
    refine_neuron_time_percentage: 0.8
    early_stop: true
    adv_warmup: true
    mip_solver: gurobi
    skip_unsafe: false
    topk_filter: 1.0
    sliding_window: -1
    extra_constraint: false
    refine_neuron_timeout_increasement: 0
    timeout_neuron_percentage: 0.3
    remaining_timeout_threshold: 1
    remove_unstable_neurons: false
    formulation: mip
    output_cut: false
bab:
  max_domains: .inf
  decision_thresh: 0
  timeout: 120
  timeout_scale: 1
  max_iterations: -1
  override_timeout: null
  get_upper_bound: false
  pruning_in_iteration: true
  pruning_in_iteration_ratio: 0.2
  sort_targets: false
  batched_domain_list: true
  optimized_interm: ''
  interm_transfer: true
  recompute_interm: false
  sort_domain_interval: -1
  vanilla_crown: false
  tree_traversal: depth_first
  hugetensor_allocator: true
  cut:
    enabled: false
    cuts_path: null
    bab_cut: false
    lp_cut: false
    lr: 0.01
    lr_decay: 1.0
    iteration: 100
    bab_iteration: -1
    early_stop_patience: -1
    lr_beta: 0.02
    number_cuts: 50
    topk_cuts_in_filter: 1000
    batch_size_primal: 100
    max_num: 1000000000
    patches_cut: false
    cplex_cuts: false
    cplex_cuts_wait: 0
    cplex_cuts_revpickup: true
    cut_reference_bounds: true
    fix_intermediate_bounds: false
    manual_cuts: null
    biccos:
      enabled: false
      auto_param: true
      constraint_strengthening: true
      drop_ratio: 0.5
      max_infer_iter: 20
      max_domain: 10000.0
      heuristic: neuron_influence_score
      save_cuts: false
      multi_tree_branching:
        enabled: false
        restore_best_tree: true
        keep_n_best_domains: 50
        target_batch_size: 200
        iterations: 3
  clip_n_verify:
    rearrange_constraints: false
    alpha_crown: false
    prune: false
    final_layer: false
    clip_input_domain:
      enabled: false
      clip_type: relaxed
      clip_neuron_selection_type: ratio
      clip_neuron_selection_value: -1.0
      clip_iterations: 1
      clip_calculate_volume_metrics: false
    clip_interm_domain:
      enabled: false
      with_input: false
      clip_in_alpha_crown: false
      topk_objective: 20
  branching:
    method: kfsb
    candidates: 3
    reduceop: min
    enable_intermediate_bound_opt: false
    branching_input_and_activation: false
    branching_input_and_activation_order: [input, relu]
    branching_input_iterations: 30
    branching_relu_iterations: 50
    nonlinear_split:
      method: bbps
      disable: false
      branching_point_method: uniform
      num_branches: 2
      filter: false
      filter_beta: false
      filter_clamp: false
      filter_batch_size: 10000
      filter_iterations: 25
      relu_only: false
      loose_tanh_threshold: null
      branching_point:
        db_path: branching_points.pt
        num_iterations: 1000
        batch_size: 1000000
        range_l: -5.0
        range_u: 5.0
        log_interval: 100
        step_size_1d: 0.01
        step_size: 0.2
    input_split:
      split_hint: null
      enable: false
      reorder_bab: false
      input_dim_threshold: 20
      adv_check: 0
      split_partitions: 2
      sb_margin_weight: 1.0
      sb_sum: false
      sb_primary_spec: null
      bf_backup_thresh: -1
      bf_rhs_offset: 0
      bf_iters: 1000000000.0
      bf_batch_size: 100000
      bf_zero_crossing_score: false
      touch_zero_score: 0
      ibp_enhancement: true
      compare_with_old_bounds: true
      update_rhs_with_attack: false
      sb_coeff_thresh: 0.001
      sort_index: null
      sort_descending: true
      show_progress: false
      presplit_domains: null
      skip_getting_worst_domain: false
  attack:
    enabled: false
    beam_candidates: 8
    beam_depth: 7
    max_dive_fix_ratio: 0.8
    min_local_free_ratio: 0.2
    mip_start_iteration: 5
    mip_timeout: 30.0
    adv_pool_threshold: null
    refined_mip_attacker: false
    refined_batch_size: null
attack:
  general_attack: true
  pgd_order: before
  pgd_steps: 100
  pgd_restarts: 10
  pgd_batch_size: 100000000
  pgd_early_stop: true
  pgd_lr_decay: 0.99
  pgd_alpha: auto
  pgd_alpha_scale: false
  pgd_loss_mode: null
  pgd_restart_when_stuck: false
  enable_mip_attack: false
  adv_saver: default_adv_saver
  adv_verifier: default_adv_verifier
  early_stop_condition: default_early_stop_condition
  adv_example_finalizer: default_adv_example_finalizer
  pgd_loss: default_pgd_loss
  cex_path: ./test_cex.txt
  attack_mode: PGD
  attack_tolerance: 0.0
  attack_func: attack_with_general_specs
  gama_lambda: 10.0
  gama_decay: 0.9
  input_split:
    pgd_steps: 100
    pgd_restarts: 30
    pgd_alpha: auto
  input_split_check_adv:
    enabled: auto
    pgd_steps: 5
    pgd_restarts: 5
    pgd_alpha: auto
    max_num_domains: 10
debug:
  view_model: false
  lp_test: null
  rescale_vnnlib_ptb: null
  test_optimized_bounds: false
  test_optimized_bounds_after_n_iterations: 0
  print_verbose_decisions: false
  biccos_mip_sanity_check: false
  sanity_check: 0
  z_split_enabled: false
  save_minimal_config: null
  save_minimal_config_omit_keys: []

Experiments at Sat Jun 27 17:01:57 2026 on QHS
MNISTCNNCrown(
  (conv1): Conv2d(1, 8, kernel_size=(4, 4), stride=(2, 2), padding=(1, 1))
  (conv2): Conv2d(8, 16, kernel_size=(4, 4), stride=(2, 2), padding=(1, 1))
  (fc1): Linear(in_features=784, out_features=256, bias=True)
  (fc2): Linear(in_features=256, out_features=10, bias=True)
)
Parameters:
  conv1.weight: shape torch.Size([8, 1, 4, 4])
  conv1.bias: shape torch.Size([8])
  conv2.weight: shape torch.Size([16, 8, 4, 4])
  conv2.bias: shape torch.Size([16])
  fc1.weight: shape torch.Size([256, 784])
  fc1.bias: shape torch.Size([256])
  fc2.weight: shape torch.Size([10, 256])
  fc2.bias: shape torch.Size([10])
Trying generic MNIST/CIFAR data loader.
Internal results will be saved to out.txt.

 %%%%%%%%%%%%%%%%%%%%%%%%%%%%%%%%%%% idx: 0, vnnlib ID: 0 %%%%%%%%%%%%%%%%%%%%%%%%%%%%%%%%%%%
Finished vnnlib processing in 0.001647 seconds
Attack parameters: initialization=uniform, steps=100, restarts=10, alpha=0.0025000013411045074, GAMA=False
PGD attack margin (first 2 examples and 10 specs):
 tensor([[ 8.68738747, 12.77602386,  8.69127178,  4.34851885,  7.44530201,
          7.95503998, 15.06725883,  7.67511559,  3.74189043]])
Total number of violation:  0
Processing batch 1/1...
PGD attack margin (first 2 examples and 10 specs):
 tensor([[ 8.62746334, 12.75573158,  8.66042900,  4.28785849,  7.44491100,
          7.88165760, 14.99579239,  7.61331892,  3.74130917]])
Total number of violation:  0
Attack finished in 0.4359 seconds.
PGD attack failed
verified_status unknown
verified_success False
Model: BoundedModule(
  (/input-1): BoundInput(name=/input-1, inputs=[], perturbed=True)
  (/1): BoundParams(name=/1, inputs=[], perturbed=False)
  (/2): BoundParams(name=/2, inputs=[], perturbed=False)
  (/3): BoundParams(name=/3, inputs=[], perturbed=False)
  (/4): BoundParams(name=/4, inputs=[], perturbed=False)
  (/5): BoundParams(name=/5, inputs=[], perturbed=False)
  (/6): BoundParams(name=/6, inputs=[], perturbed=False)
  (/7): BoundParams(name=/7, inputs=[], perturbed=False)
  (/8): BoundParams(name=/8, inputs=[], perturbed=False)
  (/9): BoundConv(name=/9, inputs=[/input-1, /1, /2], perturbed=True)
  (/input): BoundRelu(name=/input, inputs=[/9], perturbed=True)
  (/11): BoundConv(name=/11, inputs=[/input, /3, /4], perturbed=True)
  (/12): BoundRelu(name=/12, inputs=[/11], perturbed=True)
  (/13): BoundShape(name=/13, inputs=[/12], perturbed=False)
  (/14): BoundConstant(name=/14, value=0)
  (/15): BoundGather(name=/15, inputs=[/13, /14], perturbed=False)
  (/16): BoundConstant(name=/16, value=-1)
  (/17): BoundConstant(name=/17, value=tensor([0]))
  (/18): BoundUnsqueeze(name=/18, inputs=[/15, /17], perturbed=False)
  (/19): BoundConstant(name=/19, value=tensor([0]))
  (/20): BoundUnsqueeze(name=/20, inputs=[/16, /19], perturbed=False)
  (/21): BoundConcat(name=/21, inputs=[/18, /20], perturbed=False)
  (/22): BoundReshape(name=/22, inputs=[/12, /21], perturbed=True)
  (/23): BoundLinear(name=/23, inputs=[/22, /5, /6], perturbed=True)
  (/24): BoundRelu(name=/24, inputs=[/23], perturbed=True)
  (/25): BoundLinear(name=/25, inputs=[/24, /7, /8], perturbed=True)
)
Original output in the first batch: tensor([[ -3.90182090,  -8.01147366,  -3.91437483,   0.47637194,  -2.65025353,
          -3.13805532, -10.28398037,   4.81447458,  -2.86595631,   1.05489028]])
Split layers:
Nonlinear functions:
   BoundRelu(name=/input, inputs=[/9], perturbed=True)
   BoundRelu(name=/12, inputs=[/11], perturbed=True)
   BoundRelu(name=/24, inputs=[/23], perturbed=True)
build batch [1/1]
layer /input using sparse-features alpha with shape [1]; unstable size 1; total size 1568 ([1, 8, 14, 14])
layer /input start_node /25 using full alpha [2, 9, 1, 1] with unstable size None total_size 9 output_shape 9
layer /12 using sparse-features alpha with shape [0]; unstable size 0; total size 784 ([1, 16, 7, 7])
layer /12 start_node /25 using full alpha [2, 9, 1, 0] with unstable size None total_size 9 output_shape 9
layer /24 using sparse-features alpha with shape [0]; unstable size 0; total size 256 ([1, 256])
layer /24 start_node /25 using full alpha [2, 9, 1, 0] with unstable size None total_size 9 output_shape 9
Optimizable variables initialized.
initial CROWN bounds (first 10 items): [8.627460479736328, 12.755731582641602, 8.660429000854492, 4.2878594398498535, 7.444906234741211, 7.881656646728516, 14.995793342590332, 7.613315582275391, 3.741307258605957]
Verified with initial CROWN!
verified with init bound!
Result: safe-incomplete in 0.5153 seconds

 %%%%%%%%%%%%%%%%%%%%%%%%%%%%%%%%%%% idx: 1, vnnlib ID: 1 %%%%%%%%%%%%%%%%%%%%%%%%%%%%%%%%%%%
Finished vnnlib processing in 0.000991 seconds
Attack parameters: initialization=uniform, steps=100, restarts=10, alpha=0.0025000013411045074, GAMA=False
PGD attack margin (first 2 examples and 10 specs):
 tensor([[ 6.17243719,  7.02148914,  5.07200003, 14.42037678,  7.59186745,
          3.76767015, 20.04924393,  6.46256399, 15.08743477]])
Total number of violation:  0
Processing batch 1/1...
PGD attack margin (first 2 examples and 10 specs):
 tensor([[ 6.11818552,  7.01137495,  5.04110622, 14.36813164,  7.57796288,
          3.72116804, 20.01558113,  6.44546413, 15.05164337]])
Total number of violation:  0
Attack finished in 0.4328 seconds.
PGD attack failed
verified_status unknown
verified_success False
Model: BoundedModule(
  (/input-1): BoundInput(name=/input-1, inputs=[], perturbed=True)
  (/1): BoundParams(name=/1, inputs=[], perturbed=False)
  (/2): BoundParams(name=/2, inputs=[], perturbed=False)
  (/3): BoundParams(name=/3, inputs=[], perturbed=False)
  (/4): BoundParams(name=/4, inputs=[], perturbed=False)
  (/5): BoundParams(name=/5, inputs=[], perturbed=False)
  (/6): BoundParams(name=/6, inputs=[], perturbed=False)
  (/7): BoundParams(name=/7, inputs=[], perturbed=False)
  (/8): BoundParams(name=/8, inputs=[], perturbed=False)
  (/9): BoundConv(name=/9, inputs=[/input-1, /1, /2], perturbed=True)
  (/input): BoundRelu(name=/input, inputs=[/9], perturbed=True)
  (/11): BoundConv(name=/11, inputs=[/input, /3, /4], perturbed=True)
  (/12): BoundRelu(name=/12, inputs=[/11], perturbed=True)
  (/13): BoundShape(name=/13, inputs=[/12], perturbed=False)
  (/14): BoundConstant(name=/14, value=0)
  (/15): BoundGather(name=/15, inputs=[/13, /14], perturbed=False)
  (/16): BoundConstant(name=/16, value=-1)
  (/17): BoundConstant(name=/17, value=tensor([0]))
  (/18): BoundUnsqueeze(name=/18, inputs=[/15, /17], perturbed=False)
  (/19): BoundConstant(name=/19, value=tensor([0]))
  (/20): BoundUnsqueeze(name=/20, inputs=[/16, /19], perturbed=False)
  (/21): BoundConcat(name=/21, inputs=[/18, /20], perturbed=False)
  (/22): BoundReshape(name=/22, inputs=[/12, /21], perturbed=True)
  (/23): BoundLinear(name=/23, inputs=[/22, /5, /6], perturbed=True)
  (/24): BoundRelu(name=/24, inputs=[/23], perturbed=True)
  (/25): BoundLinear(name=/25, inputs=[/24, /7, /8], perturbed=True)
)
Original output in the first batch: tensor([[ -0.63557971,  -1.51923120,   5.53647089,   0.46910086,  -8.90813351,
          -2.08215284,   1.75736594, -14.55319118,  -0.93041861,  -9.57709789]])
Split layers:
Nonlinear functions:
   BoundRelu(name=/input, inputs=[/9], perturbed=True)
   BoundRelu(name=/12, inputs=[/11], perturbed=True)
   BoundRelu(name=/24, inputs=[/23], perturbed=True)
build batch [1/1]
layer /input using sparse-features alpha with shape [3]; unstable size 3; total size 1568 ([1, 8, 14, 14])
layer /input start_node /11 using sparse-spec alpha [2, 2, 1, 3] with unstable size 1 total_size 784 output_shape (16, 7, 7)
layer /input start_node /25 using full alpha [2, 9, 1, 3] with unstable size None total_size 9 output_shape 9
layer /12 using sparse-features alpha with shape [1]; unstable size 1; total size 784 ([1, 16, 7, 7])
layer /12 start_node /25 using full alpha [2, 9, 1, 1] with unstable size None total_size 9 output_shape 9
layer /24 using sparse-features alpha with shape [0]; unstable size 0; total size 256 ([1, 256])
layer /24 start_node /25 using full alpha [2, 9, 1, 0] with unstable size None total_size 9 output_shape 9
Optimizable variables initialized.
initial CROWN bounds (first 10 items): [6.116356372833252, 6.996955394744873, 5.041105270385742, 14.366119384765625, 7.576437950134277, 3.718759059906006, 20.015579223632812, 6.445459842681885, 15.049629211425781]
Verified with initial CROWN!
verified with init bound!
Result: safe-incomplete in 0.4779 seconds

 %%%%%%%%%%%%%%%%%%%%%%%%%%%%%%%%%%% idx: 2, vnnlib ID: 2 %%%%%%%%%%%%%%%%%%%%%%%%%%%%%%%%%%%
Finished vnnlib processing in 0.000820 seconds
Attack parameters: initialization=uniform, steps=100, restarts=10, alpha=0.0025000013411045074, GAMA=False
PGD attack margin (first 2 examples and 10 specs):
 tensor([[12.47033024,  7.11196899,  6.42984629,  4.84132051,  6.88677502,
          7.49062252,  6.65101051,  6.01201439,  7.48947573]])
Total number of violation:  0
Processing batch 1/1...
PGD attack margin (first 2 examples and 10 specs):
 tensor([[12.40481949,  7.04106236,  6.36744690,  4.82713223,  6.84418678,
          7.45000839,  6.58977509,  5.94693136,  7.41221619]])
Total number of violation:  0
Attack finished in 0.4478 seconds.
PGD attack failed
verified_status unknown
verified_success False
Model: BoundedModule(
  (/input-1): BoundInput(name=/input-1, inputs=[], perturbed=True)
  (/1): BoundParams(name=/1, inputs=[], perturbed=False)
  (/2): BoundParams(name=/2, inputs=[], perturbed=False)
  (/3): BoundParams(name=/3, inputs=[], perturbed=False)
  (/4): BoundParams(name=/4, inputs=[], perturbed=False)
  (/5): BoundParams(name=/5, inputs=[], perturbed=False)
  (/6): BoundParams(name=/6, inputs=[], perturbed=False)
  (/7): BoundParams(name=/7, inputs=[], perturbed=False)
  (/8): BoundParams(name=/8, inputs=[], perturbed=False)
  (/9): BoundConv(name=/9, inputs=[/input-1, /1, /2], perturbed=True)
  (/input): BoundRelu(name=/input, inputs=[/9], perturbed=True)
  (/11): BoundConv(name=/11, inputs=[/input, /3, /4], perturbed=True)
  (/12): BoundRelu(name=/12, inputs=[/11], perturbed=True)
  (/13): BoundShape(name=/13, inputs=[/12], perturbed=False)
  (/14): BoundConstant(name=/14, value=0)
  (/15): BoundGather(name=/15, inputs=[/13, /14], perturbed=False)
  (/16): BoundConstant(name=/16, value=-1)
  (/17): BoundConstant(name=/17, value=tensor([0]))
  (/18): BoundUnsqueeze(name=/18, inputs=[/15, /17], perturbed=False)
  (/19): BoundConstant(name=/19, value=tensor([0]))
  (/20): BoundUnsqueeze(name=/20, inputs=[/16, /19], perturbed=False)
  (/21): BoundConcat(name=/21, inputs=[/18, /20], perturbed=False)
  (/22): BoundReshape(name=/22, inputs=[/12, /21], perturbed=True)
  (/23): BoundLinear(name=/23, inputs=[/22, /5, /6], perturbed=True)
  (/24): BoundRelu(name=/24, inputs=[/23], perturbed=True)
  (/25): BoundLinear(name=/25, inputs=[/24, /7, /8], perturbed=True)
)
Original output in the first batch: tensor([[-8.53017330,  3.90889978, -3.17938066, -2.49021578, -0.94697589,
         -2.95730567, -3.56184506, -2.73015738, -2.07122707, -3.55170751]])
Split layers:
Nonlinear functions:
   BoundRelu(name=/input, inputs=[/9], perturbed=True)
   BoundRelu(name=/12, inputs=[/11], perturbed=True)
   BoundRelu(name=/24, inputs=[/23], perturbed=True)
build batch [1/1]
layer /input using sparse-features alpha with shape [0]; unstable size 0; total size 1568 ([1, 8, 14, 14])
layer /input start_node /25 using full alpha [2, 9, 1, 0] with unstable size None total_size 9 output_shape 9
layer /12 using sparse-features alpha with shape [0]; unstable size 0; total size 784 ([1, 16, 7, 7])
layer /12 start_node /25 using full alpha [2, 9, 1, 0] with unstable size None total_size 9 output_shape 9
layer /24 using sparse-features alpha with shape [0]; unstable size 0; total size 256 ([1, 256])
layer /24 start_node /25 using full alpha [2, 9, 1, 0] with unstable size None total_size 9 output_shape 9
Optimizable variables initialized.
initial CROWN bounds (first 10 items): [12.404815673828125, 7.041065692901611, 6.3674421310424805, 4.8271307945251465, 6.8441853523254395, 7.450004577636719, 6.589773178100586, 5.94692850112915, 7.4122138023376465]
Verified with initial CROWN!
verified with init bound!
Result: safe-incomplete in 0.4953 seconds

 %%%%%%%%%%%%%%%%%%%%%%%%%%%%%%%%%%% idx: 3, vnnlib ID: 3 %%%%%%%%%%%%%%%%%%%%%%%%%%%%%%%%%%%
Finished vnnlib processing in 0.000904 seconds
Attack parameters: initialization=uniform, steps=100, restarts=10, alpha=0.0025000013411045074, GAMA=False
PGD attack margin (first 2 examples and 10 specs):
 tensor([[15.68941307,  6.83372641,  5.81850433,  7.14019012,  6.09353447,
          6.13447094, 11.75483131,  5.32237673,  8.00303459]])
Total number of violation:  0
Processing batch 1/1...
PGD attack margin (first 2 examples and 10 specs):
 tensor([[15.67037201,  6.80007935,  5.80290318,  7.13343906,  6.07297802,
          6.12484074, 11.74649429,  5.31166935,  7.99772167]])
Total number of violation:  0
Attack finished in 0.4300 seconds.
PGD attack failed
verified_status unknown
verified_success False
Model: BoundedModule(
  (/input-1): BoundInput(name=/input-1, inputs=[], perturbed=True)
  (/1): BoundParams(name=/1, inputs=[], perturbed=False)
  (/2): BoundParams(name=/2, inputs=[], perturbed=False)
  (/3): BoundParams(name=/3, inputs=[], perturbed=False)
  (/4): BoundParams(name=/4, inputs=[], perturbed=False)
  (/5): BoundParams(name=/5, inputs=[], perturbed=False)
  (/6): BoundParams(name=/6, inputs=[], perturbed=False)
  (/7): BoundParams(name=/7, inputs=[], perturbed=False)
  (/8): BoundParams(name=/8, inputs=[], perturbed=False)
  (/9): BoundConv(name=/9, inputs=[/input-1, /1, /2], perturbed=True)
  (/input): BoundRelu(name=/input, inputs=[/9], perturbed=True)
  (/11): BoundConv(name=/11, inputs=[/input, /3, /4], perturbed=True)
  (/12): BoundRelu(name=/12, inputs=[/11], perturbed=True)
  (/13): BoundShape(name=/13, inputs=[/12], perturbed=False)
  (/14): BoundConstant(name=/14, value=0)
  (/15): BoundGather(name=/15, inputs=[/13, /14], perturbed=False)
  (/16): BoundConstant(name=/16, value=-1)
  (/17): BoundConstant(name=/17, value=tensor([0]))
  (/18): BoundUnsqueeze(name=/18, inputs=[/15, /17], perturbed=False)
  (/19): BoundConstant(name=/19, value=tensor([0]))
  (/20): BoundUnsqueeze(name=/20, inputs=[/16, /19], perturbed=False)
  (/21): BoundConcat(name=/21, inputs=[/18, /20], perturbed=False)
  (/22): BoundReshape(name=/22, inputs=[/12, /21], perturbed=True)
  (/23): BoundLinear(name=/23, inputs=[/22, /5, /6], perturbed=True)
  (/24): BoundRelu(name=/24, inputs=[/23], perturbed=True)
  (/25): BoundLinear(name=/25, inputs=[/24, /7, /8], perturbed=True)
)
Original output in the first batch: tensor([[  4.09985304, -11.59694195,  -2.72290754,  -1.71118009,  -3.07531166,
          -1.99091196,  -2.04143858,  -7.70544100,  -1.22112119,  -3.93691325]])
Split layers:
Nonlinear functions:
   BoundRelu(name=/input, inputs=[/9], perturbed=True)
   BoundRelu(name=/12, inputs=[/11], perturbed=True)
   BoundRelu(name=/24, inputs=[/23], perturbed=True)
build batch [1/1]
layer /input using sparse-features alpha with shape [2]; unstable size 2; total size 1568 ([1, 8, 14, 14])
layer /input start_node /11 using sparse-spec alpha [2, 2, 1, 2] with unstable size 1 total_size 784 output_shape (16, 7, 7)
layer /input start_node /23 using sparse-spec alpha [2, 1, 1, 2] with unstable size 0 total_size 256 output_shape torch.Size([256])
layer /input start_node /25 using full alpha [2, 9, 1, 2] with unstable size None total_size 9 output_shape 9
layer /12 using sparse-features alpha with shape [1]; unstable size 1; total size 784 ([1, 16, 7, 7])
layer /12 start_node /23 using sparse-spec alpha [2, 1, 1, 1] with unstable size 0 total_size 256 output_shape torch.Size([256])
layer /12 start_node /25 using full alpha [2, 9, 1, 1] with unstable size None total_size 9 output_shape 9
layer /24 using sparse-features alpha with shape [0]; unstable size 0; total size 256 ([1, 256])
layer /24 start_node /25 using full alpha [2, 9, 1, 0] with unstable size None total_size 9 output_shape 9
Optimizable variables initialized.
initial CROWN bounds (first 10 items): [15.670372009277344, 6.799809455871582, 5.802902698516846, 7.133440017700195, 6.0729756355285645, 6.124841213226318, 11.746492385864258, 5.31166410446167, 7.997719764709473]
Verified with initial CROWN!
verified with init bound!
Result: safe-incomplete in 0.4677 seconds

 %%%%%%%%%%%%%%%%%%%%%%%%%%%%%%%%%%% idx: 4, vnnlib ID: 4 %%%%%%%%%%%%%%%%%%%%%%%%%%%%%%%%%%%
Finished vnnlib processing in 0.000967 seconds
Attack parameters: initialization=uniform, steps=100, restarts=10, alpha=0.0025000013411045074, GAMA=False
PGD attack margin (first 2 examples and 10 specs):
 tensor([[ 6.44380760, 11.31711292,  6.12721157,  8.45747471,  8.05713654,
          6.99829769,  5.11634350,  6.49363089,  2.80663204]])
Total number of violation:  0
Processing batch 1/1...
PGD attack margin (first 2 examples and 10 specs):
 tensor([[ 6.40127277, 11.30590439,  6.08426142,  8.44711304,  8.04225540,
          6.95265388,  5.11478424,  6.45708084,  2.80642390]])
Total number of violation:  0
Attack finished in 0.4638 seconds.
PGD attack failed
verified_status unknown
verified_success False
Model: BoundedModule(
  (/input-1): BoundInput(name=/input-1, inputs=[], perturbed=True)
  (/1): BoundParams(name=/1, inputs=[], perturbed=False)
  (/2): BoundParams(name=/2, inputs=[], perturbed=False)
  (/3): BoundParams(name=/3, inputs=[], perturbed=False)
  (/4): BoundParams(name=/4, inputs=[], perturbed=False)
  (/5): BoundParams(name=/5, inputs=[], perturbed=False)
  (/6): BoundParams(name=/6, inputs=[], perturbed=False)
  (/7): BoundParams(name=/7, inputs=[], perturbed=False)
  (/8): BoundParams(name=/8, inputs=[], perturbed=False)
  (/9): BoundConv(name=/9, inputs=[/input-1, /1, /2], perturbed=True)
  (/input): BoundRelu(name=/input, inputs=[/9], perturbed=True)
  (/11): BoundConv(name=/11, inputs=[/input, /3, /4], perturbed=True)
  (/12): BoundRelu(name=/12, inputs=[/11], perturbed=True)
  (/13): BoundShape(name=/13, inputs=[/12], perturbed=False)
  (/14): BoundConstant(name=/14, value=0)
  (/15): BoundGather(name=/15, inputs=[/13, /14], perturbed=False)
  (/16): BoundConstant(name=/16, value=-1)
  (/17): BoundConstant(name=/17, value=tensor([0]))
  (/18): BoundUnsqueeze(name=/18, inputs=[/15, /17], perturbed=False)
  (/19): BoundConstant(name=/19, value=tensor([0]))
  (/20): BoundUnsqueeze(name=/20, inputs=[/16, /19], perturbed=False)
  (/21): BoundConcat(name=/21, inputs=[/18, /20], perturbed=False)
  (/22): BoundReshape(name=/22, inputs=[/12, /21], perturbed=True)
  (/23): BoundLinear(name=/23, inputs=[/22, /5, /6], perturbed=True)
  (/24): BoundRelu(name=/24, inputs=[/23], perturbed=True)
  (/25): BoundLinear(name=/25, inputs=[/24, /7, /8], perturbed=True)
)
Original output in the first batch: tensor([[-3.01613069, -7.91317272, -2.66024566, -5.02299547,  3.46338344,
         -4.60179329, -3.54782033, -1.67915618, -3.03422070,  0.65425539]])
Split layers:
Nonlinear functions:
   BoundRelu(name=/input, inputs=[/9], perturbed=True)
   BoundRelu(name=/12, inputs=[/11], perturbed=True)
   BoundRelu(name=/24, inputs=[/23], perturbed=True)
build batch [1/1]
layer /input using sparse-features alpha with shape [0]; unstable size 0; total size 1568 ([1, 8, 14, 14])
layer /input start_node /25 using full alpha [2, 9, 1, 0] with unstable size None total_size 9 output_shape 9
layer /12 using sparse-features alpha with shape [0]; unstable size 0; total size 784 ([1, 16, 7, 7])
layer /12 start_node /25 using full alpha [2, 9, 1, 0] with unstable size None total_size 9 output_shape 9
layer /24 using sparse-features alpha with shape [0]; unstable size 0; total size 256 ([1, 256])
layer /24 start_node /25 using full alpha [2, 9, 1, 0] with unstable size None total_size 9 output_shape 9
Optimizable variables initialized.
initial CROWN bounds (first 10 items): [6.40126895904541, 11.305910110473633, 6.0842604637146, 8.447113990783691, 8.04224967956543, 6.952650547027588, 5.114784240722656, 6.457080364227295, 2.8064231872558594]
Verified with initial CROWN!
verified with init bound!
Result: safe-incomplete in 0.5052 seconds
############# Summary #############
Final verified acc: 100.0% (total 5 examples)
Problem instances count: 5 , total verified (safe/unsat): 5 , total falsified (unsafe/sat): 0 , timeout: 0
mean time for ALL instances (total 5):0.49226624264036634, max time: 0.5153195858001709
mean time for verified SAFE instances(total 5): 0.49226722717285154, max time: 0.5153195858001709
safe-incomplete (total 5), index: [0, 1, 2, 3, 4]

STDERR:
D:\ABCROWN\alpha-beta-CROWN\complete_verifier\specifications.py:342: UserWarning: Creating a tensor from a list of numpy.ndarrays is extremely slow. Please consider converting the list to a single numpy.ndarray with numpy.array() before converting to a tensor. (Triggered internally at C:\actions-runner\_work\pytorch\pytorch\pytorch\torch\csrc\utils\tensor_new.cpp:256.)
  x_range_list = torch.Tensor(x_range_list).to(dtype=dtype, device=device).view(input_shape + [2])

  0%|          | 0/100 [00:00<?, ?it/s]
 24%|██▍       | 24/100 [00:00<00:00, 230.65it/s]
 48%|████▊     | 48/100 [00:00<00:00, 233.52it/s]
 72%|███████▏  | 72/100 [00:00<00:00, 231.12it/s]
 97%|█████████▋| 97/100 [00:00<00:00, 235.28it/s]
100%|██████████| 100/100 [00:00<00:00, 234.20it/s]

  0%|          | 0/100 [00:00<?, ?it/s]
 21%|██        | 21/100 [00:00<00:00, 208.27it/s]
 46%|████▌     | 46/100 [00:00<00:00, 229.83it/s]
 70%|███████   | 70/100 [00:00<00:00, 234.06it/s]
 95%|█████████▌| 95/100 [00:00<00:00, 237.01it/s]
100%|██████████| 100/100 [00:00<00:00, 233.72it/s]

  0%|          | 0/100 [00:00<?, ?it/s]
 22%|██▏       | 22/100 [00:00<00:00, 213.12it/s]
 46%|████▌     | 46/100 [00:00<00:00, 223.37it/s]
 70%|███████   | 70/100 [00:00<00:00, 230.75it/s]
 94%|█████████▍| 94/100 [00:00<00:00, 226.62it/s]
100%|██████████| 100/100 [00:00<00:00, 225.87it/s]

  0%|          | 0/100 [00:00<?, ?it/s]
 23%|██▎       | 23/100 [00:00<00:00, 228.92it/s]
 47%|████▋     | 47/100 [00:00<00:00, 232.03it/s]
 71%|███████   | 71/100 [00:00<00:00, 234.79it/s]
 95%|█████████▌| 95/100 [00:00<00:00, 235.95it/s]
100%|██████████| 100/100 [00:00<00:00, 235.16it/s]

  0%|          | 0/100 [00:00<?, ?it/s]
 15%|█▌        | 15/100 [00:00<00:00, 143.53it/s]
 39%|███▉      | 39/100 [00:00<00:00, 198.12it/s]
 63%|██████▎   | 63/100 [00:00<00:00, 216.95it/s]
 88%|████████▊ | 88/100 [00:00<00:00, 226.94it/s]
100%|██████████| 100/100 [00:00<00:00, 217.93it/s]
