=== VERIFICATION START: 2026-06-27 19:38:30 ===
Model: MNIST_simple_CROWN-IBP_wcim_eps3
Epsilon: 0.03
Config file: D:\ABCROWN\alpha-beta-CROWN\complete_verifier\my_verify\spsa_training\config\MNIST_simple_CROWN-IBP_wcim_eps3.yaml

=== STDOUT ===
Configurations:

general:
  device: cpu
  seed: 100
  conv_mode: patches
  deterministic: false
  double_fp: false
  loss_reduction_func: sum
  sparse_alpha: true
  sparse_interm: true
  save_adv_example: false
  verify_onnxruntime_output: false
  eval_adv_example: false
  onnx_adv_example: false
  show_adv_example: false
  precompile_jit: false
  reset_seed_after_precompile: false
  prepare_only: false
  complete_verifier: bab
  enable_incomplete_verification: true
  csv_name: null
  results_file: out.txt
  root_path: ''
  deterministic_opt: false
  graph_optimizer: 'Customized("custom_graph_optimizer", "default_optimizer")'
  buffer_has_batchdim: false
  save_output: false
  output_file: out.pkl
  return_optimized_model: false
  store_all_specs_on_cpu: false
  adhoc_tuning: null
model:
  name: spsa_training_mlp
  path: models/my_models/spsa_training/MNIST_simple_CROWN-IBP_wcim.pt
  onnx_path: null
  onnx_path_prefix: ''
  cache_onnx_conversion: false
  debug_onnx: false
  onnx_quirks: null
  input_shape: null
  onnx_loader: default_onnx_and_vnnlib_loader
  onnx_optimization_flags: []
  onnx_vnnlib_joint_optimization_flags: none
  check_optimized: false
  flatten_final_output: false
  optimize_graph: null
  with_jacobian: false
  bound_opts: null
data:
  start: 0
  end: 5
  select_instance: null
  num_outputs: 10
  mean: [0.0]
  std: [1.0]
  pkl_path: null
  dataset: MNIST
  data_filter_path: null
  data_idx_file: null
specification:
  type: lp
  robustness_type: verified-acc
  norm: .inf
  epsilon: 0.03
  epsilon_min: 0.0
  vnnlib_path: null
  vnnlib_path_prefix: ''
  shrink_eps: null
  rhs_offset: null
solver:
  batch_size: 1024
  auto_enlarge_batch_size: true
  batched_crown_auto_enlarge_max_vram_ratio: 0.9
  min_batch_size_ratio: 0.1
  use_float64_in_last_iteration: false
  early_stop_patience: 10
  start_save_best: 0.5
  bound_prop_method: alpha-crown
  init_bound_prop_method: same
  prune_after_crown: true
  optimize_disjuncts_separately: false
  build_batch_size: 1000000
  skip_with_refined_bound: true
  forward_before_compute_bounds: false
  crown:
    batch_size: 1000000000
    max_crown_size: 1000000000
    activation_bound_option: adaptive
    compare_crown_with_ibp: false
  alpha-crown:
    alpha: true
    lr_alpha: 0.1
    iteration: 100
    share_alphas: false
    lr_decay: 0.98
    full_conv_alpha: true
    max_coeff_mul: .inf
    matmul_share_alphas: false
    disable_optimization: []
    max_time: 1.0
    alpha_dtype: float16
    input_split_alpha_iteration: 5
    input_split_lr_alpha: 0.05
  invprop:
    apply_output_constraints_to: []
    tighten_input_bounds: false
    best_of_oc_and_no_oc: false
    directly_optimize: []
    oc_lr: 0.1
    share_gammas: false
  beta-crown:
    lr_alpha: 0.01
    lr_beta: 0.05
    lr_decay: 0.98
    optimizer: adam
    iteration: 20
    beta: true
    beta_warmup: true
    enable_opt_interm_bounds: false
    all_node_split_LP: false
  forward:
    refine: false
    max_dim: 10000
    reset_threshold: 1.0
  mip:
    unstable_neuron_threshold: 0
    parallel_solvers: null
    solver_threads: 1
    refine_neuron_timeout: 15
    refine_neuron_time_percentage: 0.8
    early_stop: true
    adv_warmup: true
    mip_solver: gurobi
    skip_unsafe: false
    topk_filter: 1.0
    sliding_window: -1
    extra_constraint: false
    refine_neuron_timeout_increasement: 0
    timeout_neuron_percentage: 0.3
    remaining_timeout_threshold: 1
    remove_unstable_neurons: false
    formulation: mip
    output_cut: false
bab:
  max_domains: .inf
  decision_thresh: 0
  timeout: 120
  timeout_scale: 1
  max_iterations: -1
  override_timeout: null
  get_upper_bound: false
  pruning_in_iteration: true
  pruning_in_iteration_ratio: 0.2
  sort_targets: false
  batched_domain_list: true
  optimized_interm: ''
  interm_transfer: true
  recompute_interm: false
  sort_domain_interval: -1
  vanilla_crown: false
  tree_traversal: depth_first
  hugetensor_allocator: true
  cut:
    enabled: false
    cuts_path: null
    bab_cut: false
    lp_cut: false
    lr: 0.01
    lr_decay: 1.0
    iteration: 100
    bab_iteration: -1
    early_stop_patience: -1
    lr_beta: 0.02
    number_cuts: 50
    topk_cuts_in_filter: 1000
    batch_size_primal: 100
    max_num: 1000000000
    patches_cut: false
    cplex_cuts: false
    cplex_cuts_wait: 0
    cplex_cuts_revpickup: true
    cut_reference_bounds: true
    fix_intermediate_bounds: false
    manual_cuts: null
    biccos:
      enabled: false
      auto_param: true
      constraint_strengthening: true
      drop_ratio: 0.5
      max_infer_iter: 20
      max_domain: 10000.0
      heuristic: neuron_influence_score
      save_cuts: false
      multi_tree_branching:
        enabled: false
        restore_best_tree: true
        keep_n_best_domains: 50
        target_batch_size: 200
        iterations: 3
  clip_n_verify:
    rearrange_constraints: false
    alpha_crown: false
    prune: false
    final_layer: false
    clip_input_domain:
      enabled: false
      clip_type: relaxed
      clip_neuron_selection_type: ratio
      clip_neuron_selection_value: -1.0
      clip_iterations: 1
      clip_calculate_volume_metrics: false
    clip_interm_domain:
      enabled: false
      with_input: false
      clip_in_alpha_crown: false
      topk_objective: 20
  branching:
    method: kfsb
    candidates: 3
    reduceop: min
    enable_intermediate_bound_opt: false
    branching_input_and_activation: false
    branching_input_and_activation_order: [input, relu]
    branching_input_iterations: 30
    branching_relu_iterations: 50
    nonlinear_split:
      method: bbps
      disable: false
      branching_point_method: uniform
      num_branches: 2
      filter: false
      filter_beta: false
      filter_clamp: false
      filter_batch_size: 10000
      filter_iterations: 25
      relu_only: false
      loose_tanh_threshold: null
      branching_point:
        db_path: branching_points.pt
        num_iterations: 1000
        batch_size: 1000000
        range_l: -5.0
        range_u: 5.0
        log_interval: 100
        step_size_1d: 0.01
        step_size: 0.2
    input_split:
      split_hint: null
      enable: false
      reorder_bab: false
      input_dim_threshold: 20
      adv_check: 0
      split_partitions: 2
      sb_margin_weight: 1.0
      sb_sum: false
      sb_primary_spec: null
      bf_backup_thresh: -1
      bf_rhs_offset: 0
      bf_iters: 1000000000.0
      bf_batch_size: 100000
      bf_zero_crossing_score: false
      touch_zero_score: 0
      ibp_enhancement: true
      compare_with_old_bounds: true
      update_rhs_with_attack: false
      sb_coeff_thresh: 0.001
      sort_index: null
      sort_descending: true
      show_progress: false
      presplit_domains: null
      skip_getting_worst_domain: false
  attack:
    enabled: false
    beam_candidates: 8
    beam_depth: 7
    max_dive_fix_ratio: 0.8
    min_local_free_ratio: 0.2
    mip_start_iteration: 5
    mip_timeout: 30.0
    adv_pool_threshold: null
    refined_mip_attacker: false
    refined_batch_size: null
attack:
  general_attack: true
  pgd_order: before
  pgd_steps: 100
  pgd_restarts: 10
  pgd_batch_size: 100000000
  pgd_early_stop: true
  pgd_lr_decay: 0.99
  pgd_alpha: auto
  pgd_alpha_scale: false
  pgd_loss_mode: null
  pgd_restart_when_stuck: false
  enable_mip_attack: false
  adv_saver: default_adv_saver
  adv_verifier: default_adv_verifier
  early_stop_condition: default_early_stop_condition
  adv_example_finalizer: default_adv_example_finalizer
  pgd_loss: default_pgd_loss
  cex_path: ./test_cex.txt
  attack_mode: PGD
  attack_tolerance: 0.0
  attack_func: attack_with_general_specs
  gama_lambda: 10.0
  gama_decay: 0.9
  input_split:
    pgd_steps: 100
    pgd_restarts: 30
    pgd_alpha: auto
  input_split_check_adv:
    enabled: auto
    pgd_steps: 5
    pgd_restarts: 5
    pgd_alpha: auto
    max_num_domains: 10
debug:
  view_model: false
  lp_test: null
  rescale_vnnlib_ptb: null
  test_optimized_bounds: false
  test_optimized_bounds_after_n_iterations: 0
  print_verbose_decisions: false
  biccos_mip_sanity_check: false
  sanity_check: 0
  z_split_enabled: false
  save_minimal_config: null
  save_minimal_config_omit_keys: []

Experiments at Sat Jun 27 19:38:20 2026 on QHS
Sequential(
  (flatten): Flatten(start_dim=1, end_dim=-1)
  (layers): Sequential(
    (0): Linear(in_features=784, out_features=64, bias=True)
    (1): ReLU()
    (2): Linear(in_features=64, out_features=32, bias=True)
    (3): ReLU()
    (4): Linear(in_features=32, out_features=10, bias=True)
  )
)
Parameters:
  layers.0.weight: shape torch.Size([64, 784])
  layers.0.bias: shape torch.Size([64])
  layers.2.weight: shape torch.Size([32, 64])
  layers.2.bias: shape torch.Size([32])
  layers.4.weight: shape torch.Size([10, 32])
  layers.4.bias: shape torch.Size([10])
Trying generic MNIST/CIFAR data loader.
Internal results will be saved to out.txt.

 %%%%%%%%%%%%%%%%%%%%%%%%%%%%%%%%%%% idx: 0, vnnlib ID: 0 %%%%%%%%%%%%%%%%%%%%%%%%%%%%%%%%%%%
Finished vnnlib processing in 0.001509 seconds
Attack parameters: initialization=uniform, steps=100, restarts=10, alpha=0.007500000298023224, GAMA=False
PGD attack margin (first 2 examples and 10 specs):
 tensor([[0.78640562, 1.06649756, 0.85833216, 0.88534069, 1.01528370, 1.02908683,
         1.03358221, 0.99488544, 0.95117956]])
Total number of violation:  0
Processing batch 1/1...
PGD attack margin (first 2 examples and 10 specs):
 tensor([[0.70617682, 1.02638924, 0.77939606, 0.82457495, 0.97784257, 0.98855573,
         0.99340516, 0.92795539, 0.89624232]])
Total number of violation:  0
Attack finished in 0.3120 seconds.
PGD attack failed
verified_status unknown
verified_success False
Model: BoundedModule(
  (/0): BoundInput(name=/0, inputs=[], perturbed=True)
  (/1): BoundParams(name=/1, inputs=[], perturbed=False)
  (/2): BoundParams(name=/2, inputs=[], perturbed=False)
  (/3): BoundParams(name=/3, inputs=[], perturbed=False)
  (/4): BoundParams(name=/4, inputs=[], perturbed=False)
  (/5): BoundParams(name=/5, inputs=[], perturbed=False)
  (/6): BoundParams(name=/6, inputs=[], perturbed=False)
  (/7): BoundFlatten(name=/7, inputs=[/0], perturbed=True)
  (/input): BoundLinear(name=/input, inputs=[/7, /1, /2], perturbed=True)
  (/9): BoundRelu(name=/9, inputs=[/input], perturbed=True)
  (/input-3): BoundLinear(name=/input-3, inputs=[/9, /3, /4], perturbed=True)
  (/11): BoundRelu(name=/11, inputs=[/input-3], perturbed=True)
  (/12): BoundLinear(name=/12, inputs=[/11, /5, /6], perturbed=True)
)
Original output in the first batch: tensor([[ 0.28191930, -0.01338091,  0.21014233,  0.17510860,  0.03920405,
          0.02450781,  0.02040517,  1.06803787,  0.06946000,  0.10252438]])
Split layers:
Nonlinear functions:
   BoundRelu(name=/9, inputs=[/input], perturbed=True)
   BoundRelu(name=/11, inputs=[/input-3], perturbed=True)
build batch [1/1]
layer /9 using sparse-features alpha with shape [3]; unstable size 3; total size 64 ([1, 64])
layer /9 start_node /12 using full alpha [2, 9, 1, 3] with unstable size None total_size 9 output_shape 9
layer /11 using sparse-features alpha with shape [0]; unstable size 0; total size 32 ([1, 32])
layer /11 start_node /12 using full alpha [2, 9, 1, 0] with unstable size None total_size 9 output_shape 9
Optimizable variables initialized.
initial CROWN bounds (first 10 items): [0.7061768770217896, 1.0258641242980957, 0.7793962359428406, 0.8245749473571777, 0.9778425097465515, 0.9885557293891907, 0.9934053421020508, 0.9279553294181824, 0.8962421417236328]
Verified with initial CROWN!
verified with init bound!
Result: safe-incomplete in 0.3601 seconds

 %%%%%%%%%%%%%%%%%%%%%%%%%%%%%%%%%%% idx: 1, vnnlib ID: 1 %%%%%%%%%%%%%%%%%%%%%%%%%%%%%%%%%%%
Finished vnnlib processing in 0.000830 seconds
Attack parameters: initialization=uniform, steps=100, restarts=10, alpha=0.007500000298023224, GAMA=False
PGD attack margin (first 2 examples and 10 specs):
 tensor([[0.27177048, 0.62890077, 0.36051553, 0.57573503, 0.62561983, 0.14907232,
         0.60014421, 0.49186370, 0.63131833]])
Total number of violation:  0
Processing batch 1/1...
PGD attack margin (first 2 examples and 10 specs):
 tensor([[0.17185205, 0.60119009, 0.28222126, 0.52334487, 0.59024364, 0.07532853,
         0.56371450, 0.42147180, 0.59350169]])
Total number of violation:  0
Attack finished in 0.2786 seconds.
PGD attack failed
verified_status unknown
verified_success False
Model: BoundedModule(
  (/0): BoundInput(name=/0, inputs=[], perturbed=True)
  (/1): BoundParams(name=/1, inputs=[], perturbed=False)
  (/2): BoundParams(name=/2, inputs=[], perturbed=False)
  (/3): BoundParams(name=/3, inputs=[], perturbed=False)
  (/4): BoundParams(name=/4, inputs=[], perturbed=False)
  (/5): BoundParams(name=/5, inputs=[], perturbed=False)
  (/6): BoundParams(name=/6, inputs=[], perturbed=False)
  (/7): BoundFlatten(name=/7, inputs=[/0], perturbed=True)
  (/input): BoundLinear(name=/input, inputs=[/7, /1, /2], perturbed=True)
  (/9): BoundRelu(name=/9, inputs=[/input], perturbed=True)
  (/input-3): BoundLinear(name=/input-3, inputs=[/9, /3, /4], perturbed=True)
  (/11): BoundRelu(name=/11, inputs=[/input-3], perturbed=True)
  (/12): BoundLinear(name=/12, inputs=[/11, /5, /6], perturbed=True)
)
Original output in the first batch: tensor([[ 0.39254612,  0.01042253,  0.65932298,  0.29586959,  0.07349201,
          0.00374258,  0.50113207,  0.02745796,  0.14525764, -0.00292598]])
Split layers:
Nonlinear functions:
   BoundRelu(name=/9, inputs=[/input], perturbed=True)
   BoundRelu(name=/11, inputs=[/input-3], perturbed=True)
build batch [1/1]
layer /9 using sparse-features alpha with shape [3]; unstable size 3; total size 64 ([1, 64])
layer /9 start_node /12 using full alpha [2, 9, 1, 3] with unstable size None total_size 9 output_shape 9
layer /11 using sparse-features alpha with shape [0]; unstable size 0; total size 32 ([1, 32])
layer /11 start_node /12 using full alpha [2, 9, 1, 0] with unstable size None total_size 9 output_shape 9
Optimizable variables initialized.
initial CROWN bounds (first 10 items): [0.16825984418392181, 0.6011902689933777, 0.27902495861053467, 0.5232512950897217, 0.5886224508285522, 0.07319360971450806, 0.5637146830558777, 0.41792047023773193, 0.5935016870498657]
Verified with initial CROWN!
verified with init bound!
Result: safe-incomplete in 0.3099 seconds

 %%%%%%%%%%%%%%%%%%%%%%%%%%%%%%%%%%% idx: 2, vnnlib ID: 2 %%%%%%%%%%%%%%%%%%%%%%%%%%%%%%%%%%%
Finished vnnlib processing in 0.001082 seconds
Attack parameters: initialization=uniform, steps=100, restarts=10, alpha=0.007500000298023224, GAMA=False
PGD attack margin (first 2 examples and 10 specs):
 tensor([[0.81017047, 0.61602038, 0.69436324, 0.81215566, 0.78613782, 0.65996218,
         0.65368301, 0.74884045, 0.76617295]])
Total number of violation:  0
Processing batch 1/1...
PGD attack margin (first 2 examples and 10 specs):
 tensor([[0.77195251, 0.53641379, 0.62523234, 0.77390462, 0.74767822, 0.58635497,
         0.58450913, 0.67836523, 0.70343691]])
Total number of violation:  0
Attack finished in 0.3656 seconds.
PGD attack failed
verified_status unknown
verified_success False
Model: BoundedModule(
  (/0): BoundInput(name=/0, inputs=[], perturbed=True)
  (/1): BoundParams(name=/1, inputs=[], perturbed=False)
  (/2): BoundParams(name=/2, inputs=[], perturbed=False)
  (/3): BoundParams(name=/3, inputs=[], perturbed=False)
  (/4): BoundParams(name=/4, inputs=[], perturbed=False)
  (/5): BoundParams(name=/5, inputs=[], perturbed=False)
  (/6): BoundParams(name=/6, inputs=[], perturbed=False)
  (/7): BoundFlatten(name=/7, inputs=[/0], perturbed=True)
  (/input): BoundLinear(name=/input, inputs=[/7, /1, /2], perturbed=True)
  (/9): BoundRelu(name=/9, inputs=[/input], perturbed=True)
  (/input-3): BoundLinear(name=/input-3, inputs=[/9, /3, /4], perturbed=True)
  (/11): BoundRelu(name=/11, inputs=[/input-3], perturbed=True)
  (/12): BoundLinear(name=/12, inputs=[/11, /5, /6], perturbed=True)
)
Original output in the first batch: tensor([[-5.05298376e-05,  8.25013041e-01,  2.13248149e-01,  1.27070740e-01,
          1.24246627e-03,  3.03919166e-02,  1.61324322e-01,  1.67139202e-01,
          8.11518282e-02,  3.89570855e-02]])
Split layers:
Nonlinear functions:
   BoundRelu(name=/9, inputs=[/input], perturbed=True)
   BoundRelu(name=/11, inputs=[/input-3], perturbed=True)
build batch [1/1]
layer /9 using sparse-features alpha with shape [4]; unstable size 4; total size 64 ([1, 64])
layer /9 start_node /12 using full alpha [2, 9, 1, 4] with unstable size None total_size 9 output_shape 9
layer /11 using sparse-features alpha with shape [0]; unstable size 0; total size 32 ([1, 32])
layer /11 start_node /12 using full alpha [2, 9, 1, 0] with unstable size None total_size 9 output_shape 9
Optimizable variables initialized.
initial CROWN bounds (first 10 items): [0.7079508900642395, 0.5178053975105286, 0.5980020761489868, 0.7419312000274658, 0.7360929250717163, 0.5784671902656555, 0.5769777297973633, 0.6771655082702637, 0.6202028393745422]
Verified with initial CROWN!
verified with init bound!
Result: safe-incomplete in 0.3830 seconds

 %%%%%%%%%%%%%%%%%%%%%%%%%%%%%%%%%%% idx: 3, vnnlib ID: 3 %%%%%%%%%%%%%%%%%%%%%%%%%%%%%%%%%%%
Finished vnnlib processing in 0.000792 seconds
Attack parameters: initialization=uniform, steps=100, restarts=10, alpha=0.007500000298023224, GAMA=False
PGD attack margin (first 2 examples and 10 specs):
 tensor([[0.96217251, 0.71904486, 0.91200435, 0.93823725, 0.92799675, 0.63968575,
         0.57307571, 0.91475397, 0.86223745]])
Total number of violation:  0
Processing batch 1/1...
PGD attack margin (first 2 examples and 10 specs):
 tensor([[0.93592757, 0.64249384, 0.84932029, 0.91190821, 0.90135378, 0.56948578,
         0.51059675, 0.86194766, 0.80779916]])
Total number of violation:  0
Attack finished in 0.2783 seconds.
PGD attack failed
verified_status unknown
verified_success False
Model: BoundedModule(
  (/0): BoundInput(name=/0, inputs=[], perturbed=True)
  (/1): BoundParams(name=/1, inputs=[], perturbed=False)
  (/2): BoundParams(name=/2, inputs=[], perturbed=False)
  (/3): BoundParams(name=/3, inputs=[], perturbed=False)
  (/4): BoundParams(name=/4, inputs=[], perturbed=False)
  (/5): BoundParams(name=/5, inputs=[], perturbed=False)
  (/6): BoundParams(name=/6, inputs=[], perturbed=False)
  (/7): BoundFlatten(name=/7, inputs=[/0], perturbed=True)
  (/input): BoundLinear(name=/input, inputs=[/7, /1, /2], perturbed=True)
  (/9): BoundRelu(name=/9, inputs=[/input], perturbed=True)
  (/input-3): BoundLinear(name=/input-3, inputs=[/9, /3, /4], perturbed=True)
  (/11): BoundRelu(name=/11, inputs=[/input-3], perturbed=True)
  (/12): BoundLinear(name=/12, inputs=[/11, /5, /6], perturbed=True)
)
Original output in the first batch: tensor([[ 0.96578425, -0.01938912,  0.23807408,  0.03845124,  0.00529420,
          0.01526762,  0.30824044,  0.37387061,  0.04054854,  0.08023802]])
Split layers:
Nonlinear functions:
   BoundRelu(name=/9, inputs=[/input], perturbed=True)
   BoundRelu(name=/11, inputs=[/input-3], perturbed=True)
build batch [1/1]
layer /9 using sparse-features alpha with shape [2]; unstable size 2; total size 64 ([1, 64])
layer /9 start_node /12 using full alpha [2, 9, 1, 2] with unstable size None total_size 9 output_shape 9
layer /11 using sparse-features alpha with shape [0]; unstable size 0; total size 32 ([1, 32])
layer /11 start_node /12 using full alpha [2, 9, 1, 0] with unstable size None total_size 9 output_shape 9
Optimizable variables initialized.
initial CROWN bounds (first 10 items): [0.9359059929847717, 0.6424376964569092, 0.8463125228881836, 0.9119083285331726, 0.9012638926506042, 0.5693863034248352, 0.5105301141738892, 0.8619234561920166, 0.8072729706764221]
Verified with initial CROWN!
verified with init bound!
Result: safe-incomplete in 0.3055 seconds

 %%%%%%%%%%%%%%%%%%%%%%%%%%%%%%%%%%% idx: 4, vnnlib ID: 4 %%%%%%%%%%%%%%%%%%%%%%%%%%%%%%%%%%%
Finished vnnlib processing in 0.000995 seconds
Attack parameters: initialization=uniform, steps=100, restarts=10, alpha=0.007500000298023224, GAMA=False
PGD attack margin (first 2 examples and 10 specs):
 tensor([[0.42714953, 0.51513392, 0.30721948, 0.49327874, 0.49167031, 0.40995044,
         0.27553239, 0.38911927, 0.35952017]])
Total number of violation:  0
Processing batch 1/1...
PGD attack margin (first 2 examples and 10 specs):
 tensor([[0.33577174, 0.46818820, 0.21894810, 0.44343340, 0.44290406, 0.33817461,
         0.18197164, 0.30991122, 0.30656338]])
Total number of violation:  0
Attack finished in 0.3199 seconds.
PGD attack failed
verified_status unknown
verified_success False
Model: BoundedModule(
  (/0): BoundInput(name=/0, inputs=[], perturbed=True)
  (/1): BoundParams(name=/1, inputs=[], perturbed=False)
  (/2): BoundParams(name=/2, inputs=[], perturbed=False)
  (/3): BoundParams(name=/3, inputs=[], perturbed=False)
  (/4): BoundParams(name=/4, inputs=[], perturbed=False)
  (/5): BoundParams(name=/5, inputs=[], perturbed=False)
  (/6): BoundParams(name=/6, inputs=[], perturbed=False)
  (/7): BoundFlatten(name=/7, inputs=[/0], perturbed=True)
  (/input): BoundLinear(name=/input, inputs=[/7, /1, /2], perturbed=True)
  (/9): BoundRelu(name=/9, inputs=[/input], perturbed=True)
  (/input-3): BoundLinear(name=/input-3, inputs=[/9, /3, /4], perturbed=True)
  (/11): BoundRelu(name=/11, inputs=[/input-3], perturbed=True)
  (/12): BoundLinear(name=/12, inputs=[/11, /5, /6], perturbed=True)
)
Original output in the first batch: tensor([[0.10121700, 0.00077400, 0.22452387, 0.02334223, 0.52281833, 0.02454426,
         0.11104444, 0.24516279, 0.13993207, 0.15546693]])
Split layers:
Nonlinear functions:
   BoundRelu(name=/9, inputs=[/input], perturbed=True)
   BoundRelu(name=/11, inputs=[/input-3], perturbed=True)
build batch [1/1]
layer /9 using sparse-features alpha with shape [1]; unstable size 1; total size 64 ([1, 64])
layer /9 start_node /12 using full alpha [2, 9, 1, 1] with unstable size None total_size 9 output_shape 9
layer /11 using sparse-features alpha with shape [0]; unstable size 0; total size 32 ([1, 32])
layer /11 start_node /12 using full alpha [2, 9, 1, 0] with unstable size None total_size 9 output_shape 9
Optimizable variables initialized.
initial CROWN bounds (first 10 items): [0.3356836438179016, 0.4680565893650055, 0.21894818544387817, 0.4248929023742676, 0.44268250465393066, 0.338044673204422, 0.18195343017578125, 0.30983519554138184, 0.30626580119132996]
Verified with initial CROWN!
verified with init bound!
Result: safe-incomplete in 0.3408 seconds
############# Summary #############
Final verified acc: 100.0% (total 5 examples)
Problem instances count: 5 , total verified (safe/unsat): 5 , total falsified (unsafe/sat): 0 , timeout: 0
mean time for ALL instances (total 5):0.33986695980770637, max time: 0.3830389976501465
mean time for verified SAFE instances(total 5): 0.33986763954162597, max time: 0.3830389976501465
safe-incomplete (total 5), index: [0, 1, 2, 3, 4]

=== STDERR ===
D:\ABCROWN\alpha-beta-CROWN\complete_verifier\specifications.py:342: UserWarning: Creating a tensor from a list of numpy.ndarrays is extremely slow. Please consider converting the list to a single numpy.ndarray with numpy.array() before converting to a tensor. (Triggered internally at C:\actions-runner\_work\pytorch\pytorch\pytorch\torch\csrc\utils\tensor_new.cpp:256.)
  x_range_list = torch.Tensor(x_range_list).to(dtype=dtype, device=device).view(input_shape + [2])

  0%|          | 0/100 [00:00<?, ?it/s]
 34%|©Ć©Ć©Ć©ģ      | 34/100 [00:00<00:00, 336.79it/s]
 68%|©Ć©Ć©Ć©Ć©Ć©Ć©é   | 68/100 [00:00<00:00, 327.42it/s]
100%|©Ć©Ć©Ć©Ć©Ć©Ć©Ć©Ć©Ć©Ć| 100/100 [00:00<00:00, 327.88it/s]

  0%|          | 0/100 [00:00<?, ?it/s]
 30%|©Ć©Ć©Ć       | 30/100 [00:00<00:00, 297.20it/s]
 70%|©Ć©Ć©Ć©Ć©Ć©Ć©Ć   | 70/100 [00:00<00:00, 357.23it/s]
100%|©Ć©Ć©Ć©Ć©Ć©Ć©Ć©Ć©Ć©Ć| 100/100 [00:00<00:00, 364.06it/s]

  0%|          | 0/100 [00:00<?, ?it/s]
 21%|©Ć©Ć        | 21/100 [00:00<00:00, 205.19it/s]
 49%|©Ć©Ć©Ć©Ć©ü     | 49/100 [00:00<00:00, 246.93it/s]
 81%|©Ć©Ć©Ć©Ć©Ć©Ć©Ć©Ć  | 81/100 [00:00<00:00, 278.29it/s]
100%|©Ć©Ć©Ć©Ć©Ć©Ć©Ć©Ć©Ć©Ć| 100/100 [00:00<00:00, 277.42it/s]

  0%|          | 0/100 [00:00<?, ?it/s]
 35%|©Ć©Ć©Ć©ä      | 35/100 [00:00<00:00, 347.16it/s]
 73%|©Ć©Ć©Ć©Ć©Ć©Ć©Ć©å  | 73/100 [00:00<00:00, 360.83it/s]
100%|©Ć©Ć©Ć©Ć©Ć©Ć©Ć©Ć©Ć©Ć| 100/100 [00:00<00:00, 364.44it/s]

  0%|          | 0/100 [00:00<?, ?it/s]
 28%|©Ć©Ć©é       | 28/100 [00:00<00:00, 279.52it/s]
 64%|©Ć©Ć©Ć©Ć©Ć©Ć©ģ   | 64/100 [00:00<00:00, 324.12it/s]
 97%|©Ć©Ć©Ć©Ć©Ć©Ć©Ć©Ć©Ć©ā| 97/100 [00:00<00:00, 319.70it/s]
100%|©Ć©Ć©Ć©Ć©Ć©Ć©Ć©Ć©Ć©Ć| 100/100 [00:00<00:00, 317.46it/s]

=== VERIFICATION END: 2026-06-27 19:38:30 ===
