=== VERIFICATION START: 2026-06-27 19:39:25 ===
Model: MNIST_simple_final_ibp_eps5
Epsilon: 0.05
Config file: D:\ABCROWN\alpha-beta-CROWN\complete_verifier\my_verify\spsa_training\config\MNIST_simple_final_ibp_eps5.yaml

=== STDOUT ===
Configurations:

general:
  device: cpu
  seed: 100
  conv_mode: patches
  deterministic: false
  double_fp: false
  loss_reduction_func: sum
  sparse_alpha: true
  sparse_interm: true
  save_adv_example: false
  verify_onnxruntime_output: false
  eval_adv_example: false
  onnx_adv_example: false
  show_adv_example: false
  precompile_jit: false
  reset_seed_after_precompile: false
  prepare_only: false
  complete_verifier: bab
  enable_incomplete_verification: true
  csv_name: null
  results_file: out.txt
  root_path: ''
  deterministic_opt: false
  graph_optimizer: 'Customized("custom_graph_optimizer", "default_optimizer")'
  buffer_has_batchdim: false
  save_output: false
  output_file: out.pkl
  return_optimized_model: false
  store_all_specs_on_cpu: false
  adhoc_tuning: null
model:
  name: spsa_training_mlp
  path: models/my_models/spsa_training/MNIST_simple_final_ibp.pt
  onnx_path: null
  onnx_path_prefix: ''
  cache_onnx_conversion: false
  debug_onnx: false
  onnx_quirks: null
  input_shape: null
  onnx_loader: default_onnx_and_vnnlib_loader
  onnx_optimization_flags: []
  onnx_vnnlib_joint_optimization_flags: none
  check_optimized: false
  flatten_final_output: false
  optimize_graph: null
  with_jacobian: false
  bound_opts: null
data:
  start: 0
  end: 5
  select_instance: null
  num_outputs: 10
  mean: [0.0]
  std: [1.0]
  pkl_path: null
  dataset: MNIST
  data_filter_path: null
  data_idx_file: null
specification:
  type: lp
  robustness_type: verified-acc
  norm: .inf
  epsilon: 0.05
  epsilon_min: 0.0
  vnnlib_path: null
  vnnlib_path_prefix: ''
  shrink_eps: null
  rhs_offset: null
solver:
  batch_size: 1024
  auto_enlarge_batch_size: true
  batched_crown_auto_enlarge_max_vram_ratio: 0.9
  min_batch_size_ratio: 0.1
  use_float64_in_last_iteration: false
  early_stop_patience: 10
  start_save_best: 0.5
  bound_prop_method: alpha-crown
  init_bound_prop_method: same
  prune_after_crown: true
  optimize_disjuncts_separately: false
  build_batch_size: 1000000
  skip_with_refined_bound: true
  forward_before_compute_bounds: false
  crown:
    batch_size: 1000000000
    max_crown_size: 1000000000
    activation_bound_option: adaptive
    compare_crown_with_ibp: false
  alpha-crown:
    alpha: true
    lr_alpha: 0.1
    iteration: 100
    share_alphas: false
    lr_decay: 0.98
    full_conv_alpha: true
    max_coeff_mul: .inf
    matmul_share_alphas: false
    disable_optimization: []
    max_time: 1.0
    alpha_dtype: float16
    input_split_alpha_iteration: 5
    input_split_lr_alpha: 0.05
  invprop:
    apply_output_constraints_to: []
    tighten_input_bounds: false
    best_of_oc_and_no_oc: false
    directly_optimize: []
    oc_lr: 0.1
    share_gammas: false
  beta-crown:
    lr_alpha: 0.01
    lr_beta: 0.05
    lr_decay: 0.98
    optimizer: adam
    iteration: 20
    beta: true
    beta_warmup: true
    enable_opt_interm_bounds: false
    all_node_split_LP: false
  forward:
    refine: false
    max_dim: 10000
    reset_threshold: 1.0
  mip:
    unstable_neuron_threshold: 0
    parallel_solvers: null
    solver_threads: 1
    refine_neuron_timeout: 15
    refine_neuron_time_percentage: 0.8
    early_stop: true
    adv_warmup: true
    mip_solver: gurobi
    skip_unsafe: false
    topk_filter: 1.0
    sliding_window: -1
    extra_constraint: false
    refine_neuron_timeout_increasement: 0
    timeout_neuron_percentage: 0.3
    remaining_timeout_threshold: 1
    remove_unstable_neurons: false
    formulation: mip
    output_cut: false
bab:
  max_domains: .inf
  decision_thresh: 0
  timeout: 120
  timeout_scale: 1
  max_iterations: -1
  override_timeout: null
  get_upper_bound: false
  pruning_in_iteration: true
  pruning_in_iteration_ratio: 0.2
  sort_targets: false
  batched_domain_list: true
  optimized_interm: ''
  interm_transfer: true
  recompute_interm: false
  sort_domain_interval: -1
  vanilla_crown: false
  tree_traversal: depth_first
  hugetensor_allocator: true
  cut:
    enabled: false
    cuts_path: null
    bab_cut: false
    lp_cut: false
    lr: 0.01
    lr_decay: 1.0
    iteration: 100
    bab_iteration: -1
    early_stop_patience: -1
    lr_beta: 0.02
    number_cuts: 50
    topk_cuts_in_filter: 1000
    batch_size_primal: 100
    max_num: 1000000000
    patches_cut: false
    cplex_cuts: false
    cplex_cuts_wait: 0
    cplex_cuts_revpickup: true
    cut_reference_bounds: true
    fix_intermediate_bounds: false
    manual_cuts: null
    biccos:
      enabled: false
      auto_param: true
      constraint_strengthening: true
      drop_ratio: 0.5
      max_infer_iter: 20
      max_domain: 10000.0
      heuristic: neuron_influence_score
      save_cuts: false
      multi_tree_branching:
        enabled: false
        restore_best_tree: true
        keep_n_best_domains: 50
        target_batch_size: 200
        iterations: 3
  clip_n_verify:
    rearrange_constraints: false
    alpha_crown: false
    prune: false
    final_layer: false
    clip_input_domain:
      enabled: false
      clip_type: relaxed
      clip_neuron_selection_type: ratio
      clip_neuron_selection_value: -1.0
      clip_iterations: 1
      clip_calculate_volume_metrics: false
    clip_interm_domain:
      enabled: false
      with_input: false
      clip_in_alpha_crown: false
      topk_objective: 20
  branching:
    method: kfsb
    candidates: 3
    reduceop: min
    enable_intermediate_bound_opt: false
    branching_input_and_activation: false
    branching_input_and_activation_order: [input, relu]
    branching_input_iterations: 30
    branching_relu_iterations: 50
    nonlinear_split:
      method: bbps
      disable: false
      branching_point_method: uniform
      num_branches: 2
      filter: false
      filter_beta: false
      filter_clamp: false
      filter_batch_size: 10000
      filter_iterations: 25
      relu_only: false
      loose_tanh_threshold: null
      branching_point:
        db_path: branching_points.pt
        num_iterations: 1000
        batch_size: 1000000
        range_l: -5.0
        range_u: 5.0
        log_interval: 100
        step_size_1d: 0.01
        step_size: 0.2
    input_split:
      split_hint: null
      enable: false
      reorder_bab: false
      input_dim_threshold: 20
      adv_check: 0
      split_partitions: 2
      sb_margin_weight: 1.0
      sb_sum: false
      sb_primary_spec: null
      bf_backup_thresh: -1
      bf_rhs_offset: 0
      bf_iters: 1000000000.0
      bf_batch_size: 100000
      bf_zero_crossing_score: false
      touch_zero_score: 0
      ibp_enhancement: true
      compare_with_old_bounds: true
      update_rhs_with_attack: false
      sb_coeff_thresh: 0.001
      sort_index: null
      sort_descending: true
      show_progress: false
      presplit_domains: null
      skip_getting_worst_domain: false
  attack:
    enabled: false
    beam_candidates: 8
    beam_depth: 7
    max_dive_fix_ratio: 0.8
    min_local_free_ratio: 0.2
    mip_start_iteration: 5
    mip_timeout: 30.0
    adv_pool_threshold: null
    refined_mip_attacker: false
    refined_batch_size: null
attack:
  general_attack: true
  pgd_order: before
  pgd_steps: 100
  pgd_restarts: 10
  pgd_batch_size: 100000000
  pgd_early_stop: true
  pgd_lr_decay: 0.99
  pgd_alpha: auto
  pgd_alpha_scale: false
  pgd_loss_mode: null
  pgd_restart_when_stuck: false
  enable_mip_attack: false
  adv_saver: default_adv_saver
  adv_verifier: default_adv_verifier
  early_stop_condition: default_early_stop_condition
  adv_example_finalizer: default_adv_example_finalizer
  pgd_loss: default_pgd_loss
  cex_path: ./test_cex.txt
  attack_mode: PGD
  attack_tolerance: 0.0
  attack_func: attack_with_general_specs
  gama_lambda: 10.0
  gama_decay: 0.9
  input_split:
    pgd_steps: 100
    pgd_restarts: 30
    pgd_alpha: auto
  input_split_check_adv:
    enabled: auto
    pgd_steps: 5
    pgd_restarts: 5
    pgd_alpha: auto
    max_num_domains: 10
debug:
  view_model: false
  lp_test: null
  rescale_vnnlib_ptb: null
  test_optimized_bounds: false
  test_optimized_bounds_after_n_iterations: 0
  print_verbose_decisions: false
  biccos_mip_sanity_check: false
  sanity_check: 0
  z_split_enabled: false
  save_minimal_config: null
  save_minimal_config_omit_keys: []

Experiments at Sat Jun 27 19:39:16 2026 on QHS
Sequential(
  (flatten): Flatten(start_dim=1, end_dim=-1)
  (layers): Sequential(
    (0): Linear(in_features=784, out_features=64, bias=True)
    (1): ReLU()
    (2): Linear(in_features=64, out_features=32, bias=True)
    (3): ReLU()
    (4): Linear(in_features=32, out_features=10, bias=True)
  )
)
Parameters:
  layers.0.weight: shape torch.Size([64, 784])
  layers.0.bias: shape torch.Size([64])
  layers.2.weight: shape torch.Size([32, 64])
  layers.2.bias: shape torch.Size([32])
  layers.4.weight: shape torch.Size([10, 32])
  layers.4.bias: shape torch.Size([10])
Trying generic MNIST/CIFAR data loader.
Internal results will be saved to out.txt.

 %%%%%%%%%%%%%%%%%%%%%%%%%%%%%%%%%%% idx: 0, vnnlib ID: 0 %%%%%%%%%%%%%%%%%%%%%%%%%%%%%%%%%%%
Finished vnnlib processing in 0.001814 seconds
Attack parameters: initialization=uniform, steps=100, restarts=10, alpha=0.012500002980232239, GAMA=False
PGD attack margin (first 2 examples and 10 specs):
 tensor([[1.64827609, 1.54093504, 1.43381584, 1.29765975, 1.56964159, 1.47434318,
         1.45896256, 1.40385640, 1.57718229]])
Total number of violation:  0
Processing batch 1/1...
PGD attack margin (first 2 examples and 10 specs):
 tensor([[1.48139143, 1.42114449, 1.16001463, 1.08681762, 1.44456518, 1.26139021,
         1.33508563, 1.19765329, 1.45140612]])
Total number of violation:  0
Attack finished in 0.3397 seconds.
PGD attack failed
verified_status unknown
verified_success False
Model: BoundedModule(
  (/0): BoundInput(name=/0, inputs=[], perturbed=True)
  (/1): BoundParams(name=/1, inputs=[], perturbed=False)
  (/2): BoundParams(name=/2, inputs=[], perturbed=False)
  (/3): BoundParams(name=/3, inputs=[], perturbed=False)
  (/4): BoundParams(name=/4, inputs=[], perturbed=False)
  (/5): BoundParams(name=/5, inputs=[], perturbed=False)
  (/6): BoundParams(name=/6, inputs=[], perturbed=False)
  (/7): BoundFlatten(name=/7, inputs=[/0], perturbed=True)
  (/input): BoundLinear(name=/input, inputs=[/7, /1, /2], perturbed=True)
  (/9): BoundRelu(name=/9, inputs=[/input], perturbed=True)
  (/input-3): BoundLinear(name=/input-3, inputs=[/9, /3, /4], perturbed=True)
  (/11): BoundRelu(name=/11, inputs=[/input-3], perturbed=True)
  (/12): BoundLinear(name=/12, inputs=[/11, /5, /6], perturbed=True)
)
Original output in the first batch: tensor([[-0.10250250,  0.00508092,  0.12714949,  0.26343685, -0.02455792,
          0.07825471,  0.08735120,  1.57442808,  0.16851483, -0.03113178]])
Split layers:
Nonlinear functions:
   BoundRelu(name=/9, inputs=[/input], perturbed=True)
   BoundRelu(name=/11, inputs=[/input-3], perturbed=True)
build batch [1/1]
layer /9 using sparse-features alpha with shape [11]; unstable size 11; total size 64 ([1, 64])
layer /9 start_node /input-3 using sparse-spec alpha [2, 7, 1, 11] with unstable size 6 total_size 32 output_shape torch.Size([32])
layer /9 start_node /12 using full alpha [2, 9, 1, 11] with unstable size None total_size 9 output_shape 9
layer /11 using sparse-features alpha with shape [6]; unstable size 6; total size 32 ([1, 32])
layer /11 start_node /12 using full alpha [2, 9, 1, 6] with unstable size None total_size 9 output_shape 9
Optimizable variables initialized.
initial CROWN bounds (first 10 items): [1.428084135055542, 1.4045493602752686, 1.1151742935180664, 0.9778108596801758, 1.3774999380111694, 1.1928892135620117, 1.27418053150177, 1.150528907775879, 1.3121848106384277]
Verified with initial CROWN!
verified with init bound!
Result: safe-incomplete in 0.3797 seconds

 %%%%%%%%%%%%%%%%%%%%%%%%%%%%%%%%%%% idx: 1, vnnlib ID: 1 %%%%%%%%%%%%%%%%%%%%%%%%%%%%%%%%%%%
Finished vnnlib processing in 0.000820 seconds
Attack parameters: initialization=uniform, steps=100, restarts=10, alpha=0.012500002980232239, GAMA=False
PGD attack margin (first 2 examples and 10 specs):
 tensor([[ 0.96237570,  0.97012764,  0.57835519,  0.92776990,  0.46806061,
         -0.01430744,  0.86941773,  0.57859939,  0.95438373]])
Total number of violation:  1
Clean input adversarial, attack skipped.

Checking and Saving Counterexample in check_and_save_cex

verified_status unsafe-pgd
verified_success True
Result: unsafe-pgd in 0.0023 seconds

 %%%%%%%%%%%%%%%%%%%%%%%%%%%%%%%%%%% idx: 2, vnnlib ID: 2 %%%%%%%%%%%%%%%%%%%%%%%%%%%%%%%%%%%
Finished vnnlib processing in 0.000874 seconds
Attack parameters: initialization=uniform, steps=100, restarts=10, alpha=0.012500002980232239, GAMA=False
PGD attack margin (first 2 examples and 10 specs):
 tensor([[1.50669312, 1.03579521, 1.14628577, 1.27893329, 1.18828070, 0.93026841,
         1.02881742, 1.06448913, 1.28759730]])
Total number of violation:  0
Processing batch 1/1...
PGD attack margin (first 2 examples and 10 specs):
 tensor([[1.26970792, 0.58869338, 0.83162355, 1.05175602, 0.87901235, 0.60180354,
         0.75363028, 0.74098533, 1.06043935]])
Total number of violation:  0
Attack finished in 0.3442 seconds.
PGD attack failed
verified_status unknown
verified_success False
Model: BoundedModule(
  (/0): BoundInput(name=/0, inputs=[], perturbed=True)
  (/1): BoundParams(name=/1, inputs=[], perturbed=False)
  (/2): BoundParams(name=/2, inputs=[], perturbed=False)
  (/3): BoundParams(name=/3, inputs=[], perturbed=False)
  (/4): BoundParams(name=/4, inputs=[], perturbed=False)
  (/5): BoundParams(name=/5, inputs=[], perturbed=False)
  (/6): BoundParams(name=/6, inputs=[], perturbed=False)
  (/7): BoundFlatten(name=/7, inputs=[/0], perturbed=True)
  (/input): BoundLinear(name=/input, inputs=[/7, /1, /2], perturbed=True)
  (/9): BoundRelu(name=/9, inputs=[/input], perturbed=True)
  (/input-3): BoundLinear(name=/input-3, inputs=[/9, /3, /4], perturbed=True)
  (/11): BoundRelu(name=/11, inputs=[/input-3], perturbed=True)
  (/12): BoundLinear(name=/12, inputs=[/11, /5, /6], perturbed=True)
)
Original output in the first batch: tensor([[-0.21910767,  1.26800084,  0.27879950,  0.16672100,  0.01414039,
          0.11238147,  0.38325834,  0.26258489,  0.27340201,  0.00671242]])
Split layers:
Nonlinear functions:
   BoundRelu(name=/9, inputs=[/input], perturbed=True)
   BoundRelu(name=/11, inputs=[/input-3], perturbed=True)
build batch [1/1]
layer /9 using sparse-features alpha with shape [14]; unstable size 14; total size 64 ([1, 64])
layer /9 start_node /input-3 using sparse-spec alpha [2, 2, 1, 14] with unstable size 1 total_size 32 output_shape torch.Size([32])
layer /9 start_node /12 using full alpha [2, 9, 1, 14] with unstable size None total_size 9 output_shape 9
layer /11 using sparse-features alpha with shape [1]; unstable size 1; total size 32 ([1, 32])
layer /11 start_node /12 using full alpha [2, 9, 1, 1] with unstable size None total_size 9 output_shape 9
Optimizable variables initialized.
initial CROWN bounds (first 10 items): [1.047109842300415, 0.46699559688568115, 0.6127389669418335, 0.8464124202728271, 0.5551368594169617, 0.5004000663757324, 0.5771545767784119, 0.6922171115875244, 0.8699795007705688]
Verified with initial CROWN!
verified with init bound!
Result: safe-incomplete in 0.3662 seconds

 %%%%%%%%%%%%%%%%%%%%%%%%%%%%%%%%%%% idx: 3, vnnlib ID: 3 %%%%%%%%%%%%%%%%%%%%%%%%%%%%%%%%%%%
Finished vnnlib processing in 0.000836 seconds
Attack parameters: initialization=uniform, steps=100, restarts=10, alpha=0.012500002980232239, GAMA=False
PGD attack margin (first 2 examples and 10 specs):
 tensor([[1.87408733, 1.66949081, 1.77381802, 1.75012386, 1.58787203, 1.17337799,
         1.17556095, 1.75174165, 1.71995640]])
Total number of violation:  0
Processing batch 1/1...
PGD attack margin (first 2 examples and 10 specs):
 tensor([[1.62913597, 1.43824399, 1.54626763, 1.51733351, 1.28508520, 0.83074373,
         0.82807571, 1.51542318, 1.48443866]])
Total number of violation:  0
Attack finished in 0.2979 seconds.
PGD attack failed
verified_status unknown
verified_success False
Model: BoundedModule(
  (/0): BoundInput(name=/0, inputs=[], perturbed=True)
  (/1): BoundParams(name=/1, inputs=[], perturbed=False)
  (/2): BoundParams(name=/2, inputs=[], perturbed=False)
  (/3): BoundParams(name=/3, inputs=[], perturbed=False)
  (/4): BoundParams(name=/4, inputs=[], perturbed=False)
  (/5): BoundParams(name=/5, inputs=[], perturbed=False)
  (/6): BoundParams(name=/6, inputs=[], perturbed=False)
  (/7): BoundFlatten(name=/7, inputs=[/0], perturbed=True)
  (/input): BoundLinear(name=/input, inputs=[/7, /1, /2], perturbed=True)
  (/9): BoundRelu(name=/9, inputs=[/input], perturbed=True)
  (/input-3): BoundLinear(name=/input-3, inputs=[/9, /3, /4], perturbed=True)
  (/11): BoundRelu(name=/11, inputs=[/input-3], perturbed=True)
  (/12): BoundLinear(name=/12, inputs=[/11, /5, /6], perturbed=True)
)
Original output in the first batch: tensor([[ 1.83358324, -0.09777242,  0.11300966,  0.00708161,  0.02957764,
          0.19151887,  0.62001801,  0.60609448,  0.02780269,  0.06064717]])
Split layers:
Nonlinear functions:
   BoundRelu(name=/9, inputs=[/input], perturbed=True)
   BoundRelu(name=/11, inputs=[/input-3], perturbed=True)
build batch [1/1]
layer /9 using sparse-features alpha with shape [1]; unstable size 1; total size 64 ([1, 64])
layer /9 start_node /input-3 using sparse-spec alpha [2, 5, 1, 1] with unstable size 4 total_size 32 output_shape torch.Size([32])
layer /9 start_node /12 using full alpha [2, 9, 1, 1] with unstable size None total_size 9 output_shape 9
layer /11 using sparse-features alpha with shape [4]; unstable size 4; total size 32 ([1, 32])
layer /11 start_node /12 using full alpha [2, 9, 1, 4] with unstable size None total_size 9 output_shape 9
Optimizable variables initialized.
initial CROWN bounds (first 10 items): [1.6218500137329102, 1.4326976537704468, 1.5442408323287964, 1.5126796960830688, 1.2779200077056885, 0.8226944804191589, 0.8228350281715393, 1.5078392028808594, 1.4794154167175293]
Verified with initial CROWN!
verified with init bound!
Result: safe-incomplete in 0.3150 seconds

 %%%%%%%%%%%%%%%%%%%%%%%%%%%%%%%%%%% idx: 4, vnnlib ID: 4 %%%%%%%%%%%%%%%%%%%%%%%%%%%%%%%%%%%
Finished vnnlib processing in 0.000847 seconds
Attack parameters: initialization=uniform, steps=100, restarts=10, alpha=0.012500002980232239, GAMA=False
PGD attack margin (first 2 examples and 10 specs):
 tensor([[0.72294426, 0.55913138, 0.43372712, 0.56067353, 0.51121414, 0.28464121,
         0.16414562, 0.23119500, 0.15312928]])
Total number of violation:  0
Processing batch 1/1...
pgd early stop
PGD attack margin (first 2 examples and 10 specs):
 tensor([[ 0.59872490,  0.43853736,  0.20674425,  0.43786722,  0.39008635,
          0.06345567, -0.04857394,  0.00996262,  0.12257269]])
Total number of violation:  1
Attack finished in 0.0305 seconds.
PGD attack succeeded!

Checking and Saving Counterexample in check_and_save_cex

verified_status unsafe-pgd
verified_success True
Result: unsafe-pgd in 0.0316 seconds
############# Summary #############
Final verified acc: 60.0% (total 5 examples)
Problem instances count: 5 , total verified (safe/unsat): 3 , total falsified (unsafe/sat): 2 , timeout: 0
mean time for ALL instances (total 5):0.21894854624902568, max time: 0.3796958923339844
mean time for verified SAFE instances(total 3): 0.3536368211110433, max time: 0.3796958923339844
mean time for verified (SAFE + UNSAFE) instances (total 5): 0.21894898414611816, max time: 0.3796958923339844
mean time for verified UNSAFE instances (total 2): 0.01691722869873047, max time: 0.03156876564025879
safe-incomplete (total 3), index: [0, 2, 3]
unsafe-pgd (total 2), index: [1, 4]

=== STDERR ===
D:\ABCROWN\alpha-beta-CROWN\complete_verifier\specifications.py:342: UserWarning: Creating a tensor from a list of numpy.ndarrays is extremely slow. Please consider converting the list to a single numpy.ndarray with numpy.array() before converting to a tensor. (Triggered internally at C:\actions-runner\_work\pytorch\pytorch\pytorch\torch\csrc\utils\tensor_new.cpp:256.)
  x_range_list = torch.Tensor(x_range_list).to(dtype=dtype, device=device).view(input_shape + [2])

  0%|          | 0/100 [00:00<?, ?it/s]
 29%|©Ć©Ć©ü       | 29/100 [00:00<00:00, 285.18it/s]
 61%|©Ć©Ć©Ć©Ć©Ć©Ć    | 61/100 [00:00<00:00, 301.45it/s]
 93%|©Ć©Ć©Ć©Ć©Ć©Ć©Ć©Ć©Ć©å| 93/100 [00:00<00:00, 309.36it/s]
100%|©Ć©Ć©Ć©Ć©Ć©Ć©Ć©Ć©Ć©Ć| 100/100 [00:00<00:00, 302.36it/s]

  0%|          | 0/100 [00:00<?, ?it/s]
 27%|©Ć©Ć©ā       | 27/100 [00:00<00:00, 266.65it/s]
 59%|©Ć©Ć©Ć©Ć©Ć©ü    | 59/100 [00:00<00:00, 294.59it/s]
 90%|©Ć©Ć©Ć©Ć©Ć©Ć©Ć©Ć©Ć | 90/100 [00:00<00:00, 298.97it/s]
100%|©Ć©Ć©Ć©Ć©Ć©Ć©Ć©Ć©Ć©Ć| 100/100 [00:00<00:00, 295.59it/s]

  0%|          | 0/100 [00:00<?, ?it/s]
 40%|©Ć©Ć©Ć©Ć      | 40/100 [00:00<00:00, 395.41it/s]
 80%|©Ć©Ć©Ć©Ć©Ć©Ć©Ć©Ć  | 80/100 [00:00<00:00, 336.73it/s]
100%|©Ć©Ć©Ć©Ć©Ć©Ć©Ć©Ć©Ć©Ć| 100/100 [00:00<00:00, 340.44it/s]

  0%|          | 0/100 [00:00<?, ?it/s]
  1%|          | 1/100 [00:00<00:02, 36.72it/s]

=== VERIFICATION END: 2026-06-27 19:39:25 ===
