=== VERIFICATION START: 2026-06-27 19:39:11 ===
Model: MNIST_simple_final_ibp_eps3
Epsilon: 0.03
Config file: D:\ABCROWN\alpha-beta-CROWN\complete_verifier\my_verify\spsa_training\config\MNIST_simple_final_ibp_eps3.yaml

=== STDOUT ===
Configurations:

general:
  device: cpu
  seed: 100
  conv_mode: patches
  deterministic: false
  double_fp: false
  loss_reduction_func: sum
  sparse_alpha: true
  sparse_interm: true
  save_adv_example: false
  verify_onnxruntime_output: false
  eval_adv_example: false
  onnx_adv_example: false
  show_adv_example: false
  precompile_jit: false
  reset_seed_after_precompile: false
  prepare_only: false
  complete_verifier: bab
  enable_incomplete_verification: true
  csv_name: null
  results_file: out.txt
  root_path: ''
  deterministic_opt: false
  graph_optimizer: 'Customized("custom_graph_optimizer", "default_optimizer")'
  buffer_has_batchdim: false
  save_output: false
  output_file: out.pkl
  return_optimized_model: false
  store_all_specs_on_cpu: false
  adhoc_tuning: null
model:
  name: spsa_training_mlp
  path: models/my_models/spsa_training/MNIST_simple_final_ibp.pt
  onnx_path: null
  onnx_path_prefix: ''
  cache_onnx_conversion: false
  debug_onnx: false
  onnx_quirks: null
  input_shape: null
  onnx_loader: default_onnx_and_vnnlib_loader
  onnx_optimization_flags: []
  onnx_vnnlib_joint_optimization_flags: none
  check_optimized: false
  flatten_final_output: false
  optimize_graph: null
  with_jacobian: false
  bound_opts: null
data:
  start: 0
  end: 5
  select_instance: null
  num_outputs: 10
  mean: [0.0]
  std: [1.0]
  pkl_path: null
  dataset: MNIST
  data_filter_path: null
  data_idx_file: null
specification:
  type: lp
  robustness_type: verified-acc
  norm: .inf
  epsilon: 0.03
  epsilon_min: 0.0
  vnnlib_path: null
  vnnlib_path_prefix: ''
  shrink_eps: null
  rhs_offset: null
solver:
  batch_size: 1024
  auto_enlarge_batch_size: true
  batched_crown_auto_enlarge_max_vram_ratio: 0.9
  min_batch_size_ratio: 0.1
  use_float64_in_last_iteration: false
  early_stop_patience: 10
  start_save_best: 0.5
  bound_prop_method: alpha-crown
  init_bound_prop_method: same
  prune_after_crown: true
  optimize_disjuncts_separately: false
  build_batch_size: 1000000
  skip_with_refined_bound: true
  forward_before_compute_bounds: false
  crown:
    batch_size: 1000000000
    max_crown_size: 1000000000
    activation_bound_option: adaptive
    compare_crown_with_ibp: false
  alpha-crown:
    alpha: true
    lr_alpha: 0.1
    iteration: 100
    share_alphas: false
    lr_decay: 0.98
    full_conv_alpha: true
    max_coeff_mul: .inf
    matmul_share_alphas: false
    disable_optimization: []
    max_time: 1.0
    alpha_dtype: float16
    input_split_alpha_iteration: 5
    input_split_lr_alpha: 0.05
  invprop:
    apply_output_constraints_to: []
    tighten_input_bounds: false
    best_of_oc_and_no_oc: false
    directly_optimize: []
    oc_lr: 0.1
    share_gammas: false
  beta-crown:
    lr_alpha: 0.01
    lr_beta: 0.05
    lr_decay: 0.98
    optimizer: adam
    iteration: 20
    beta: true
    beta_warmup: true
    enable_opt_interm_bounds: false
    all_node_split_LP: false
  forward:
    refine: false
    max_dim: 10000
    reset_threshold: 1.0
  mip:
    unstable_neuron_threshold: 0
    parallel_solvers: null
    solver_threads: 1
    refine_neuron_timeout: 15
    refine_neuron_time_percentage: 0.8
    early_stop: true
    adv_warmup: true
    mip_solver: gurobi
    skip_unsafe: false
    topk_filter: 1.0
    sliding_window: -1
    extra_constraint: false
    refine_neuron_timeout_increasement: 0
    timeout_neuron_percentage: 0.3
    remaining_timeout_threshold: 1
    remove_unstable_neurons: false
    formulation: mip
    output_cut: false
bab:
  max_domains: .inf
  decision_thresh: 0
  timeout: 120
  timeout_scale: 1
  max_iterations: -1
  override_timeout: null
  get_upper_bound: false
  pruning_in_iteration: true
  pruning_in_iteration_ratio: 0.2
  sort_targets: false
  batched_domain_list: true
  optimized_interm: ''
  interm_transfer: true
  recompute_interm: false
  sort_domain_interval: -1
  vanilla_crown: false
  tree_traversal: depth_first
  hugetensor_allocator: true
  cut:
    enabled: false
    cuts_path: null
    bab_cut: false
    lp_cut: false
    lr: 0.01
    lr_decay: 1.0
    iteration: 100
    bab_iteration: -1
    early_stop_patience: -1
    lr_beta: 0.02
    number_cuts: 50
    topk_cuts_in_filter: 1000
    batch_size_primal: 100
    max_num: 1000000000
    patches_cut: false
    cplex_cuts: false
    cplex_cuts_wait: 0
    cplex_cuts_revpickup: true
    cut_reference_bounds: true
    fix_intermediate_bounds: false
    manual_cuts: null
    biccos:
      enabled: false
      auto_param: true
      constraint_strengthening: true
      drop_ratio: 0.5
      max_infer_iter: 20
      max_domain: 10000.0
      heuristic: neuron_influence_score
      save_cuts: false
      multi_tree_branching:
        enabled: false
        restore_best_tree: true
        keep_n_best_domains: 50
        target_batch_size: 200
        iterations: 3
  clip_n_verify:
    rearrange_constraints: false
    alpha_crown: false
    prune: false
    final_layer: false
    clip_input_domain:
      enabled: false
      clip_type: relaxed
      clip_neuron_selection_type: ratio
      clip_neuron_selection_value: -1.0
      clip_iterations: 1
      clip_calculate_volume_metrics: false
    clip_interm_domain:
      enabled: false
      with_input: false
      clip_in_alpha_crown: false
      topk_objective: 20
  branching:
    method: kfsb
    candidates: 3
    reduceop: min
    enable_intermediate_bound_opt: false
    branching_input_and_activation: false
    branching_input_and_activation_order: [input, relu]
    branching_input_iterations: 30
    branching_relu_iterations: 50
    nonlinear_split:
      method: bbps
      disable: false
      branching_point_method: uniform
      num_branches: 2
      filter: false
      filter_beta: false
      filter_clamp: false
      filter_batch_size: 10000
      filter_iterations: 25
      relu_only: false
      loose_tanh_threshold: null
      branching_point:
        db_path: branching_points.pt
        num_iterations: 1000
        batch_size: 1000000
        range_l: -5.0
        range_u: 5.0
        log_interval: 100
        step_size_1d: 0.01
        step_size: 0.2
    input_split:
      split_hint: null
      enable: false
      reorder_bab: false
      input_dim_threshold: 20
      adv_check: 0
      split_partitions: 2
      sb_margin_weight: 1.0
      sb_sum: false
      sb_primary_spec: null
      bf_backup_thresh: -1
      bf_rhs_offset: 0
      bf_iters: 1000000000.0
      bf_batch_size: 100000
      bf_zero_crossing_score: false
      touch_zero_score: 0
      ibp_enhancement: true
      compare_with_old_bounds: true
      update_rhs_with_attack: false
      sb_coeff_thresh: 0.001
      sort_index: null
      sort_descending: true
      show_progress: false
      presplit_domains: null
      skip_getting_worst_domain: false
  attack:
    enabled: false
    beam_candidates: 8
    beam_depth: 7
    max_dive_fix_ratio: 0.8
    min_local_free_ratio: 0.2
    mip_start_iteration: 5
    mip_timeout: 30.0
    adv_pool_threshold: null
    refined_mip_attacker: false
    refined_batch_size: null
attack:
  general_attack: true
  pgd_order: before
  pgd_steps: 100
  pgd_restarts: 10
  pgd_batch_size: 100000000
  pgd_early_stop: true
  pgd_lr_decay: 0.99
  pgd_alpha: auto
  pgd_alpha_scale: false
  pgd_loss_mode: null
  pgd_restart_when_stuck: false
  enable_mip_attack: false
  adv_saver: default_adv_saver
  adv_verifier: default_adv_verifier
  early_stop_condition: default_early_stop_condition
  adv_example_finalizer: default_adv_example_finalizer
  pgd_loss: default_pgd_loss
  cex_path: ./test_cex.txt
  attack_mode: PGD
  attack_tolerance: 0.0
  attack_func: attack_with_general_specs
  gama_lambda: 10.0
  gama_decay: 0.9
  input_split:
    pgd_steps: 100
    pgd_restarts: 30
    pgd_alpha: auto
  input_split_check_adv:
    enabled: auto
    pgd_steps: 5
    pgd_restarts: 5
    pgd_alpha: auto
    max_num_domains: 10
debug:
  view_model: false
  lp_test: null
  rescale_vnnlib_ptb: null
  test_optimized_bounds: false
  test_optimized_bounds_after_n_iterations: 0
  print_verbose_decisions: false
  biccos_mip_sanity_check: false
  sanity_check: 0
  z_split_enabled: false
  save_minimal_config: null
  save_minimal_config_omit_keys: []

Experiments at Sat Jun 27 19:39:02 2026 on QHS
Sequential(
  (flatten): Flatten(start_dim=1, end_dim=-1)
  (layers): Sequential(
    (0): Linear(in_features=784, out_features=64, bias=True)
    (1): ReLU()
    (2): Linear(in_features=64, out_features=32, bias=True)
    (3): ReLU()
    (4): Linear(in_features=32, out_features=10, bias=True)
  )
)
Parameters:
  layers.0.weight: shape torch.Size([64, 784])
  layers.0.bias: shape torch.Size([64])
  layers.2.weight: shape torch.Size([32, 64])
  layers.2.bias: shape torch.Size([32])
  layers.4.weight: shape torch.Size([10, 32])
  layers.4.bias: shape torch.Size([10])
Trying generic MNIST/CIFAR data loader.
Internal results will be saved to out.txt.

 %%%%%%%%%%%%%%%%%%%%%%%%%%%%%%%%%%% idx: 0, vnnlib ID: 0 %%%%%%%%%%%%%%%%%%%%%%%%%%%%%%%%%%%
Finished vnnlib processing in 0.001529 seconds
Attack parameters: initialization=uniform, steps=100, restarts=10, alpha=0.007500000298023224, GAMA=False
PGD attack margin (first 2 examples and 10 specs):
 tensor([[1.69063652, 1.58161592, 1.47405839, 1.33255196, 1.61126530, 1.51959658,
         1.50051594, 1.44326735, 1.61779714]])
Total number of violation:  0
Processing batch 1/1...
PGD attack margin (first 2 examples and 10 specs):
 tensor([[1.59035075, 1.50966763, 1.34378481, 1.20580101, 1.53611350, 1.39167237,
         1.42595899, 1.31917548, 1.54222620]])
Total number of violation:  0
Attack finished in 0.2869 seconds.
PGD attack failed
verified_status unknown
verified_success False
Model: BoundedModule(
  (/0): BoundInput(name=/0, inputs=[], perturbed=True)
  (/1): BoundParams(name=/1, inputs=[], perturbed=False)
  (/2): BoundParams(name=/2, inputs=[], perturbed=False)
  (/3): BoundParams(name=/3, inputs=[], perturbed=False)
  (/4): BoundParams(name=/4, inputs=[], perturbed=False)
  (/5): BoundParams(name=/5, inputs=[], perturbed=False)
  (/6): BoundParams(name=/6, inputs=[], perturbed=False)
  (/7): BoundFlatten(name=/7, inputs=[/0], perturbed=True)
  (/input): BoundLinear(name=/input, inputs=[/7, /1, /2], perturbed=True)
  (/9): BoundRelu(name=/9, inputs=[/input], perturbed=True)
  (/input-3): BoundLinear(name=/input-3, inputs=[/9, /3, /4], perturbed=True)
  (/11): BoundRelu(name=/11, inputs=[/input-3], perturbed=True)
  (/12): BoundLinear(name=/12, inputs=[/11, /5, /6], perturbed=True)
)
Original output in the first batch: tensor([[-0.10404072,  0.00541147,  0.12211153,  0.26391611, -0.02483434,
          0.07131655,  0.08667712,  1.60537398,  0.15942556, -0.03076063]])
Split layers:
Nonlinear functions:
   BoundRelu(name=/9, inputs=[/input], perturbed=True)
   BoundRelu(name=/11, inputs=[/input-3], perturbed=True)
build batch [1/1]
layer /9 using sparse-features alpha with shape [5]; unstable size 5; total size 64 ([1, 64])
layer /9 start_node /input-3 using sparse-spec alpha [2, 2, 1, 5] with unstable size 1 total_size 32 output_shape torch.Size([32])
layer /9 start_node /12 using full alpha [2, 9, 1, 5] with unstable size None total_size 9 output_shape 9
layer /11 using sparse-features alpha with shape [1]; unstable size 1; total size 32 ([1, 32])
layer /11 start_node /12 using full alpha [2, 9, 1, 1] with unstable size None total_size 9 output_shape 9
Optimizable variables initialized.
initial CROWN bounds (first 10 items): [1.5886777639389038, 1.5077756643295288, 1.3165955543518066, 1.2043867111206055, 1.5165215730667114, 1.3838138580322266, 1.4256539344787598, 1.3174794912338257, 1.5256648063659668]
Verified with initial CROWN!
verified with init bound!
Result: safe-incomplete in 0.3335 seconds

 %%%%%%%%%%%%%%%%%%%%%%%%%%%%%%%%%%% idx: 1, vnnlib ID: 1 %%%%%%%%%%%%%%%%%%%%%%%%%%%%%%%%%%%
Finished vnnlib processing in 0.001154 seconds
Attack parameters: initialization=uniform, steps=100, restarts=10, alpha=0.007500000298023224, GAMA=False
PGD attack margin (first 2 examples and 10 specs):
 tensor([[ 0.98781145,  0.99657273,  0.59666938,  0.95298779,  0.48607731,
         -0.00837481,  0.89465058,  0.59665620,  0.97916508]])
Total number of violation:  1
Clean input adversarial, attack skipped.

Checking and Saving Counterexample in check_and_save_cex

verified_status unsafe-pgd
verified_success True
Result: unsafe-pgd in 0.0031 seconds

 %%%%%%%%%%%%%%%%%%%%%%%%%%%%%%%%%%% idx: 2, vnnlib ID: 2 %%%%%%%%%%%%%%%%%%%%%%%%%%%%%%%%%%%
Finished vnnlib processing in 0.001017 seconds
Attack parameters: initialization=uniform, steps=100, restarts=10, alpha=0.007500000298023224, GAMA=False
PGD attack margin (first 2 examples and 10 specs):
 tensor([[1.54316092, 1.06214571, 1.17473745, 1.31140184, 1.22310865, 0.95907259,
         1.05940151, 1.09189808, 1.31929314]])
Total number of violation:  0
Processing batch 1/1...
PGD attack margin (first 2 examples and 10 specs):
 tensor([[1.40040350, 0.88384616, 0.98440826, 1.17447352, 1.03666759, 0.76055551,
         0.89342785, 0.89671302, 1.18232155]])
Total number of violation:  0
Attack finished in 0.3101 seconds.
PGD attack failed
verified_status unknown
verified_success False
Model: BoundedModule(
  (/0): BoundInput(name=/0, inputs=[], perturbed=True)
  (/1): BoundParams(name=/1, inputs=[], perturbed=False)
  (/2): BoundParams(name=/2, inputs=[], perturbed=False)
  (/3): BoundParams(name=/3, inputs=[], perturbed=False)
  (/4): BoundParams(name=/4, inputs=[], perturbed=False)
  (/5): BoundParams(name=/5, inputs=[], perturbed=False)
  (/6): BoundParams(name=/6, inputs=[], perturbed=False)
  (/7): BoundFlatten(name=/7, inputs=[/0], perturbed=True)
  (/input): BoundLinear(name=/input, inputs=[/7, /1, /2], perturbed=True)
  (/9): BoundRelu(name=/9, inputs=[/input], perturbed=True)
  (/input-3): BoundLinear(name=/input-3, inputs=[/9, /3, /4], perturbed=True)
  (/11): BoundRelu(name=/11, inputs=[/input-3], perturbed=True)
  (/12): BoundLinear(name=/12, inputs=[/11, /5, /6], perturbed=True)
)
Original output in the first batch: tensor([[-0.21902423,  1.31017852,  0.27556306,  0.16459583,  0.01574280,
          0.11012314,  0.37940931,  0.26551864,  0.26017317,  0.00851765]])
Split layers:
Nonlinear functions:
   BoundRelu(name=/9, inputs=[/input], perturbed=True)
   BoundRelu(name=/11, inputs=[/input-3], perturbed=True)
build batch [1/1]
layer /9 using sparse-features alpha with shape [4]; unstable size 4; total size 64 ([1, 64])
layer /9 start_node /12 using full alpha [2, 9, 1, 4] with unstable size None total_size 9 output_shape 9
layer /11 using sparse-features alpha with shape [0]; unstable size 0; total size 32 ([1, 32])
layer /11 start_node /12 using full alpha [2, 9, 1, 0] with unstable size None total_size 9 output_shape 9
Optimizable variables initialized.
initial CROWN bounds (first 10 items): [1.4000543355941772, 0.8570005893707275, 0.9790961146354675, 1.1725800037384033, 1.0357825756072998, 0.7528604865074158, 0.8762728571891785, 0.8934963941574097, 1.1823064088821411]
Verified with initial CROWN!
verified with init bound!
Result: safe-incomplete in 0.3357 seconds

 %%%%%%%%%%%%%%%%%%%%%%%%%%%%%%%%%%% idx: 3, vnnlib ID: 3 %%%%%%%%%%%%%%%%%%%%%%%%%%%%%%%%%%%
Finished vnnlib processing in 0.001111 seconds
Attack parameters: initialization=uniform, steps=100, restarts=10, alpha=0.007500000298023224, GAMA=False
PGD attack margin (first 2 examples and 10 specs):
 tensor([[1.92658865, 1.71716177, 1.82233000, 1.79998004, 1.64023805, 1.21661639,
         1.21334720, 1.80237901, 1.76927102]])
Total number of violation:  0
Processing batch 1/1...
PGD attack margin (first 2 examples and 10 specs):
 tensor([[1.77821648, 1.57672596, 1.68433475, 1.65888727, 1.45560002, 1.00540709,
         1.00067687, 1.65914583, 1.62636065]])
Total number of violation:  0
Attack finished in 0.3158 seconds.
PGD attack failed
verified_status unknown
verified_success False
Model: BoundedModule(
  (/0): BoundInput(name=/0, inputs=[], perturbed=True)
  (/1): BoundParams(name=/1, inputs=[], perturbed=False)
  (/2): BoundParams(name=/2, inputs=[], perturbed=False)
  (/3): BoundParams(name=/3, inputs=[], perturbed=False)
  (/4): BoundParams(name=/4, inputs=[], perturbed=False)
  (/5): BoundParams(name=/5, inputs=[], perturbed=False)
  (/6): BoundParams(name=/6, inputs=[], perturbed=False)
  (/7): BoundFlatten(name=/7, inputs=[/0], perturbed=True)
  (/input): BoundLinear(name=/input, inputs=[/7, /1, /2], perturbed=True)
  (/9): BoundRelu(name=/9, inputs=[/input], perturbed=True)
  (/input-3): BoundLinear(name=/input-3, inputs=[/9, /3, /4], perturbed=True)
  (/11): BoundRelu(name=/11, inputs=[/input-3], perturbed=True)
  (/12): BoundLinear(name=/12, inputs=[/11, /5, /6], perturbed=True)
)
Original output in the first batch: tensor([[ 1.86687243, -0.09916052,  0.11458048,  0.00837661,  0.02979099,
          0.18909973,  0.62286454,  0.61791384,  0.02720789,  0.06113778]])
Split layers:
Nonlinear functions:
   BoundRelu(name=/9, inputs=[/input], perturbed=True)
   BoundRelu(name=/11, inputs=[/input-3], perturbed=True)
build batch [1/1]
layer /9 using sparse-features alpha with shape [0]; unstable size 0; total size 64 ([1, 64])
layer /9 start_node /input-3 using sparse-spec alpha [2, 4, 1, 0] with unstable size 3 total_size 32 output_shape torch.Size([32])
layer /9 start_node /12 using full alpha [2, 9, 1, 0] with unstable size None total_size 9 output_shape 9
layer /11 using sparse-features alpha with shape [3]; unstable size 3; total size 32 ([1, 32])
layer /11 start_node /12 using full alpha [2, 9, 1, 3] with unstable size None total_size 9 output_shape 9
Optimizable variables initialized.
initial CROWN bounds (first 10 items): [1.7755382061004639, 1.5751200914382935, 1.6835918426513672, 1.657387614250183, 1.4520500898361206, 1.001685380935669, 0.9988740086555481, 1.6563087701797485, 1.6241044998168945]
Verified with initial CROWN!
verified with init bound!
Result: safe-incomplete in 0.3353 seconds

 %%%%%%%%%%%%%%%%%%%%%%%%%%%%%%%%%%% idx: 4, vnnlib ID: 4 %%%%%%%%%%%%%%%%%%%%%%%%%%%%%%%%%%%
Finished vnnlib processing in 0.000941 seconds
Attack parameters: initialization=uniform, steps=100, restarts=10, alpha=0.007500000298023224, GAMA=False
PGD attack margin (first 2 examples and 10 specs):
 tensor([[0.74337351, 0.57657361, 0.44703513, 0.57823193, 0.52881408, 0.29940534,
         0.17554128, 0.24063897, 0.15690190]])
Total number of violation:  0
Processing batch 1/1...
PGD attack margin (first 2 examples and 10 specs):
 tensor([[0.66851532, 0.50391144, 0.30970109, 0.50423670, 0.45582920, 0.16524488,
         0.04690138, 0.10656598, 0.13847983]])
Total number of violation:  0
Attack finished in 0.3466 seconds.
PGD attack failed
verified_status unknown
verified_success False
Model: BoundedModule(
  (/0): BoundInput(name=/0, inputs=[], perturbed=True)
  (/1): BoundParams(name=/1, inputs=[], perturbed=False)
  (/2): BoundParams(name=/2, inputs=[], perturbed=False)
  (/3): BoundParams(name=/3, inputs=[], perturbed=False)
  (/4): BoundParams(name=/4, inputs=[], perturbed=False)
  (/5): BoundParams(name=/5, inputs=[], perturbed=False)
  (/6): BoundParams(name=/6, inputs=[], perturbed=False)
  (/7): BoundFlatten(name=/7, inputs=[/0], perturbed=True)
  (/input): BoundLinear(name=/input, inputs=[/7, /1, /2], perturbed=True)
  (/9): BoundRelu(name=/9, inputs=[/input], perturbed=True)
  (/input-3): BoundLinear(name=/input-3, inputs=[/9, /3, /4], perturbed=True)
  (/11): BoundRelu(name=/11, inputs=[/input-3], perturbed=True)
  (/12): BoundLinear(name=/12, inputs=[/11, /5, /6], perturbed=True)
)
Original output in the first batch: tensor([[-0.16772120,  0.00214624,  0.14200678,  0.00068111,  0.58124804,
          0.04971836,  0.29143625,  0.40305045,  0.35860142,  0.42399606]])
Split layers:
Nonlinear functions:
   BoundRelu(name=/9, inputs=[/input], perturbed=True)
   BoundRelu(name=/11, inputs=[/input-3], perturbed=True)
build batch [1/1]
layer /9 using sparse-features alpha with shape [1]; unstable size 1; total size 64 ([1, 64])
layer /9 start_node /12 using full alpha [2, 9, 1, 1] with unstable size None total_size 9 output_shape 9
layer /11 using sparse-features alpha with shape [0]; unstable size 0; total size 32 ([1, 32])
layer /11 start_node /12 using full alpha [2, 9, 1, 0] with unstable size None total_size 9 output_shape 9
Optimizable variables initialized.
initial CROWN bounds (first 10 items): [0.6685153245925903, 0.5039114952087402, 0.3097010850906372, 0.5040836930274963, 0.4558292627334595, 0.15897220373153687, 0.04690134525299072, 0.10656587034463882, 0.1292433738708496]
Verified with initial CROWN!
verified with init bound!
Result: safe-incomplete in 0.3636 seconds
############# Summary #############
Final verified acc: 80.0% (total 5 examples)
Problem instances count: 5 , total verified (safe/unsat): 4 , total falsified (unsafe/sat): 1 , timeout: 0
mean time for ALL instances (total 5):0.2742341278928282, max time: 0.3635523319244385
mean time for verified SAFE instances(total 4): 0.3420218229293823, max time: 0.3635523319244385
mean time for verified (SAFE + UNSAFE) instances (total 5): 0.274234676361084, max time: 0.3635523319244385
mean time for verified UNSAFE instances (total 1): 0.003086090087890625, max time: 0.003086090087890625
safe-incomplete (total 4), index: [0, 2, 3, 4]
unsafe-pgd (total 1), index: [1]

=== STDERR ===
D:\ABCROWN\alpha-beta-CROWN\complete_verifier\specifications.py:342: UserWarning: Creating a tensor from a list of numpy.ndarrays is extremely slow. Please consider converting the list to a single numpy.ndarray with numpy.array() before converting to a tensor. (Triggered internally at C:\actions-runner\_work\pytorch\pytorch\pytorch\torch\csrc\utils\tensor_new.cpp:256.)
  x_range_list = torch.Tensor(x_range_list).to(dtype=dtype, device=device).view(input_shape + [2])

  0%|          | 0/100 [00:00<?, ?it/s]
 33%|©Ć©Ć©Ć©å      | 33/100 [00:00<00:00, 326.96it/s]
 72%|©Ć©Ć©Ć©Ć©Ć©Ć©Ć©ć  | 72/100 [00:00<00:00, 360.27it/s]
100%|©Ć©Ć©Ć©Ć©Ć©Ć©Ć©Ć©Ć©Ć| 100/100 [00:00<00:00, 357.41it/s]

  0%|          | 0/100 [00:00<?, ?it/s]
 34%|©Ć©Ć©Ć©ģ      | 34/100 [00:00<00:00, 339.77it/s]
 71%|©Ć©Ć©Ć©Ć©Ć©Ć©Ć   | 71/100 [00:00<00:00, 351.88it/s]
100%|©Ć©Ć©Ć©Ć©Ć©Ć©Ć©Ć©Ć©Ć| 100/100 [00:00<00:00, 327.44it/s]

  0%|          | 0/100 [00:00<?, ?it/s]
 33%|©Ć©Ć©Ć©å      | 33/100 [00:00<00:00, 325.54it/s]
 66%|©Ć©Ć©Ć©Ć©Ć©Ć©ä   | 66/100 [00:00<00:00, 324.63it/s]
 99%|©Ć©Ć©Ć©Ć©Ć©Ć©Ć©Ć©Ć©ü| 99/100 [00:00<00:00, 320.91it/s]
100%|©Ć©Ć©Ć©Ć©Ć©Ć©Ć©Ć©Ć©Ć| 100/100 [00:00<00:00, 321.88it/s]

  0%|          | 0/100 [00:00<?, ?it/s]
 23%|©Ć©Ć©å       | 23/100 [00:00<00:00, 222.31it/s]
 52%|©Ć©Ć©Ć©Ć©Ć©ć    | 52/100 [00:00<00:00, 260.67it/s]
 87%|©Ć©Ć©Ć©Ć©Ć©Ć©Ć©Ć©ā | 87/100 [00:00<00:00, 299.51it/s]
100%|©Ć©Ć©Ć©Ć©Ć©Ć©Ć©Ć©Ć©Ć| 100/100 [00:00<00:00, 291.95it/s]

=== VERIFICATION END: 2026-06-27 19:39:11 ===
