=== VERIFICATION START: 2026-06-27 19:38:58 ===
Model: MNIST_simple_final_ibp_eps1
Epsilon: 0.01
Config file: D:\ABCROWN\alpha-beta-CROWN\complete_verifier\my_verify\spsa_training\config\MNIST_simple_final_ibp_eps1.yaml

=== STDOUT ===
Configurations:

general:
  device: cpu
  seed: 100
  conv_mode: patches
  deterministic: false
  double_fp: false
  loss_reduction_func: sum
  sparse_alpha: true
  sparse_interm: true
  save_adv_example: false
  verify_onnxruntime_output: false
  eval_adv_example: false
  onnx_adv_example: false
  show_adv_example: false
  precompile_jit: false
  reset_seed_after_precompile: false
  prepare_only: false
  complete_verifier: bab
  enable_incomplete_verification: true
  csv_name: null
  results_file: out.txt
  root_path: ''
  deterministic_opt: false
  graph_optimizer: 'Customized("custom_graph_optimizer", "default_optimizer")'
  buffer_has_batchdim: false
  save_output: false
  output_file: out.pkl
  return_optimized_model: false
  store_all_specs_on_cpu: false
  adhoc_tuning: null
model:
  name: spsa_training_mlp
  path: models/my_models/spsa_training/MNIST_simple_final_ibp.pt
  onnx_path: null
  onnx_path_prefix: ''
  cache_onnx_conversion: false
  debug_onnx: false
  onnx_quirks: null
  input_shape: null
  onnx_loader: default_onnx_and_vnnlib_loader
  onnx_optimization_flags: []
  onnx_vnnlib_joint_optimization_flags: none
  check_optimized: false
  flatten_final_output: false
  optimize_graph: null
  with_jacobian: false
  bound_opts: null
data:
  start: 0
  end: 5
  select_instance: null
  num_outputs: 10
  mean: [0.0]
  std: [1.0]
  pkl_path: null
  dataset: MNIST
  data_filter_path: null
  data_idx_file: null
specification:
  type: lp
  robustness_type: verified-acc
  norm: .inf
  epsilon: 0.01
  epsilon_min: 0.0
  vnnlib_path: null
  vnnlib_path_prefix: ''
  shrink_eps: null
  rhs_offset: null
solver:
  batch_size: 1024
  auto_enlarge_batch_size: true
  batched_crown_auto_enlarge_max_vram_ratio: 0.9
  min_batch_size_ratio: 0.1
  use_float64_in_last_iteration: false
  early_stop_patience: 10
  start_save_best: 0.5
  bound_prop_method: alpha-crown
  init_bound_prop_method: same
  prune_after_crown: true
  optimize_disjuncts_separately: false
  build_batch_size: 1000000
  skip_with_refined_bound: true
  forward_before_compute_bounds: false
  crown:
    batch_size: 1000000000
    max_crown_size: 1000000000
    activation_bound_option: adaptive
    compare_crown_with_ibp: false
  alpha-crown:
    alpha: true
    lr_alpha: 0.1
    iteration: 100
    share_alphas: false
    lr_decay: 0.98
    full_conv_alpha: true
    max_coeff_mul: .inf
    matmul_share_alphas: false
    disable_optimization: []
    max_time: 1.0
    alpha_dtype: float16
    input_split_alpha_iteration: 5
    input_split_lr_alpha: 0.05
  invprop:
    apply_output_constraints_to: []
    tighten_input_bounds: false
    best_of_oc_and_no_oc: false
    directly_optimize: []
    oc_lr: 0.1
    share_gammas: false
  beta-crown:
    lr_alpha: 0.01
    lr_beta: 0.05
    lr_decay: 0.98
    optimizer: adam
    iteration: 20
    beta: true
    beta_warmup: true
    enable_opt_interm_bounds: false
    all_node_split_LP: false
  forward:
    refine: false
    max_dim: 10000
    reset_threshold: 1.0
  mip:
    unstable_neuron_threshold: 0
    parallel_solvers: null
    solver_threads: 1
    refine_neuron_timeout: 15
    refine_neuron_time_percentage: 0.8
    early_stop: true
    adv_warmup: true
    mip_solver: gurobi
    skip_unsafe: false
    topk_filter: 1.0
    sliding_window: -1
    extra_constraint: false
    refine_neuron_timeout_increasement: 0
    timeout_neuron_percentage: 0.3
    remaining_timeout_threshold: 1
    remove_unstable_neurons: false
    formulation: mip
    output_cut: false
bab:
  max_domains: .inf
  decision_thresh: 0
  timeout: 120
  timeout_scale: 1
  max_iterations: -1
  override_timeout: null
  get_upper_bound: false
  pruning_in_iteration: true
  pruning_in_iteration_ratio: 0.2
  sort_targets: false
  batched_domain_list: true
  optimized_interm: ''
  interm_transfer: true
  recompute_interm: false
  sort_domain_interval: -1
  vanilla_crown: false
  tree_traversal: depth_first
  hugetensor_allocator: true
  cut:
    enabled: false
    cuts_path: null
    bab_cut: false
    lp_cut: false
    lr: 0.01
    lr_decay: 1.0
    iteration: 100
    bab_iteration: -1
    early_stop_patience: -1
    lr_beta: 0.02
    number_cuts: 50
    topk_cuts_in_filter: 1000
    batch_size_primal: 100
    max_num: 1000000000
    patches_cut: false
    cplex_cuts: false
    cplex_cuts_wait: 0
    cplex_cuts_revpickup: true
    cut_reference_bounds: true
    fix_intermediate_bounds: false
    manual_cuts: null
    biccos:
      enabled: false
      auto_param: true
      constraint_strengthening: true
      drop_ratio: 0.5
      max_infer_iter: 20
      max_domain: 10000.0
      heuristic: neuron_influence_score
      save_cuts: false
      multi_tree_branching:
        enabled: false
        restore_best_tree: true
        keep_n_best_domains: 50
        target_batch_size: 200
        iterations: 3
  clip_n_verify:
    rearrange_constraints: false
    alpha_crown: false
    prune: false
    final_layer: false
    clip_input_domain:
      enabled: false
      clip_type: relaxed
      clip_neuron_selection_type: ratio
      clip_neuron_selection_value: -1.0
      clip_iterations: 1
      clip_calculate_volume_metrics: false
    clip_interm_domain:
      enabled: false
      with_input: false
      clip_in_alpha_crown: false
      topk_objective: 20
  branching:
    method: kfsb
    candidates: 3
    reduceop: min
    enable_intermediate_bound_opt: false
    branching_input_and_activation: false
    branching_input_and_activation_order: [input, relu]
    branching_input_iterations: 30
    branching_relu_iterations: 50
    nonlinear_split:
      method: bbps
      disable: false
      branching_point_method: uniform
      num_branches: 2
      filter: false
      filter_beta: false
      filter_clamp: false
      filter_batch_size: 10000
      filter_iterations: 25
      relu_only: false
      loose_tanh_threshold: null
      branching_point:
        db_path: branching_points.pt
        num_iterations: 1000
        batch_size: 1000000
        range_l: -5.0
        range_u: 5.0
        log_interval: 100
        step_size_1d: 0.01
        step_size: 0.2
    input_split:
      split_hint: null
      enable: false
      reorder_bab: false
      input_dim_threshold: 20
      adv_check: 0
      split_partitions: 2
      sb_margin_weight: 1.0
      sb_sum: false
      sb_primary_spec: null
      bf_backup_thresh: -1
      bf_rhs_offset: 0
      bf_iters: 1000000000.0
      bf_batch_size: 100000
      bf_zero_crossing_score: false
      touch_zero_score: 0
      ibp_enhancement: true
      compare_with_old_bounds: true
      update_rhs_with_attack: false
      sb_coeff_thresh: 0.001
      sort_index: null
      sort_descending: true
      show_progress: false
      presplit_domains: null
      skip_getting_worst_domain: false
  attack:
    enabled: false
    beam_candidates: 8
    beam_depth: 7
    max_dive_fix_ratio: 0.8
    min_local_free_ratio: 0.2
    mip_start_iteration: 5
    mip_timeout: 30.0
    adv_pool_threshold: null
    refined_mip_attacker: false
    refined_batch_size: null
attack:
  general_attack: true
  pgd_order: before
  pgd_steps: 100
  pgd_restarts: 10
  pgd_batch_size: 100000000
  pgd_early_stop: true
  pgd_lr_decay: 0.99
  pgd_alpha: auto
  pgd_alpha_scale: false
  pgd_loss_mode: null
  pgd_restart_when_stuck: false
  enable_mip_attack: false
  adv_saver: default_adv_saver
  adv_verifier: default_adv_verifier
  early_stop_condition: default_early_stop_condition
  adv_example_finalizer: default_adv_example_finalizer
  pgd_loss: default_pgd_loss
  cex_path: ./test_cex.txt
  attack_mode: PGD
  attack_tolerance: 0.0
  attack_func: attack_with_general_specs
  gama_lambda: 10.0
  gama_decay: 0.9
  input_split:
    pgd_steps: 100
    pgd_restarts: 30
    pgd_alpha: auto
  input_split_check_adv:
    enabled: auto
    pgd_steps: 5
    pgd_restarts: 5
    pgd_alpha: auto
    max_num_domains: 10
debug:
  view_model: false
  lp_test: null
  rescale_vnnlib_ptb: null
  test_optimized_bounds: false
  test_optimized_bounds_after_n_iterations: 0
  print_verbose_decisions: false
  biccos_mip_sanity_check: false
  sanity_check: 0
  z_split_enabled: false
  save_minimal_config: null
  save_minimal_config_omit_keys: []

Experiments at Sat Jun 27 19:38:49 2026 on QHS
Sequential(
  (flatten): Flatten(start_dim=1, end_dim=-1)
  (layers): Sequential(
    (0): Linear(in_features=784, out_features=64, bias=True)
    (1): ReLU()
    (2): Linear(in_features=64, out_features=32, bias=True)
    (3): ReLU()
    (4): Linear(in_features=32, out_features=10, bias=True)
  )
)
Parameters:
  layers.0.weight: shape torch.Size([64, 784])
  layers.0.bias: shape torch.Size([64])
  layers.2.weight: shape torch.Size([32, 64])
  layers.2.bias: shape torch.Size([32])
  layers.4.weight: shape torch.Size([10, 32])
  layers.4.bias: shape torch.Size([10])
Trying generic MNIST/CIFAR data loader.
Internal results will be saved to out.txt.

 %%%%%%%%%%%%%%%%%%%%%%%%%%%%%%%%%%% idx: 0, vnnlib ID: 0 %%%%%%%%%%%%%%%%%%%%%%%%%%%%%%%%%%%
Finished vnnlib processing in 0.001509 seconds
Attack parameters: initialization=uniform, steps=100, restarts=10, alpha=0.0025000013411045074, GAMA=False
PGD attack margin (first 2 examples and 10 specs):
 tensor([[1.73394036, 1.62270296, 1.51453245, 1.36780643, 1.65332127, 1.56527376,
         1.54247868, 1.48322868, 1.65882885]])
Total number of violation:  0
Processing batch 1/1...
PGD attack margin (first 2 examples and 10 specs):
 tensor([[1.70043933, 1.59870982, 1.47365606, 1.32534587, 1.62825072, 1.52239645,
         1.51761246, 1.44148517, 1.63360143]])
Total number of violation:  0
Attack finished in 0.3641 seconds.
PGD attack failed
verified_status unknown
verified_success False
Model: BoundedModule(
  (/0): BoundInput(name=/0, inputs=[], perturbed=True)
  (/1): BoundParams(name=/1, inputs=[], perturbed=False)
  (/2): BoundParams(name=/2, inputs=[], perturbed=False)
  (/3): BoundParams(name=/3, inputs=[], perturbed=False)
  (/4): BoundParams(name=/4, inputs=[], perturbed=False)
  (/5): BoundParams(name=/5, inputs=[], perturbed=False)
  (/6): BoundParams(name=/6, inputs=[], perturbed=False)
  (/7): BoundFlatten(name=/7, inputs=[/0], perturbed=True)
  (/input): BoundLinear(name=/input, inputs=[/7, /1, /2], perturbed=True)
  (/9): BoundRelu(name=/9, inputs=[/input], perturbed=True)
  (/input-3): BoundLinear(name=/input-3, inputs=[/9, /3, /4], perturbed=True)
  (/11): BoundRelu(name=/11, inputs=[/input-3], perturbed=True)
  (/12): BoundLinear(name=/12, inputs=[/11, /5, /6], perturbed=True)
)
Original output in the first batch: tensor([[-0.10565398,  0.00574313,  0.11699387,  0.26400596, -0.02509877,
          0.06439341,  0.08600570,  1.63565803,  0.15043972, -0.03038402]])
Split layers:
Nonlinear functions:
   BoundRelu(name=/9, inputs=[/input], perturbed=True)
   BoundRelu(name=/11, inputs=[/input-3], perturbed=True)
build batch [1/1]
layer /9 using sparse-features alpha with shape [1]; unstable size 1; total size 64 ([1, 64])
layer /9 start_node /12 using full alpha [2, 9, 1, 1] with unstable size None total_size 9 output_shape 9
layer /11 using sparse-features alpha with shape [0]; unstable size 0; total size 32 ([1, 32])
layer /11 start_node /12 using full alpha [2, 9, 1, 0] with unstable size None total_size 9 output_shape 9
Optimizable variables initialized.
initial CROWN bounds (first 10 items): [1.700439214706421, 1.5987095832824707, 1.473427653312683, 1.3253458738327026, 1.6282503604888916, 1.5209695100784302, 1.517541527748108, 1.4414854049682617, 1.6336016654968262]
Verified with initial CROWN!
verified with init bound!
Result: safe-incomplete in 0.4068 seconds

 %%%%%%%%%%%%%%%%%%%%%%%%%%%%%%%%%%% idx: 1, vnnlib ID: 1 %%%%%%%%%%%%%%%%%%%%%%%%%%%%%%%%%%%
Finished vnnlib processing in 0.000952 seconds
Attack parameters: initialization=uniform, steps=100, restarts=10, alpha=0.0025000013411045074, GAMA=False
PGD attack margin (first 2 examples and 10 specs):
 tensor([[ 1.01439059,  1.02377868,  0.61481553,  0.97898716,  0.50488824,
         -0.00120497,  0.92059773,  0.61527634,  1.00470424]])
Total number of violation:  1
Clean input adversarial, attack skipped.

Checking and Saving Counterexample in check_and_save_cex

verified_status unsafe-pgd
verified_success True
Result: unsafe-pgd in 0.0030 seconds

 %%%%%%%%%%%%%%%%%%%%%%%%%%%%%%%%%%% idx: 2, vnnlib ID: 2 %%%%%%%%%%%%%%%%%%%%%%%%%%%%%%%%%%%
Finished vnnlib processing in 0.000999 seconds
Attack parameters: initialization=uniform, steps=100, restarts=10, alpha=0.0025000013411045074, GAMA=False
PGD attack margin (first 2 examples and 10 specs):
 tensor([[1.57888937, 1.08839798, 1.20096838, 1.34300554, 1.25675631, 0.98828423,
         1.08880210, 1.11774909, 1.35005689]])
Total number of violation:  0
Processing batch 1/1...
PGD attack margin (first 2 examples and 10 specs):
 tensor([[1.53122532, 1.02874637, 1.13726115, 1.29725635, 1.19441080, 0.92098963,
         1.03328502, 1.05251753, 1.30427241]])
Total number of violation:  0
Attack finished in 0.2865 seconds.
PGD attack failed
verified_status unknown
verified_success False
Model: BoundedModule(
  (/0): BoundInput(name=/0, inputs=[], perturbed=True)
  (/1): BoundParams(name=/1, inputs=[], perturbed=False)
  (/2): BoundParams(name=/2, inputs=[], perturbed=False)
  (/3): BoundParams(name=/3, inputs=[], perturbed=False)
  (/4): BoundParams(name=/4, inputs=[], perturbed=False)
  (/5): BoundParams(name=/5, inputs=[], perturbed=False)
  (/6): BoundParams(name=/6, inputs=[], perturbed=False)
  (/7): BoundFlatten(name=/7, inputs=[/0], perturbed=True)
  (/input): BoundLinear(name=/input, inputs=[/7, /1, /2], perturbed=True)
  (/9): BoundRelu(name=/9, inputs=[/input], perturbed=True)
  (/input-3): BoundLinear(name=/input-3, inputs=[/9, /3, /4], perturbed=True)
  (/11): BoundRelu(name=/11, inputs=[/input-3], perturbed=True)
  (/12): BoundLinear(name=/12, inputs=[/11, /5, /6], perturbed=True)
)
Original output in the first batch: tensor([[-0.22056262,  1.35452890,  0.27466896,  0.16258658,  0.01641625,
          0.10466787,  0.37538582,  0.27000061,  0.24989294,  0.00960475]])
Split layers:
Nonlinear functions:
   BoundRelu(name=/9, inputs=[/input], perturbed=True)
   BoundRelu(name=/11, inputs=[/input-3], perturbed=True)
build batch [1/1]
layer /9 using sparse-features alpha with shape [0]; unstable size 0; total size 64 ([1, 64])
layer /9 start_node /12 using full alpha [2, 9, 1, 0] with unstable size None total_size 9 output_shape 9
layer /11 using sparse-features alpha with shape [0]; unstable size 0; total size 32 ([1, 32])
layer /11 start_node /12 using full alpha [2, 9, 1, 0] with unstable size None total_size 9 output_shape 9
Optimizable variables initialized.
initial CROWN bounds (first 10 items): [1.5312252044677734, 1.0287466049194336, 1.1372612714767456, 1.2972562313079834, 1.1944109201431274, 0.9209896922111511, 1.033285140991211, 1.0525174140930176, 1.3042724132537842]
Verified with initial CROWN!
verified with init bound!
Result: safe-incomplete in 0.3068 seconds

 %%%%%%%%%%%%%%%%%%%%%%%%%%%%%%%%%%% idx: 3, vnnlib ID: 3 %%%%%%%%%%%%%%%%%%%%%%%%%%%%%%%%%%%
Finished vnnlib processing in 0.001011 seconds
Attack parameters: initialization=uniform, steps=100, restarts=10, alpha=0.0025000013411045074, GAMA=False
PGD attack margin (first 2 examples and 10 specs):
 tensor([[1.98013449, 1.76557887, 1.87152922, 1.85094178, 1.69236457, 1.26013494,
         1.25284123, 1.85382164, 1.81919324]])
Total number of violation:  0
Processing batch 1/1...
PGD attack margin (first 2 examples and 10 specs):
 tensor([[1.92910898, 1.71717393, 1.82414007, 1.80223644, 1.62933922, 1.18514991,
         1.17659044, 1.80474734, 1.77021229]])
Total number of violation:  0
Attack finished in 0.2727 seconds.
PGD attack failed
verified_status unknown
verified_success False
Model: BoundedModule(
  (/0): BoundInput(name=/0, inputs=[], perturbed=True)
  (/1): BoundParams(name=/1, inputs=[], perturbed=False)
  (/2): BoundParams(name=/2, inputs=[], perturbed=False)
  (/3): BoundParams(name=/3, inputs=[], perturbed=False)
  (/4): BoundParams(name=/4, inputs=[], perturbed=False)
  (/5): BoundParams(name=/5, inputs=[], perturbed=False)
  (/6): BoundParams(name=/6, inputs=[], perturbed=False)
  (/7): BoundFlatten(name=/7, inputs=[/0], perturbed=True)
  (/input): BoundLinear(name=/input, inputs=[/7, /1, /2], perturbed=True)
  (/9): BoundRelu(name=/9, inputs=[/input], perturbed=True)
  (/input-3): BoundLinear(name=/input-3, inputs=[/9, /3, /4], perturbed=True)
  (/11): BoundRelu(name=/11, inputs=[/input-3], perturbed=True)
  (/12): BoundLinear(name=/12, inputs=[/11, /5, /6], perturbed=True)
)
Original output in the first batch: tensor([[ 1.89721417, -0.10057802,  0.11595598,  0.00955523,  0.02963790,
          0.18826647,  0.62509298,  0.62884605,  0.02670301,  0.06176345]])
Split layers:
Nonlinear functions:
   BoundRelu(name=/9, inputs=[/input], perturbed=True)
   BoundRelu(name=/11, inputs=[/input-3], perturbed=True)
build batch [1/1]
layer /9 using sparse-features alpha with shape [0]; unstable size 0; total size 64 ([1, 64])
layer /9 start_node /input-3 using sparse-spec alpha [2, 2, 1, 0] with unstable size 1 total_size 32 output_shape torch.Size([32])
layer /9 start_node /12 using full alpha [2, 9, 1, 0] with unstable size None total_size 9 output_shape 9
layer /11 using sparse-features alpha with shape [1]; unstable size 1; total size 32 ([1, 32])
layer /11 start_node /12 using full alpha [2, 9, 1, 1] with unstable size None total_size 9 output_shape 9
Optimizable variables initialized.
initial CROWN bounds (first 10 items): [1.9285852909088135, 1.7170169353485107, 1.823979377746582, 1.8012810945510864, 1.6283271312713623, 1.1841750144958496, 1.1743701696395874, 1.804526448249817, 1.7696486711502075]
Verified with initial CROWN!
verified with init bound!
Result: safe-incomplete in 0.3050 seconds

 %%%%%%%%%%%%%%%%%%%%%%%%%%%%%%%%%%% idx: 4, vnnlib ID: 4 %%%%%%%%%%%%%%%%%%%%%%%%%%%%%%%%%%%
Finished vnnlib processing in 0.000877 seconds
Attack parameters: initialization=uniform, steps=100, restarts=10, alpha=0.0025000013411045074, GAMA=False
PGD attack margin (first 2 examples and 10 specs):
 tensor([[0.76375973, 0.59400558, 0.46039143, 0.59578001, 0.54639786, 0.31427389,
         0.18684939, 0.25040802, 0.16068003]])
Total number of violation:  0
Processing batch 1/1...
PGD attack margin (first 2 examples and 10 specs):
 tensor([[0.73844087, 0.56942636, 0.41328368, 0.57074910, 0.52171183, 0.26809883,
         0.14288810, 0.20418841, 0.15444177]])
Total number of violation:  0
Attack finished in 0.3206 seconds.
PGD attack failed
verified_status unknown
verified_success False
Model: BoundedModule(
  (/0): BoundInput(name=/0, inputs=[], perturbed=True)
  (/1): BoundParams(name=/1, inputs=[], perturbed=False)
  (/2): BoundParams(name=/2, inputs=[], perturbed=False)
  (/3): BoundParams(name=/3, inputs=[], perturbed=False)
  (/4): BoundParams(name=/4, inputs=[], perturbed=False)
  (/5): BoundParams(name=/5, inputs=[], perturbed=False)
  (/6): BoundParams(name=/6, inputs=[], perturbed=False)
  (/7): BoundFlatten(name=/7, inputs=[/0], perturbed=True)
  (/input): BoundLinear(name=/input, inputs=[/7, /1, /2], perturbed=True)
  (/9): BoundRelu(name=/9, inputs=[/input], perturbed=True)
  (/input-3): BoundLinear(name=/input-3, inputs=[/9, /3, /4], perturbed=True)
  (/11): BoundRelu(name=/11, inputs=[/input-3], perturbed=True)
  (/12): BoundLinear(name=/12, inputs=[/11, /5, /6], perturbed=True)
)
Original output in the first batch: tensor([[-1.68599889e-01,  2.29901075e-03,  1.39521599e-01,  5.86207956e-04,
          5.97878873e-01,  4.98423874e-02,  2.86299288e-01,  4.09687221e-01,
          3.52955341e-01,  4.36924458e-01]])
Split layers:
Nonlinear functions:
   BoundRelu(name=/9, inputs=[/input], perturbed=True)
   BoundRelu(name=/11, inputs=[/input-3], perturbed=True)
build batch [1/1]
layer /9 using sparse-features alpha with shape [0]; unstable size 0; total size 64 ([1, 64])
layer /9 start_node /12 using full alpha [2, 9, 1, 0] with unstable size None total_size 9 output_shape 9
layer /11 using sparse-features alpha with shape [0]; unstable size 0; total size 32 ([1, 32])
layer /11 start_node /12 using full alpha [2, 9, 1, 0] with unstable size None total_size 9 output_shape 9
Optimizable variables initialized.
initial CROWN bounds (first 10 items): [0.7384408712387085, 0.5694263577461243, 0.4132836163043976, 0.570749044418335, 0.5217117071151733, 0.2680988311767578, 0.14288824796676636, 0.20418846607208252, 0.15444183349609375]
Verified with initial CROWN!
verified with init bound!
Result: safe-incomplete in 0.3377 seconds
############# Summary #############
Final verified acc: 80.0% (total 5 examples)
Problem instances count: 5 , total verified (safe/unsat): 4 , total falsified (unsafe/sat): 1 , timeout: 0
mean time for ALL instances (total 5):0.27186234461149245, max time: 0.40679216384887695
mean time for verified SAFE instances(total 4): 0.3390830159187317, max time: 0.40679216384887695
mean time for verified (SAFE + UNSAFE) instances (total 5): 0.27186288833618166, max time: 0.40679216384887695
mean time for verified UNSAFE instances (total 1): 0.0029823780059814453, max time: 0.0029823780059814453
safe-incomplete (total 4), index: [0, 2, 3, 4]
unsafe-pgd (total 1), index: [1]

=== STDERR ===
D:\ABCROWN\alpha-beta-CROWN\complete_verifier\specifications.py:342: UserWarning: Creating a tensor from a list of numpy.ndarrays is extremely slow. Please consider converting the list to a single numpy.ndarray with numpy.array() before converting to a tensor. (Triggered internally at C:\actions-runner\_work\pytorch\pytorch\pytorch\torch\csrc\utils\tensor_new.cpp:256.)
  x_range_list = torch.Tensor(x_range_list).to(dtype=dtype, device=device).view(input_shape + [2])

  0%|          | 0/100 [00:00<?, ?it/s]
 28%|¨€¨€¨‚       | 28/100 [00:00<00:00, 277.39it/s]
 56%|¨€¨€¨€¨€¨€¨„    | 56/100 [00:00<00:00, 265.83it/s]
 85%|¨€¨€¨€¨€¨€¨€¨€¨€¨„ | 85/100 [00:00<00:00, 276.13it/s]
100%|¨€¨€¨€¨€¨€¨€¨€¨€¨€¨€| 100/100 [00:00<00:00, 280.50it/s]

  0%|          | 0/100 [00:00<?, ?it/s]
 36%|¨€¨€¨€¨„      | 36/100 [00:00<00:00, 355.68it/s]
 72%|¨€¨€¨€¨€¨€¨€¨€¨‡  | 72/100 [00:00<00:00, 355.38it/s]
100%|¨€¨€¨€¨€¨€¨€¨€¨€¨€¨€| 100/100 [00:00<00:00, 354.12it/s]

  0%|          | 0/100 [00:00<?, ?it/s]
 32%|¨€¨€¨€¨‡      | 32/100 [00:00<00:00, 319.73it/s]
 73%|¨€¨€¨€¨€¨€¨€¨€¨†  | 73/100 [00:00<00:00, 367.89it/s]
100%|¨€¨€¨€¨€¨€¨€¨€¨€¨€¨€| 100/100 [00:00<00:00, 372.21it/s]

  0%|          | 0/100 [00:00<?, ?it/s]
 27%|¨€¨€¨ƒ       | 27/100 [00:00<00:00, 269.20it/s]
 60%|¨€¨€¨€¨€¨€¨€    | 60/100 [00:00<00:00, 302.91it/s]
 96%|¨€¨€¨€¨€¨€¨€¨€¨€¨€¨„| 96/100 [00:00<00:00, 326.11it/s]
100%|¨€¨€¨€¨€¨€¨€¨€¨€¨€¨€| 100/100 [00:00<00:00, 316.86it/s]

=== VERIFICATION END: 2026-06-27 19:38:58 ===
